
*** Running vivado
    with args -log pow_3.vds -m64 -product Vivado -mode batch -messageDb vivado.pb -notrace -source pow_3.tcl


****** Vivado v2018.3 (64-bit)
  **** SW Build 2405991 on Thu Dec  6 23:38:27 MST 2018
  **** IP Build 2404404 on Fri Dec  7 01:43:56 MST 2018
    ** Copyright 1986-2018 Xilinx, Inc. All Rights Reserved.

source pow_3.tcl -notrace
Command: synth_design -top pow_3 -part xc7a15tcpg236-1
Starting synth_design
Attempting to get a license for feature 'Synthesis' and/or device 'xc7a15t'
INFO: [Common 17-349] Got license for feature 'Synthesis' and/or device 'xc7a15t'
INFO: Launching helper process for spawning children vivado processes
INFO: Helper process launched with PID 11600 
---------------------------------------------------------------------------------
Starting RTL Elaboration : Time (s): cpu = 00:00:02 ; elapsed = 00:00:03 . Memory (MB): peak = 441.164 ; gain = 97.629
---------------------------------------------------------------------------------
INFO: [Synth 8-638] synthesizing module 'pow_3' [C:/Users/eeyaa63/Downloads/EEEE4123/Lab5/Lab5.srcs/sources_1/imports/Lab/pow_3.vhd:14]
INFO: [Synth 8-638] synthesizing module 'mul_q' [C:/Users/eeyaa63/Downloads/EEEE4123/Lab5/Lab5.srcs/sources_1/imports/Downloads/mul_q.vhd:13]
	Parameter N bound to: 16 - type: integer 
INFO: [Synth 8-256] done synthesizing module 'mul_q' (1#1) [C:/Users/eeyaa63/Downloads/EEEE4123/Lab5/Lab5.srcs/sources_1/imports/Downloads/mul_q.vhd:13]
INFO: [Synth 8-638] synthesizing module 'adder_so_sat' [C:/Users/eeyaa63/Downloads/EEEE4123/Lab5/Lab5.srcs/sources_1/imports/Downloads/adder_so_sat.vhd:14]
	Parameter N bound to: 16 - type: integer 
INFO: [Synth 8-256] done synthesizing module 'adder_so_sat' (2#1) [C:/Users/eeyaa63/Downloads/EEEE4123/Lab5/Lab5.srcs/sources_1/imports/Downloads/adder_so_sat.vhd:14]
WARNING: [Synth 8-3848] Net y3 in module/entity pow_3 does not have driver. [C:/Users/eeyaa63/Downloads/EEEE4123/Lab5/Lab5.srcs/sources_1/imports/Lab/pow_3.vhd:16]
WARNING: [Synth 8-3848] Net y2 in module/entity pow_3 does not have driver. [C:/Users/eeyaa63/Downloads/EEEE4123/Lab5/Lab5.srcs/sources_1/imports/Lab/pow_3.vhd:16]
INFO: [Synth 8-256] done synthesizing module 'pow_3' (3#1) [C:/Users/eeyaa63/Downloads/EEEE4123/Lab5/Lab5.srcs/sources_1/imports/Lab/pow_3.vhd:14]
---------------------------------------------------------------------------------
Finished RTL Elaboration : Time (s): cpu = 00:00:02 ; elapsed = 00:00:03 . Memory (MB): peak = 497.711 ; gain = 154.176
---------------------------------------------------------------------------------

Report Check Netlist: 
+------+------------------+-------+---------+-------+------------------+
|      |Item              |Errors |Warnings |Status |Description       |
+------+------------------+-------+---------+-------+------------------+
|1     |multi_driven_nets |      0|        0|Passed |Multi driven nets |
+------+------------------+-------+---------+-------+------------------+
WARNING: [Synth 8-3295] tying undriven pin mul1:m2[15] to constant 0 [C:/Users/eeyaa63/Downloads/EEEE4123/Lab5/Lab5.srcs/sources_1/imports/Lab/pow_3.vhd:45]
WARNING: [Synth 8-3295] tying undriven pin mul1:m2[14] to constant 0 [C:/Users/eeyaa63/Downloads/EEEE4123/Lab5/Lab5.srcs/sources_1/imports/Lab/pow_3.vhd:45]
WARNING: [Synth 8-3295] tying undriven pin mul1:m2[13] to constant 0 [C:/Users/eeyaa63/Downloads/EEEE4123/Lab5/Lab5.srcs/sources_1/imports/Lab/pow_3.vhd:45]
WARNING: [Synth 8-3295] tying undriven pin mul1:m2[12] to constant 0 [C:/Users/eeyaa63/Downloads/EEEE4123/Lab5/Lab5.srcs/sources_1/imports/Lab/pow_3.vhd:45]
WARNING: [Synth 8-3295] tying undriven pin mul1:m2[11] to constant 0 [C:/Users/eeyaa63/Downloads/EEEE4123/Lab5/Lab5.srcs/sources_1/imports/Lab/pow_3.vhd:45]
WARNING: [Synth 8-3295] tying undriven pin mul1:m2[10] to constant 0 [C:/Users/eeyaa63/Downloads/EEEE4123/Lab5/Lab5.srcs/sources_1/imports/Lab/pow_3.vhd:45]
WARNING: [Synth 8-3295] tying undriven pin mul1:m2[9] to constant 0 [C:/Users/eeyaa63/Downloads/EEEE4123/Lab5/Lab5.srcs/sources_1/imports/Lab/pow_3.vhd:45]
WARNING: [Synth 8-3295] tying undriven pin mul1:m2[8] to constant 0 [C:/Users/eeyaa63/Downloads/EEEE4123/Lab5/Lab5.srcs/sources_1/imports/Lab/pow_3.vhd:45]
WARNING: [Synth 8-3295] tying undriven pin mul1:m2[7] to constant 0 [C:/Users/eeyaa63/Downloads/EEEE4123/Lab5/Lab5.srcs/sources_1/imports/Lab/pow_3.vhd:45]
WARNING: [Synth 8-3295] tying undriven pin mul1:m2[6] to constant 0 [C:/Users/eeyaa63/Downloads/EEEE4123/Lab5/Lab5.srcs/sources_1/imports/Lab/pow_3.vhd:45]
WARNING: [Synth 8-3295] tying undriven pin mul1:m2[5] to constant 0 [C:/Users/eeyaa63/Downloads/EEEE4123/Lab5/Lab5.srcs/sources_1/imports/Lab/pow_3.vhd:45]
WARNING: [Synth 8-3295] tying undriven pin mul1:m2[4] to constant 0 [C:/Users/eeyaa63/Downloads/EEEE4123/Lab5/Lab5.srcs/sources_1/imports/Lab/pow_3.vhd:45]
WARNING: [Synth 8-3295] tying undriven pin mul1:m2[3] to constant 0 [C:/Users/eeyaa63/Downloads/EEEE4123/Lab5/Lab5.srcs/sources_1/imports/Lab/pow_3.vhd:45]
WARNING: [Synth 8-3295] tying undriven pin mul1:m2[2] to constant 0 [C:/Users/eeyaa63/Downloads/EEEE4123/Lab5/Lab5.srcs/sources_1/imports/Lab/pow_3.vhd:45]
WARNING: [Synth 8-3295] tying undriven pin mul1:m2[1] to constant 0 [C:/Users/eeyaa63/Downloads/EEEE4123/Lab5/Lab5.srcs/sources_1/imports/Lab/pow_3.vhd:45]
WARNING: [Synth 8-3295] tying undriven pin mul1:m2[0] to constant 0 [C:/Users/eeyaa63/Downloads/EEEE4123/Lab5/Lab5.srcs/sources_1/imports/Lab/pow_3.vhd:45]
---------------------------------------------------------------------------------
Start Handling Custom Attributes
---------------------------------------------------------------------------------
---------------------------------------------------------------------------------
Finished Handling Custom Attributes : Time (s): cpu = 00:00:02 ; elapsed = 00:00:03 . Memory (MB): peak = 497.711 ; gain = 154.176
---------------------------------------------------------------------------------
---------------------------------------------------------------------------------
Finished RTL Optimization Phase 1 : Time (s): cpu = 00:00:02 ; elapsed = 00:00:03 . Memory (MB): peak = 497.711 ; gain = 154.176
---------------------------------------------------------------------------------
INFO: [Device 21-403] Loading part xc7a15tcpg236-1
INFO: [Project 1-570] Preparing netlist for logic optimization

Processing XDC Constraints
Initializing timing engine
Parsing XDC File [C:/Users/eeyaa63/Downloads/EEEE4123/Lab5/Lab5.srcs/constrs_1/imports/Lab/pow_3_constr.xdc]
Finished Parsing XDC File [C:/Users/eeyaa63/Downloads/EEEE4123/Lab5/Lab5.srcs/constrs_1/imports/Lab/pow_3_constr.xdc]
Completed Processing XDC Constraints

Netlist sorting complete. Time (s): cpu = 00:00:00 ; elapsed = 00:00:00 . Memory (MB): peak = 800.949 ; gain = 0.000
INFO: [Project 1-111] Unisim Transformation Summary:
No Unisim elements were transformed.

Netlist sorting complete. Time (s): cpu = 00:00:00 ; elapsed = 00:00:00 . Memory (MB): peak = 800.949 ; gain = 0.000
Constraint Validation Runtime : Time (s): cpu = 00:00:00 ; elapsed = 00:00:00.011 . Memory (MB): peak = 800.949 ; gain = 0.000
---------------------------------------------------------------------------------
Finished Constraint Validation : Time (s): cpu = 00:00:08 ; elapsed = 00:00:10 . Memory (MB): peak = 800.949 ; gain = 457.414
---------------------------------------------------------------------------------
---------------------------------------------------------------------------------
Start Loading Part and Timing Information
---------------------------------------------------------------------------------
Loading part: xc7a15tcpg236-1
---------------------------------------------------------------------------------
Finished Loading Part and Timing Information : Time (s): cpu = 00:00:08 ; elapsed = 00:00:10 . Memory (MB): peak = 800.949 ; gain = 457.414
---------------------------------------------------------------------------------
---------------------------------------------------------------------------------
Start Applying 'set_property' XDC Constraints
---------------------------------------------------------------------------------
---------------------------------------------------------------------------------
Finished applying 'set_property' XDC Constraints : Time (s): cpu = 00:00:08 ; elapsed = 00:00:10 . Memory (MB): peak = 800.949 ; gain = 457.414
---------------------------------------------------------------------------------
---------------------------------------------------------------------------------
Finished RTL Optimization Phase 2 : Time (s): cpu = 00:00:08 ; elapsed = 00:00:10 . Memory (MB): peak = 800.949 ; gain = 457.414
---------------------------------------------------------------------------------

Report RTL Partitions: 
+-+--------------+------------+----------+
| |RTL Partition |Replication |Instances |
+-+--------------+------------+----------+
+-+--------------+------------+----------+
---------------------------------------------------------------------------------
Start RTL Component Statistics 
---------------------------------------------------------------------------------
Detailed RTL Component Info : 
+---Adders : 
	   2 Input     17 Bit       Adders := 1     
+---XORs : 
	   2 Input      1 Bit         XORs := 1     
+---Registers : 
	               16 Bit    Registers := 2     
	                8 Bit    Registers := 1     
+---Muxes : 
	   2 Input     16 Bit        Muxes := 2     
---------------------------------------------------------------------------------
Finished RTL Component Statistics 
---------------------------------------------------------------------------------
---------------------------------------------------------------------------------
Start RTL Hierarchical Component Statistics 
---------------------------------------------------------------------------------
Hierarchical RTL Component report 
Module pow_3 
Detailed RTL Component Info : 
+---Registers : 
	               16 Bit    Registers := 2     
	                8 Bit    Registers := 1     
Module adder_so_sat 
Detailed RTL Component Info : 
+---Adders : 
	   2 Input     17 Bit       Adders := 1     
+---XORs : 
	   2 Input      1 Bit         XORs := 1     
+---Muxes : 
	   2 Input     16 Bit        Muxes := 2     
---------------------------------------------------------------------------------
Finished RTL Hierarchical Component Statistics
---------------------------------------------------------------------------------
---------------------------------------------------------------------------------
Start Part Resource Summary
---------------------------------------------------------------------------------
Part Resources:
DSPs: 45 (col length:60)
BRAMs: 50 (col length: RAMB18 60 RAMB36 30)
---------------------------------------------------------------------------------
Finished Part Resource Summary
---------------------------------------------------------------------------------
---------------------------------------------------------------------------------
Start Cross Boundary and Area Optimization
---------------------------------------------------------------------------------
Warning: Parallel synthesis criteria is not met 
---------------------------------------------------------------------------------
Finished Cross Boundary and Area Optimization : Time (s): cpu = 00:00:08 ; elapsed = 00:00:11 . Memory (MB): peak = 800.949 ; gain = 457.414
---------------------------------------------------------------------------------

Report RTL Partitions: 
+-+--------------+------------+----------+
| |RTL Partition |Replication |Instances |
+-+--------------+------------+----------+
+-+--------------+------------+----------+
---------------------------------------------------------------------------------
Start Applying XDC Timing Constraints
---------------------------------------------------------------------------------
---------------------------------------------------------------------------------
Finished Applying XDC Timing Constraints : Time (s): cpu = 00:00:14 ; elapsed = 00:00:16 . Memory (MB): peak = 803.727 ; gain = 460.191
---------------------------------------------------------------------------------
---------------------------------------------------------------------------------
Start Timing Optimization
---------------------------------------------------------------------------------
---------------------------------------------------------------------------------
Finished Timing Optimization : Time (s): cpu = 00:00:14 ; elapsed = 00:00:16 . Memory (MB): peak = 803.801 ; gain = 460.266
---------------------------------------------------------------------------------

Report RTL Partitions: 
+-+--------------+------------+----------+
| |RTL Partition |Replication |Instances |
+-+--------------+------------+----------+
+-+--------------+------------+----------+
---------------------------------------------------------------------------------
Start Technology Mapping
---------------------------------------------------------------------------------
---------------------------------------------------------------------------------
Finished Technology Mapping : Time (s): cpu = 00:00:14 ; elapsed = 00:00:16 . Memory (MB): peak = 813.621 ; gain = 470.086
---------------------------------------------------------------------------------

Report RTL Partitions: 
+-+--------------+------------+----------+
| |RTL Partition |Replication |Instances |
+-+--------------+------------+----------+
+-+--------------+------------+----------+
---------------------------------------------------------------------------------
Start IO Insertion
---------------------------------------------------------------------------------
---------------------------------------------------------------------------------
Start Flattening Before IO Insertion
---------------------------------------------------------------------------------
---------------------------------------------------------------------------------
Finished Flattening Before IO Insertion
---------------------------------------------------------------------------------
---------------------------------------------------------------------------------
Start Final Netlist Cleanup
---------------------------------------------------------------------------------
---------------------------------------------------------------------------------
Finished Final Netlist Cleanup
---------------------------------------------------------------------------------
---------------------------------------------------------------------------------
Finished IO Insertion : Time (s): cpu = 00:00:14 ; elapsed = 00:00:17 . Memory (MB): peak = 813.621 ; gain = 470.086
---------------------------------------------------------------------------------

Report Check Netlist: 
+------+------------------+-------+---------+-------+------------------+
|      |Item              |Errors |Warnings |Status |Description       |
+------+------------------+-------+---------+-------+------------------+
|1     |multi_driven_nets |      0|        0|Passed |Multi driven nets |
+------+------------------+-------+---------+-------+------------------+
---------------------------------------------------------------------------------
Start Renaming Generated Instances
---------------------------------------------------------------------------------
---------------------------------------------------------------------------------
Finished Renaming Generated Instances : Time (s): cpu = 00:00:14 ; elapsed = 00:00:17 . Memory (MB): peak = 813.621 ; gain = 470.086
---------------------------------------------------------------------------------

Report RTL Partitions: 
+-+--------------+------------+----------+
| |RTL Partition |Replication |Instances |
+-+--------------+------------+----------+
+-+--------------+------------+----------+
---------------------------------------------------------------------------------
Start Rebuilding User Hierarchy
---------------------------------------------------------------------------------
---------------------------------------------------------------------------------
Finished Rebuilding User Hierarchy : Time (s): cpu = 00:00:14 ; elapsed = 00:00:17 . Memory (MB): peak = 813.621 ; gain = 470.086
---------------------------------------------------------------------------------
---------------------------------------------------------------------------------
Start Renaming Generated Ports
---------------------------------------------------------------------------------
---------------------------------------------------------------------------------
Finished Renaming Generated Ports : Time (s): cpu = 00:00:14 ; elapsed = 00:00:17 . Memory (MB): peak = 813.621 ; gain = 470.086
---------------------------------------------------------------------------------
---------------------------------------------------------------------------------
Start Handling Custom Attributes
---------------------------------------------------------------------------------
---------------------------------------------------------------------------------
Finished Handling Custom Attributes : Time (s): cpu = 00:00:14 ; elapsed = 00:00:17 . Memory (MB): peak = 813.621 ; gain = 470.086
---------------------------------------------------------------------------------
---------------------------------------------------------------------------------
Start Renaming Generated Nets
---------------------------------------------------------------------------------
---------------------------------------------------------------------------------
Finished Renaming Generated Nets : Time (s): cpu = 00:00:14 ; elapsed = 00:00:17 . Memory (MB): peak = 813.621 ; gain = 470.086
---------------------------------------------------------------------------------
---------------------------------------------------------------------------------
Start Writing Synthesis Report
---------------------------------------------------------------------------------

Report BlackBoxes: 
+-+--------------+----------+
| |BlackBox name |Instances |
+-+--------------+----------+
+-+--------------+----------+

Report Cell Usage: 
+------+-----+------+
|      |Cell |Count |
+------+-----+------+
|1     |OBUF |     8|
+------+-----+------+

Report Instance Areas: 
+------+---------+-------+------+
|      |Instance |Module |Cells |
+------+---------+-------+------+
|1     |top      |       |     8|
+------+---------+-------+------+
---------------------------------------------------------------------------------
Finished Writing Synthesis Report : Time (s): cpu = 00:00:14 ; elapsed = 00:00:17 . Memory (MB): peak = 813.621 ; gain = 470.086
---------------------------------------------------------------------------------
Synthesis finished with 0 errors, 0 critical warnings and 0 warnings.
Synthesis Optimization Runtime : Time (s): cpu = 00:00:08 ; elapsed = 00:00:12 . Memory (MB): peak = 813.621 ; gain = 166.848
Synthesis Optimization Complete : Time (s): cpu = 00:00:14 ; elapsed = 00:00:17 . Memory (MB): peak = 813.621 ; gain = 470.086
INFO: [Project 1-571] Translating synthesized netlist
INFO: [Project 1-570] Preparing netlist for logic optimization
INFO: [Opt 31-138] Pushed 0 inverter(s) to 0 load pin(s).
Netlist sorting complete. Time (s): cpu = 00:00:00 ; elapsed = 00:00:00 . Memory (MB): peak = 823.355 ; gain = 0.000
INFO: [Project 1-111] Unisim Transformation Summary:
No Unisim elements were transformed.

INFO: [Common 17-83] Releasing license: Synthesis
15 Infos, 18 Warnings, 0 Critical Warnings and 0 Errors encountered.
synth_design completed successfully
synth_design: Time (s): cpu = 00:00:16 ; elapsed = 00:00:19 . Memory (MB): peak = 823.355 ; gain = 493.016
Netlist sorting complete. Time (s): cpu = 00:00:00 ; elapsed = 00:00:00 . Memory (MB): peak = 823.355 ; gain = 0.000
WARNING: [Constraints 18-5210] No constraints selected for write.
Resolution: This message can indicate that there are no constraints for the design, or it can indicate that the used_in flags are set such that the constraints are ignored. This later case is used when running synth_design to not write synthesis constraints to the resulting checkpoint. Instead, project constraints are read when the synthesized design is opened.
INFO: [Common 17-1381] The checkpoint 'C:/Users/eeyaa63/Downloads/EEEE4123/Lab5/Lab5.runs/synth_1/pow_3.dcp' has been generated.
INFO: [runtcl-4] Executing : report_utilization -file pow_3_utilization_synth.rpt -pb pow_3_utilization_synth.pb
INFO: [Common 17-206] Exiting Vivado at Thu Feb 19 10:14:25 2026...
