
*** Running vivado
    with args -log IntMatMulCore.vdi -applog -m64 -product Vivado -messageDb vivado.pb -mode batch -source IntMatMulCore.tcl -notrace


****** Vivado v2018.3 (64-bit)
  **** SW Build 2405991 on Thu Dec  6 23:38:27 MST 2018
  **** IP Build 2404404 on Fri Dec  7 01:43:56 MST 2018
    ** Copyright 1986-2018 Xilinx, Inc. All Rights Reserved.

source IntMatMulCore.tcl -notrace
Command: link_design -top IntMatMulCore -part xc7a15tcpg236-1
Design is defaulting to srcset: sources_1
Design is defaulting to constrset: constrs_1
INFO: [Netlist 29-17] Analyzing 18 Unisim elements for replacement
INFO: [Netlist 29-28] Unisim Transformation completed in 0 CPU seconds
INFO: [Project 1-479] Netlist was created with Vivado 2018.3
INFO: [Device 21-403] Loading part xc7a15tcpg236-1
INFO: [Project 1-570] Preparing netlist for logic optimization
CRITICAL WARNING: [Project 1-486] Could not resolve non-primitive black box cell 'dpram16x18' instantiated as 'OutputBufferC' [C:/Mac/Home/Documents/GitHub/EEEE4123/Project/Codes for VHDL project reference design/demo_project/demo_project.srcs/sources_1/imports/Codes for VHDL project reference design/IntMatrixMulCore_4x4_8bits.vhd:104]
CRITICAL WARNING: [Project 1-560] Could not resolve non-primitive black box cell 'dpram16x8' instantiated as 'InputBufferA'. 2 instances of this cell are unresolved black boxes. [C:/Mac/Home/Documents/GitHub/EEEE4123/Project/Codes for VHDL project reference design/demo_project/demo_project.srcs/sources_1/imports/Codes for VHDL project reference design/IntMatrixMulCore_4x4_8bits.vhd:80]
Netlist sorting complete. Time (s): cpu = 00:00:00 ; elapsed = 00:00:00 . Memory (MB): peak = 611.473 ; gain = 0.000
INFO: [Project 1-111] Unisim Transformation Summary:
No Unisim elements were transformed.

6 Infos, 0 Warnings, 2 Critical Warnings and 0 Errors encountered.
link_design completed successfully
link_design: Time (s): cpu = 00:00:04 ; elapsed = 00:00:06 . Memory (MB): peak = 617.031 ; gain = 292.309
Command: opt_design
Attempting to get a license for feature 'Implementation' and/or device 'xc7a15t'
INFO: [Common 17-349] Got license for feature 'Implementation' and/or device 'xc7a15t'
Running DRC as a precondition to command opt_design

Starting DRC Task
INFO: [DRC 23-27] Running DRC with 2 threads
ERROR: [DRC INBB-3] Black Box Instances: Cell 'InputBufferA' of type 'dpram16x8' has undefined contents and is considered a black box.  The contents of this cell must be defined for opt_design to complete successfully.
ERROR: [DRC INBB-3] Black Box Instances: Cell 'InputBufferB' of type 'dpram16x8' has undefined contents and is considered a black box.  The contents of this cell must be defined for opt_design to complete successfully.
ERROR: [DRC INBB-3] Black Box Instances: Cell 'OutputBufferC' of type 'dpram16x18' has undefined contents and is considered a black box.  The contents of this cell must be defined for opt_design to complete successfully.
INFO: [Project 1-461] DRC finished with 3 Errors
INFO: [Project 1-462] Please refer to the DRC report (report_drc) for more information.
ERROR: [Vivado_Tcl 4-78] Error(s) found during DRC. Opt_design not run.

Time (s): cpu = 00:00:01 ; elapsed = 00:00:00.895 . Memory (MB): peak = 631.086 ; gain = 14.055
INFO: [Common 17-83] Releasing license: Implementation
11 Infos, 0 Warnings, 2 Critical Warnings and 4 Errors encountered.
opt_design failed
ERROR: [Common 17-39] 'opt_design' failed due to earlier errors.

INFO: [Common 17-206] Exiting Vivado at Mon Apr 27 13:35:02 2026...
