Copyright 1986-2018 Xilinx, Inc. All Rights Reserved.
--------------------------------------------------------------------------------------------------------------------------------------------------------------------------------------
| Tool Version : Vivado v.2018.3 (win64) Build 2405991 Thu Dec  6 23:38:27 MST 2018
| Date         : Tue Feb 24 14:55:18 2026
| Host         : AIDANALEXAN6AEF running 64-bit major release  (build 9200)
| Command      : report_timing_summary -max_paths 10 -file pow_3_timing_summary_routed.rpt -pb pow_3_timing_summary_routed.pb -rpx pow_3_timing_summary_routed.rpx -warn_on_violation
| Design       : pow_3
| Device       : 7a15t-cpg236
| Speed File   : -1  PRODUCTION 1.23 2018-06-13
--------------------------------------------------------------------------------------------------------------------------------------------------------------------------------------

Timing Summary Report

------------------------------------------------------------------------------------------------
| Timer Settings
| --------------
------------------------------------------------------------------------------------------------

  Enable Multi Corner Analysis               :  Yes
  Enable Pessimism Removal                   :  Yes
  Pessimism Removal Resolution               :  Nearest Common Node
  Enable Input Delay Default Clock           :  No
  Enable Preset / Clear Arcs                 :  No
  Disable Flight Delays                      :  No
  Ignore I/O Paths                           :  No
  Timing Early Launch at Borrowing Latches   :  false

  Corner  Analyze    Analyze    
  Name    Max Paths  Min Paths  
  ------  ---------  ---------  
  Slow    Yes        Yes        
  Fast    Yes        Yes        



check_timing report

Table of Contents
-----------------
1. checking no_clock
2. checking constant_clock
3. checking pulse_width_clock
4. checking unconstrained_internal_endpoints
5. checking no_input_delay
6. checking no_output_delay
7. checking multiple_clock
8. checking generated_clocks
9. checking loops
10. checking partial_input_delay
11. checking partial_output_delay
12. checking latch_loops

1. checking no_clock
--------------------
 There are 0 register/latch pins with no clock.


2. checking constant_clock
--------------------------
 There are 0 register/latch pins with constant_clock.


3. checking pulse_width_clock
-----------------------------
 There are 0 register/latch pins which need pulse_width check


4. checking unconstrained_internal_endpoints
--------------------------------------------
 There are 0 pins that are not constrained for maximum delay.

 There are 0 pins that are not constrained for maximum delay due to constant clock.


5. checking no_input_delay
--------------------------
 There are 17 input ports with no input delay specified. (HIGH)

 There are 0 input ports with no input delay but user has a false path constraint.


6. checking no_output_delay
---------------------------
 There are 8 ports with no output delay specified. (HIGH)

 There are 0 ports with no output delay but user has a false path constraint

 There are 0 ports with no output delay but with a timing clock defined on it or propagating through it


7. checking multiple_clock
--------------------------
 There are 0 register/latch pins with multiple clocks.


8. checking generated_clocks
----------------------------
 There are 0 generated clocks that are not connected to a clock source.


9. checking loops
-----------------
 There are 0 combinational loops in the design.


10. checking partial_input_delay
--------------------------------
 There are 0 input ports with partial input delay specified.


11. checking partial_output_delay
---------------------------------
 There are 0 ports with partial output delay specified.


12. checking latch_loops
------------------------
 There are 0 combinational latch loops in the design through latch input



------------------------------------------------------------------------------------------------
| Design Timing Summary
| ---------------------
------------------------------------------------------------------------------------------------

    WNS(ns)      TNS(ns)  TNS Failing Endpoints  TNS Total Endpoints      WHS(ns)      THS(ns)  THS Failing Endpoints  THS Total Endpoints     WPWS(ns)     TPWS(ns)  TPWS Failing Endpoints  TPWS Total Endpoints  
    -------      -------  ---------------------  -------------------      -------      -------  ---------------------  -------------------     --------     --------  ----------------------  --------------------  
      0.366        0.000                      0                   48        0.749        0.000                      0                   48        4.500        0.000                       0                    12  


All user specified timing constraints are met.


------------------------------------------------------------------------------------------------
| Clock Summary
| -------------
------------------------------------------------------------------------------------------------

Clock  Waveform(ns)       Period(ns)      Frequency(MHz)
-----  ------------       ----------      --------------
clk    {0.000 5.000}      10.000          100.000         


------------------------------------------------------------------------------------------------
| Intra Clock Table
| -----------------
------------------------------------------------------------------------------------------------

Clock             WNS(ns)      TNS(ns)  TNS Failing Endpoints  TNS Total Endpoints      WHS(ns)      THS(ns)  THS Failing Endpoints  THS Total Endpoints     WPWS(ns)     TPWS(ns)  TPWS Failing Endpoints  TPWS Total Endpoints  
-----             -------      -------  ---------------------  -------------------      -------      -------  ---------------------  -------------------     --------     --------  ----------------------  --------------------  
clk                 0.366        0.000                      0                   48        0.749        0.000                      0                   48        4.500        0.000                       0                    12  


------------------------------------------------------------------------------------------------
| Inter Clock Table
| -----------------
------------------------------------------------------------------------------------------------

From Clock    To Clock          WNS(ns)      TNS(ns)  TNS Failing Endpoints  TNS Total Endpoints      WHS(ns)      THS(ns)  THS Failing Endpoints  THS Total Endpoints  
----------    --------          -------      -------  ---------------------  -------------------      -------      -------  ---------------------  -------------------  


------------------------------------------------------------------------------------------------
| Other Path Groups Table
| -----------------------
------------------------------------------------------------------------------------------------

Path Group    From Clock    To Clock          WNS(ns)      TNS(ns)  TNS Failing Endpoints  TNS Total Endpoints      WHS(ns)      THS(ns)  THS Failing Endpoints  THS Total Endpoints  
----------    ----------    --------          -------      -------  ---------------------  -------------------      -------      -------  ---------------------  -------------------  


------------------------------------------------------------------------------------------------
| Timing Details
| --------------
------------------------------------------------------------------------------------------------


---------------------------------------------------------------------------------------------------
From Clock:  clk
  To Clock:  clk

Setup :            0  Failing Endpoints,  Worst Slack        0.366ns,  Total Violation        0.000ns
Hold  :            0  Failing Endpoints,  Worst Slack        0.749ns,  Total Violation        0.000ns
PW    :            0  Failing Endpoints,  Worst Slack        4.500ns,  Total Violation        0.000ns
---------------------------------------------------------------------------------------------------


Max Delay Paths
--------------------------------------------------------------------------------------
Slack (MET) :             0.366ns  (required time - arrival time)
  Source:                 adder_out_reg_reg[15]/C
                            (rising edge-triggered cell FDCE clocked by clk  {rise@0.000ns fall@5.000ns period=10.000ns})
  Destination:            mul1/m3i/B[1]
                            (rising edge-triggered cell DSP48E1 clocked by clk  {rise@0.000ns fall@5.000ns period=10.000ns})
  Path Group:             clk
  Path Type:              Setup (Max at Slow Process Corner)
  Requirement:            10.000ns  (clk rise@10.000ns - clk rise@0.000ns)
  Data Path Delay:        6.127ns  (logic 4.359ns (71.143%)  route 1.768ns (28.857%))
  Logic Levels:           1  (DSP48E1=1)
  Clock Path Skew:        0.065ns (DCD - SCD + CPR)
    Destination Clock Delay (DCD):    4.300ns = ( 14.300 - 10.000 ) 
    Source Clock Delay      (SCD):    4.570ns
    Clock Pessimism Removal (CPR):    0.335ns
  Clock Uncertainty:      0.035ns  ((TSJ^2 + TIJ^2)^1/2 + DJ) / 2 + PE
    Total System Jitter     (TSJ):    0.071ns
    Total Input Jitter      (TIJ):    0.000ns
    Discrete Jitter          (DJ):    0.000ns
    Phase Error              (PE):    0.000ns

    Location             Delay type                Incr(ns)  Path(ns)    Netlist Resource(s)
  -------------------------------------------------------------------    -------------------
                         (clock clk rise edge)        0.000     0.000 r  
    M18                                               0.000     0.000 r  clk (IN)
                         net (fo=0)                   0.000     0.000    clk
    M18                  IBUF (Prop_ibuf_I_O)         0.938     0.938 r  clk_IBUF_inst/O
                         net (fo=1, routed)           1.972     2.910    clk_IBUF
    BUFGCTRL_X0Y0        BUFG (Prop_bufg_I_O)         0.096     3.006 r  clk_IBUF_BUFG_inst/O
                         net (fo=11, routed)          1.564     4.570    clk_IBUF_BUFG
    SLICE_X10Y13         FDCE                                         r  adder_out_reg_reg[15]/C
  -------------------------------------------------------------------    -------------------
    SLICE_X10Y13         FDCE (Prop_fdce_C_Q)         0.518     5.088 r  adder_out_reg_reg[15]/Q
                         net (fo=33, routed)          0.823     5.911    mul0/Q[8]
    DSP48_X0Y4           DSP48E1 (Prop_dsp48e1_A[23]_P[16])
                                                      3.841     9.752 r  mul0/m3i/P[16]
                         net (fo=1, routed)           0.945    10.697    mul1/P[1]
    DSP48_X0Y5           DSP48E1                                      r  mul1/m3i/B[1]
  -------------------------------------------------------------------    -------------------

                         (clock clk rise edge)       10.000    10.000 r  
    M18                                               0.000    10.000 r  clk (IN)
                         net (fo=0)                   0.000    10.000    clk
    M18                  IBUF (Prop_ibuf_I_O)         0.805    10.805 r  clk_IBUF_inst/O
                         net (fo=1, routed)           1.868    12.673    clk_IBUF
    BUFGCTRL_X0Y0        BUFG (Prop_bufg_I_O)         0.091    12.764 r  clk_IBUF_BUFG_inst/O
                         net (fo=11, routed)          1.536    14.300    mul1/CLK
    DSP48_X0Y5           DSP48E1                                      r  mul1/m3i/CLK
                         clock pessimism              0.335    14.634    
                         clock uncertainty           -0.035    14.599    
    DSP48_X0Y5           DSP48E1 (Setup_dsp48e1_CLK_B[1])
                                                     -3.536    11.063    mul1/m3i
  -------------------------------------------------------------------
                         required time                         11.063    
                         arrival time                         -10.697    
  -------------------------------------------------------------------
                         slack                                  0.366    

Slack (MET) :             0.438ns  (required time - arrival time)
  Source:                 adder_out_reg_reg[15]/C
                            (rising edge-triggered cell FDCE clocked by clk  {rise@0.000ns fall@5.000ns period=10.000ns})
  Destination:            mul1/m3i/B[2]
                            (rising edge-triggered cell DSP48E1 clocked by clk  {rise@0.000ns fall@5.000ns period=10.000ns})
  Path Group:             clk
  Path Type:              Setup (Max at Slow Process Corner)
  Requirement:            10.000ns  (clk rise@10.000ns - clk rise@0.000ns)
  Data Path Delay:        6.055ns  (logic 4.359ns (71.989%)  route 1.696ns (28.011%))
  Logic Levels:           1  (DSP48E1=1)
  Clock Path Skew:        0.065ns (DCD - SCD + CPR)
    Destination Clock Delay (DCD):    4.300ns = ( 14.300 - 10.000 ) 
    Source Clock Delay      (SCD):    4.570ns
    Clock Pessimism Removal (CPR):    0.335ns
  Clock Uncertainty:      0.035ns  ((TSJ^2 + TIJ^2)^1/2 + DJ) / 2 + PE
    Total System Jitter     (TSJ):    0.071ns
    Total Input Jitter      (TIJ):    0.000ns
    Discrete Jitter          (DJ):    0.000ns
    Phase Error              (PE):    0.000ns

    Location             Delay type                Incr(ns)  Path(ns)    Netlist Resource(s)
  -------------------------------------------------------------------    -------------------
                         (clock clk rise edge)        0.000     0.000 r  
    M18                                               0.000     0.000 r  clk (IN)
                         net (fo=0)                   0.000     0.000    clk
    M18                  IBUF (Prop_ibuf_I_O)         0.938     0.938 r  clk_IBUF_inst/O
                         net (fo=1, routed)           1.972     2.910    clk_IBUF
    BUFGCTRL_X0Y0        BUFG (Prop_bufg_I_O)         0.096     3.006 r  clk_IBUF_BUFG_inst/O
                         net (fo=11, routed)          1.564     4.570    clk_IBUF_BUFG
    SLICE_X10Y13         FDCE                                         r  adder_out_reg_reg[15]/C
  -------------------------------------------------------------------    -------------------
    SLICE_X10Y13         FDCE (Prop_fdce_C_Q)         0.518     5.088 r  adder_out_reg_reg[15]/Q
                         net (fo=33, routed)          0.823     5.911    mul0/Q[8]
    DSP48_X0Y4           DSP48E1 (Prop_dsp48e1_A[23]_P[17])
                                                      3.841     9.752 r  mul0/m3i/P[17]
                         net (fo=1, routed)           0.873    10.625    mul1/P[2]
    DSP48_X0Y5           DSP48E1                                      r  mul1/m3i/B[2]
  -------------------------------------------------------------------    -------------------

                         (clock clk rise edge)       10.000    10.000 r  
    M18                                               0.000    10.000 r  clk (IN)
                         net (fo=0)                   0.000    10.000    clk
    M18                  IBUF (Prop_ibuf_I_O)         0.805    10.805 r  clk_IBUF_inst/O
                         net (fo=1, routed)           1.868    12.673    clk_IBUF
    BUFGCTRL_X0Y0        BUFG (Prop_bufg_I_O)         0.091    12.764 r  clk_IBUF_BUFG_inst/O
                         net (fo=11, routed)          1.536    14.300    mul1/CLK
    DSP48_X0Y5           DSP48E1                                      r  mul1/m3i/CLK
                         clock pessimism              0.335    14.634    
                         clock uncertainty           -0.035    14.599    
    DSP48_X0Y5           DSP48E1 (Setup_dsp48e1_CLK_B[2])
                                                     -3.536    11.063    mul1/m3i
  -------------------------------------------------------------------
                         required time                         11.063    
                         arrival time                         -10.625    
  -------------------------------------------------------------------
                         slack                                  0.438    

Slack (MET) :             0.441ns  (required time - arrival time)
  Source:                 adder_out_reg_reg[15]/C
                            (rising edge-triggered cell FDCE clocked by clk  {rise@0.000ns fall@5.000ns period=10.000ns})
  Destination:            mul1/m3i/B[3]
                            (rising edge-triggered cell DSP48E1 clocked by clk  {rise@0.000ns fall@5.000ns period=10.000ns})
  Path Group:             clk
  Path Type:              Setup (Max at Slow Process Corner)
  Requirement:            10.000ns  (clk rise@10.000ns - clk rise@0.000ns)
  Data Path Delay:        6.052ns  (logic 4.359ns (72.021%)  route 1.693ns (27.979%))
  Logic Levels:           1  (DSP48E1=1)
  Clock Path Skew:        0.065ns (DCD - SCD + CPR)
    Destination Clock Delay (DCD):    4.300ns = ( 14.300 - 10.000 ) 
    Source Clock Delay      (SCD):    4.570ns
    Clock Pessimism Removal (CPR):    0.335ns
  Clock Uncertainty:      0.035ns  ((TSJ^2 + TIJ^2)^1/2 + DJ) / 2 + PE
    Total System Jitter     (TSJ):    0.071ns
    Total Input Jitter      (TIJ):    0.000ns
    Discrete Jitter          (DJ):    0.000ns
    Phase Error              (PE):    0.000ns

    Location             Delay type                Incr(ns)  Path(ns)    Netlist Resource(s)
  -------------------------------------------------------------------    -------------------
                         (clock clk rise edge)        0.000     0.000 r  
    M18                                               0.000     0.000 r  clk (IN)
                         net (fo=0)                   0.000     0.000    clk
    M18                  IBUF (Prop_ibuf_I_O)         0.938     0.938 r  clk_IBUF_inst/O
                         net (fo=1, routed)           1.972     2.910    clk_IBUF
    BUFGCTRL_X0Y0        BUFG (Prop_bufg_I_O)         0.096     3.006 r  clk_IBUF_BUFG_inst/O
                         net (fo=11, routed)          1.564     4.570    clk_IBUF_BUFG
    SLICE_X10Y13         FDCE                                         r  adder_out_reg_reg[15]/C
  -------------------------------------------------------------------    -------------------
    SLICE_X10Y13         FDCE (Prop_fdce_C_Q)         0.518     5.088 r  adder_out_reg_reg[15]/Q
                         net (fo=33, routed)          0.823     5.911    mul0/Q[8]
    DSP48_X0Y4           DSP48E1 (Prop_dsp48e1_A[23]_P[18])
                                                      3.841     9.752 r  mul0/m3i/P[18]
                         net (fo=1, routed)           0.870    10.622    mul1/P[3]
    DSP48_X0Y5           DSP48E1                                      r  mul1/m3i/B[3]
  -------------------------------------------------------------------    -------------------

                         (clock clk rise edge)       10.000    10.000 r  
    M18                                               0.000    10.000 r  clk (IN)
                         net (fo=0)                   0.000    10.000    clk
    M18                  IBUF (Prop_ibuf_I_O)         0.805    10.805 r  clk_IBUF_inst/O
                         net (fo=1, routed)           1.868    12.673    clk_IBUF
    BUFGCTRL_X0Y0        BUFG (Prop_bufg_I_O)         0.091    12.764 r  clk_IBUF_BUFG_inst/O
                         net (fo=11, routed)          1.536    14.300    mul1/CLK
    DSP48_X0Y5           DSP48E1                                      r  mul1/m3i/CLK
                         clock pessimism              0.335    14.634    
                         clock uncertainty           -0.035    14.599    
    DSP48_X0Y5           DSP48E1 (Setup_dsp48e1_CLK_B[3])
                                                     -3.536    11.063    mul1/m3i
  -------------------------------------------------------------------
                         required time                         11.063    
                         arrival time                         -10.622    
  -------------------------------------------------------------------
                         slack                                  0.441    

Slack (MET) :             0.539ns  (required time - arrival time)
  Source:                 adder_out_reg_reg[15]/C
                            (rising edge-triggered cell FDCE clocked by clk  {rise@0.000ns fall@5.000ns period=10.000ns})
  Destination:            mul1/m3i/B[0]
                            (rising edge-triggered cell DSP48E1 clocked by clk  {rise@0.000ns fall@5.000ns period=10.000ns})
  Path Group:             clk
  Path Type:              Setup (Max at Slow Process Corner)
  Requirement:            10.000ns  (clk rise@10.000ns - clk rise@0.000ns)
  Data Path Delay:        5.954ns  (logic 4.359ns (73.215%)  route 1.595ns (26.785%))
  Logic Levels:           1  (DSP48E1=1)
  Clock Path Skew:        0.065ns (DCD - SCD + CPR)
    Destination Clock Delay (DCD):    4.300ns = ( 14.300 - 10.000 ) 
    Source Clock Delay      (SCD):    4.570ns
    Clock Pessimism Removal (CPR):    0.335ns
  Clock Uncertainty:      0.035ns  ((TSJ^2 + TIJ^2)^1/2 + DJ) / 2 + PE
    Total System Jitter     (TSJ):    0.071ns
    Total Input Jitter      (TIJ):    0.000ns
    Discrete Jitter          (DJ):    0.000ns
    Phase Error              (PE):    0.000ns

    Location             Delay type                Incr(ns)  Path(ns)    Netlist Resource(s)
  -------------------------------------------------------------------    -------------------
                         (clock clk rise edge)        0.000     0.000 r  
    M18                                               0.000     0.000 r  clk (IN)
                         net (fo=0)                   0.000     0.000    clk
    M18                  IBUF (Prop_ibuf_I_O)         0.938     0.938 r  clk_IBUF_inst/O
                         net (fo=1, routed)           1.972     2.910    clk_IBUF
    BUFGCTRL_X0Y0        BUFG (Prop_bufg_I_O)         0.096     3.006 r  clk_IBUF_BUFG_inst/O
                         net (fo=11, routed)          1.564     4.570    clk_IBUF_BUFG
    SLICE_X10Y13         FDCE                                         r  adder_out_reg_reg[15]/C
  -------------------------------------------------------------------    -------------------
    SLICE_X10Y13         FDCE (Prop_fdce_C_Q)         0.518     5.088 r  adder_out_reg_reg[15]/Q
                         net (fo=33, routed)          0.823     5.911    mul0/Q[8]
    DSP48_X0Y4           DSP48E1 (Prop_dsp48e1_A[23]_P[15])
                                                      3.841     9.752 r  mul0/m3i/P[15]
                         net (fo=1, routed)           0.771    10.524    mul1/P[0]
    DSP48_X0Y5           DSP48E1                                      r  mul1/m3i/B[0]
  -------------------------------------------------------------------    -------------------

                         (clock clk rise edge)       10.000    10.000 r  
    M18                                               0.000    10.000 r  clk (IN)
                         net (fo=0)                   0.000    10.000    clk
    M18                  IBUF (Prop_ibuf_I_O)         0.805    10.805 r  clk_IBUF_inst/O
                         net (fo=1, routed)           1.868    12.673    clk_IBUF
    BUFGCTRL_X0Y0        BUFG (Prop_bufg_I_O)         0.091    12.764 r  clk_IBUF_BUFG_inst/O
                         net (fo=11, routed)          1.536    14.300    mul1/CLK
    DSP48_X0Y5           DSP48E1                                      r  mul1/m3i/CLK
                         clock pessimism              0.335    14.634    
                         clock uncertainty           -0.035    14.599    
    DSP48_X0Y5           DSP48E1 (Setup_dsp48e1_CLK_B[0])
                                                     -3.536    11.063    mul1/m3i
  -------------------------------------------------------------------
                         required time                         11.063    
                         arrival time                         -10.524    
  -------------------------------------------------------------------
                         slack                                  0.539    

Slack (MET) :             0.539ns  (required time - arrival time)
  Source:                 adder_out_reg_reg[15]/C
                            (rising edge-triggered cell FDCE clocked by clk  {rise@0.000ns fall@5.000ns period=10.000ns})
  Destination:            mul1/m3i/B[4]
                            (rising edge-triggered cell DSP48E1 clocked by clk  {rise@0.000ns fall@5.000ns period=10.000ns})
  Path Group:             clk
  Path Type:              Setup (Max at Slow Process Corner)
  Requirement:            10.000ns  (clk rise@10.000ns - clk rise@0.000ns)
  Data Path Delay:        5.954ns  (logic 4.359ns (73.215%)  route 1.595ns (26.785%))
  Logic Levels:           1  (DSP48E1=1)
  Clock Path Skew:        0.065ns (DCD - SCD + CPR)
    Destination Clock Delay (DCD):    4.300ns = ( 14.300 - 10.000 ) 
    Source Clock Delay      (SCD):    4.570ns
    Clock Pessimism Removal (CPR):    0.335ns
  Clock Uncertainty:      0.035ns  ((TSJ^2 + TIJ^2)^1/2 + DJ) / 2 + PE
    Total System Jitter     (TSJ):    0.071ns
    Total Input Jitter      (TIJ):    0.000ns
    Discrete Jitter          (DJ):    0.000ns
    Phase Error              (PE):    0.000ns

    Location             Delay type                Incr(ns)  Path(ns)    Netlist Resource(s)
  -------------------------------------------------------------------    -------------------
                         (clock clk rise edge)        0.000     0.000 r  
    M18                                               0.000     0.000 r  clk (IN)
                         net (fo=0)                   0.000     0.000    clk
    M18                  IBUF (Prop_ibuf_I_O)         0.938     0.938 r  clk_IBUF_inst/O
                         net (fo=1, routed)           1.972     2.910    clk_IBUF
    BUFGCTRL_X0Y0        BUFG (Prop_bufg_I_O)         0.096     3.006 r  clk_IBUF_BUFG_inst/O
                         net (fo=11, routed)          1.564     4.570    clk_IBUF_BUFG
    SLICE_X10Y13         FDCE                                         r  adder_out_reg_reg[15]/C
  -------------------------------------------------------------------    -------------------
    SLICE_X10Y13         FDCE (Prop_fdce_C_Q)         0.518     5.088 r  adder_out_reg_reg[15]/Q
                         net (fo=33, routed)          0.823     5.911    mul0/Q[8]
    DSP48_X0Y4           DSP48E1 (Prop_dsp48e1_A[23]_P[19])
                                                      3.841     9.752 r  mul0/m3i/P[19]
                         net (fo=1, routed)           0.771    10.524    mul1/P[4]
    DSP48_X0Y5           DSP48E1                                      r  mul1/m3i/B[4]
  -------------------------------------------------------------------    -------------------

                         (clock clk rise edge)       10.000    10.000 r  
    M18                                               0.000    10.000 r  clk (IN)
                         net (fo=0)                   0.000    10.000    clk
    M18                  IBUF (Prop_ibuf_I_O)         0.805    10.805 r  clk_IBUF_inst/O
                         net (fo=1, routed)           1.868    12.673    clk_IBUF
    BUFGCTRL_X0Y0        BUFG (Prop_bufg_I_O)         0.091    12.764 r  clk_IBUF_BUFG_inst/O
                         net (fo=11, routed)          1.536    14.300    mul1/CLK
    DSP48_X0Y5           DSP48E1                                      r  mul1/m3i/CLK
                         clock pessimism              0.335    14.634    
                         clock uncertainty           -0.035    14.599    
    DSP48_X0Y5           DSP48E1 (Setup_dsp48e1_CLK_B[4])
                                                     -3.536    11.063    mul1/m3i
  -------------------------------------------------------------------
                         required time                         11.063    
                         arrival time                         -10.524    
  -------------------------------------------------------------------
                         slack                                  0.539    

Slack (MET) :             0.543ns  (required time - arrival time)
  Source:                 adder_out_reg_reg[15]/C
                            (rising edge-triggered cell FDCE clocked by clk  {rise@0.000ns fall@5.000ns period=10.000ns})
  Destination:            mul1/m3i/B[13]
                            (rising edge-triggered cell DSP48E1 clocked by clk  {rise@0.000ns fall@5.000ns period=10.000ns})
  Path Group:             clk
  Path Type:              Setup (Max at Slow Process Corner)
  Requirement:            10.000ns  (clk rise@10.000ns - clk rise@0.000ns)
  Data Path Delay:        5.950ns  (logic 4.359ns (73.255%)  route 1.591ns (26.745%))
  Logic Levels:           1  (DSP48E1=1)
  Clock Path Skew:        0.065ns (DCD - SCD + CPR)
    Destination Clock Delay (DCD):    4.300ns = ( 14.300 - 10.000 ) 
    Source Clock Delay      (SCD):    4.570ns
    Clock Pessimism Removal (CPR):    0.335ns
  Clock Uncertainty:      0.035ns  ((TSJ^2 + TIJ^2)^1/2 + DJ) / 2 + PE
    Total System Jitter     (TSJ):    0.071ns
    Total Input Jitter      (TIJ):    0.000ns
    Discrete Jitter          (DJ):    0.000ns
    Phase Error              (PE):    0.000ns

    Location             Delay type                Incr(ns)  Path(ns)    Netlist Resource(s)
  -------------------------------------------------------------------    -------------------
                         (clock clk rise edge)        0.000     0.000 r  
    M18                                               0.000     0.000 r  clk (IN)
                         net (fo=0)                   0.000     0.000    clk
    M18                  IBUF (Prop_ibuf_I_O)         0.938     0.938 r  clk_IBUF_inst/O
                         net (fo=1, routed)           1.972     2.910    clk_IBUF
    BUFGCTRL_X0Y0        BUFG (Prop_bufg_I_O)         0.096     3.006 r  clk_IBUF_BUFG_inst/O
                         net (fo=11, routed)          1.564     4.570    clk_IBUF_BUFG
    SLICE_X10Y13         FDCE                                         r  adder_out_reg_reg[15]/C
  -------------------------------------------------------------------    -------------------
    SLICE_X10Y13         FDCE (Prop_fdce_C_Q)         0.518     5.088 r  adder_out_reg_reg[15]/Q
                         net (fo=33, routed)          0.823     5.911    mul0/Q[8]
    DSP48_X0Y4           DSP48E1 (Prop_dsp48e1_A[23]_P[28])
                                                      3.841     9.752 r  mul0/m3i/P[28]
                         net (fo=1, routed)           0.768    10.520    mul1/P[13]
    DSP48_X0Y5           DSP48E1                                      r  mul1/m3i/B[13]
  -------------------------------------------------------------------    -------------------

                         (clock clk rise edge)       10.000    10.000 r  
    M18                                               0.000    10.000 r  clk (IN)
                         net (fo=0)                   0.000    10.000    clk
    M18                  IBUF (Prop_ibuf_I_O)         0.805    10.805 r  clk_IBUF_inst/O
                         net (fo=1, routed)           1.868    12.673    clk_IBUF
    BUFGCTRL_X0Y0        BUFG (Prop_bufg_I_O)         0.091    12.764 r  clk_IBUF_BUFG_inst/O
                         net (fo=11, routed)          1.536    14.300    mul1/CLK
    DSP48_X0Y5           DSP48E1                                      r  mul1/m3i/CLK
                         clock pessimism              0.335    14.634    
                         clock uncertainty           -0.035    14.599    
    DSP48_X0Y5           DSP48E1 (Setup_dsp48e1_CLK_B[13])
                                                     -3.536    11.063    mul1/m3i
  -------------------------------------------------------------------
                         required time                         11.063    
                         arrival time                         -10.520    
  -------------------------------------------------------------------
                         slack                                  0.543    

Slack (MET) :             0.549ns  (required time - arrival time)
  Source:                 adder_out_reg_reg[15]/C
                            (rising edge-triggered cell FDCE clocked by clk  {rise@0.000ns fall@5.000ns period=10.000ns})
  Destination:            mul1/m3i/B[10]
                            (rising edge-triggered cell DSP48E1 clocked by clk  {rise@0.000ns fall@5.000ns period=10.000ns})
  Path Group:             clk
  Path Type:              Setup (Max at Slow Process Corner)
  Requirement:            10.000ns  (clk rise@10.000ns - clk rise@0.000ns)
  Data Path Delay:        5.945ns  (logic 4.359ns (73.327%)  route 1.586ns (26.673%))
  Logic Levels:           1  (DSP48E1=1)
  Clock Path Skew:        0.065ns (DCD - SCD + CPR)
    Destination Clock Delay (DCD):    4.300ns = ( 14.300 - 10.000 ) 
    Source Clock Delay      (SCD):    4.570ns
    Clock Pessimism Removal (CPR):    0.335ns
  Clock Uncertainty:      0.035ns  ((TSJ^2 + TIJ^2)^1/2 + DJ) / 2 + PE
    Total System Jitter     (TSJ):    0.071ns
    Total Input Jitter      (TIJ):    0.000ns
    Discrete Jitter          (DJ):    0.000ns
    Phase Error              (PE):    0.000ns

    Location             Delay type                Incr(ns)  Path(ns)    Netlist Resource(s)
  -------------------------------------------------------------------    -------------------
                         (clock clk rise edge)        0.000     0.000 r  
    M18                                               0.000     0.000 r  clk (IN)
                         net (fo=0)                   0.000     0.000    clk
    M18                  IBUF (Prop_ibuf_I_O)         0.938     0.938 r  clk_IBUF_inst/O
                         net (fo=1, routed)           1.972     2.910    clk_IBUF
    BUFGCTRL_X0Y0        BUFG (Prop_bufg_I_O)         0.096     3.006 r  clk_IBUF_BUFG_inst/O
                         net (fo=11, routed)          1.564     4.570    clk_IBUF_BUFG
    SLICE_X10Y13         FDCE                                         r  adder_out_reg_reg[15]/C
  -------------------------------------------------------------------    -------------------
    SLICE_X10Y13         FDCE (Prop_fdce_C_Q)         0.518     5.088 r  adder_out_reg_reg[15]/Q
                         net (fo=33, routed)          0.823     5.911    mul0/Q[8]
    DSP48_X0Y4           DSP48E1 (Prop_dsp48e1_A[23]_P[25])
                                                      3.841     9.752 r  mul0/m3i/P[25]
                         net (fo=1, routed)           0.762    10.515    mul1/P[10]
    DSP48_X0Y5           DSP48E1                                      r  mul1/m3i/B[10]
  -------------------------------------------------------------------    -------------------

                         (clock clk rise edge)       10.000    10.000 r  
    M18                                               0.000    10.000 r  clk (IN)
                         net (fo=0)                   0.000    10.000    clk
    M18                  IBUF (Prop_ibuf_I_O)         0.805    10.805 r  clk_IBUF_inst/O
                         net (fo=1, routed)           1.868    12.673    clk_IBUF
    BUFGCTRL_X0Y0        BUFG (Prop_bufg_I_O)         0.091    12.764 r  clk_IBUF_BUFG_inst/O
                         net (fo=11, routed)          1.536    14.300    mul1/CLK
    DSP48_X0Y5           DSP48E1                                      r  mul1/m3i/CLK
                         clock pessimism              0.335    14.634    
                         clock uncertainty           -0.035    14.599    
    DSP48_X0Y5           DSP48E1 (Setup_dsp48e1_CLK_B[10])
                                                     -3.536    11.063    mul1/m3i
  -------------------------------------------------------------------
                         required time                         11.063    
                         arrival time                         -10.515    
  -------------------------------------------------------------------
                         slack                                  0.549    

Slack (MET) :             0.549ns  (required time - arrival time)
  Source:                 adder_out_reg_reg[15]/C
                            (rising edge-triggered cell FDCE clocked by clk  {rise@0.000ns fall@5.000ns period=10.000ns})
  Destination:            mul1/m3i/B[6]
                            (rising edge-triggered cell DSP48E1 clocked by clk  {rise@0.000ns fall@5.000ns period=10.000ns})
  Path Group:             clk
  Path Type:              Setup (Max at Slow Process Corner)
  Requirement:            10.000ns  (clk rise@10.000ns - clk rise@0.000ns)
  Data Path Delay:        5.945ns  (logic 4.359ns (73.327%)  route 1.586ns (26.673%))
  Logic Levels:           1  (DSP48E1=1)
  Clock Path Skew:        0.065ns (DCD - SCD + CPR)
    Destination Clock Delay (DCD):    4.300ns = ( 14.300 - 10.000 ) 
    Source Clock Delay      (SCD):    4.570ns
    Clock Pessimism Removal (CPR):    0.335ns
  Clock Uncertainty:      0.035ns  ((TSJ^2 + TIJ^2)^1/2 + DJ) / 2 + PE
    Total System Jitter     (TSJ):    0.071ns
    Total Input Jitter      (TIJ):    0.000ns
    Discrete Jitter          (DJ):    0.000ns
    Phase Error              (PE):    0.000ns

    Location             Delay type                Incr(ns)  Path(ns)    Netlist Resource(s)
  -------------------------------------------------------------------    -------------------
                         (clock clk rise edge)        0.000     0.000 r  
    M18                                               0.000     0.000 r  clk (IN)
                         net (fo=0)                   0.000     0.000    clk
    M18                  IBUF (Prop_ibuf_I_O)         0.938     0.938 r  clk_IBUF_inst/O
                         net (fo=1, routed)           1.972     2.910    clk_IBUF
    BUFGCTRL_X0Y0        BUFG (Prop_bufg_I_O)         0.096     3.006 r  clk_IBUF_BUFG_inst/O
                         net (fo=11, routed)          1.564     4.570    clk_IBUF_BUFG
    SLICE_X10Y13         FDCE                                         r  adder_out_reg_reg[15]/C
  -------------------------------------------------------------------    -------------------
    SLICE_X10Y13         FDCE (Prop_fdce_C_Q)         0.518     5.088 r  adder_out_reg_reg[15]/Q
                         net (fo=33, routed)          0.823     5.911    mul0/Q[8]
    DSP48_X0Y4           DSP48E1 (Prop_dsp48e1_A[23]_P[21])
                                                      3.841     9.752 r  mul0/m3i/P[21]
                         net (fo=1, routed)           0.762    10.515    mul1/P[6]
    DSP48_X0Y5           DSP48E1                                      r  mul1/m3i/B[6]
  -------------------------------------------------------------------    -------------------

                         (clock clk rise edge)       10.000    10.000 r  
    M18                                               0.000    10.000 r  clk (IN)
                         net (fo=0)                   0.000    10.000    clk
    M18                  IBUF (Prop_ibuf_I_O)         0.805    10.805 r  clk_IBUF_inst/O
                         net (fo=1, routed)           1.868    12.673    clk_IBUF
    BUFGCTRL_X0Y0        BUFG (Prop_bufg_I_O)         0.091    12.764 r  clk_IBUF_BUFG_inst/O
                         net (fo=11, routed)          1.536    14.300    mul1/CLK
    DSP48_X0Y5           DSP48E1                                      r  mul1/m3i/CLK
                         clock pessimism              0.335    14.634    
                         clock uncertainty           -0.035    14.599    
    DSP48_X0Y5           DSP48E1 (Setup_dsp48e1_CLK_B[6])
                                                     -3.536    11.063    mul1/m3i
  -------------------------------------------------------------------
                         required time                         11.063    
                         arrival time                         -10.515    
  -------------------------------------------------------------------
                         slack                                  0.549    

Slack (MET) :             0.572ns  (required time - arrival time)
  Source:                 adder_out_reg_reg[15]/C
                            (rising edge-triggered cell FDCE clocked by clk  {rise@0.000ns fall@5.000ns period=10.000ns})
  Destination:            mul1/m3i/B[16]
                            (rising edge-triggered cell DSP48E1 clocked by clk  {rise@0.000ns fall@5.000ns period=10.000ns})
  Path Group:             clk
  Path Type:              Setup (Max at Slow Process Corner)
  Requirement:            10.000ns  (clk rise@10.000ns - clk rise@0.000ns)
  Data Path Delay:        5.921ns  (logic 4.359ns (73.618%)  route 1.562ns (26.382%))
  Logic Levels:           1  (DSP48E1=1)
  Clock Path Skew:        0.065ns (DCD - SCD + CPR)
    Destination Clock Delay (DCD):    4.300ns = ( 14.300 - 10.000 ) 
    Source Clock Delay      (SCD):    4.570ns
    Clock Pessimism Removal (CPR):    0.335ns
  Clock Uncertainty:      0.035ns  ((TSJ^2 + TIJ^2)^1/2 + DJ) / 2 + PE
    Total System Jitter     (TSJ):    0.071ns
    Total Input Jitter      (TIJ):    0.000ns
    Discrete Jitter          (DJ):    0.000ns
    Phase Error              (PE):    0.000ns

    Location             Delay type                Incr(ns)  Path(ns)    Netlist Resource(s)
  -------------------------------------------------------------------    -------------------
                         (clock clk rise edge)        0.000     0.000 r  
    M18                                               0.000     0.000 r  clk (IN)
                         net (fo=0)                   0.000     0.000    clk
    M18                  IBUF (Prop_ibuf_I_O)         0.938     0.938 r  clk_IBUF_inst/O
                         net (fo=1, routed)           1.972     2.910    clk_IBUF
    BUFGCTRL_X0Y0        BUFG (Prop_bufg_I_O)         0.096     3.006 r  clk_IBUF_BUFG_inst/O
                         net (fo=11, routed)          1.564     4.570    clk_IBUF_BUFG
    SLICE_X10Y13         FDCE                                         r  adder_out_reg_reg[15]/C
  -------------------------------------------------------------------    -------------------
    SLICE_X10Y13         FDCE (Prop_fdce_C_Q)         0.518     5.088 r  adder_out_reg_reg[15]/Q
                         net (fo=33, routed)          0.823     5.911    mul0/Q[8]
    DSP48_X0Y4           DSP48E1 (Prop_dsp48e1_A[23]_P[30])
                                                      3.841     9.752 r  mul0/m3i/P[30]
                         net (fo=3, routed)           0.739    10.491    mul1/P[15]
    DSP48_X0Y5           DSP48E1                                      r  mul1/m3i/B[16]
  -------------------------------------------------------------------    -------------------

                         (clock clk rise edge)       10.000    10.000 r  
    M18                                               0.000    10.000 r  clk (IN)
                         net (fo=0)                   0.000    10.000    clk
    M18                  IBUF (Prop_ibuf_I_O)         0.805    10.805 r  clk_IBUF_inst/O
                         net (fo=1, routed)           1.868    12.673    clk_IBUF
    BUFGCTRL_X0Y0        BUFG (Prop_bufg_I_O)         0.091    12.764 r  clk_IBUF_BUFG_inst/O
                         net (fo=11, routed)          1.536    14.300    mul1/CLK
    DSP48_X0Y5           DSP48E1                                      r  mul1/m3i/CLK
                         clock pessimism              0.335    14.634    
                         clock uncertainty           -0.035    14.599    
    DSP48_X0Y5           DSP48E1 (Setup_dsp48e1_CLK_B[16])
                                                     -3.536    11.063    mul1/m3i
  -------------------------------------------------------------------
                         required time                         11.063    
                         arrival time                         -10.491    
  -------------------------------------------------------------------
                         slack                                  0.572    

Slack (MET) :             0.572ns  (required time - arrival time)
  Source:                 adder_out_reg_reg[15]/C
                            (rising edge-triggered cell FDCE clocked by clk  {rise@0.000ns fall@5.000ns period=10.000ns})
  Destination:            mul1/m3i/B[17]
                            (rising edge-triggered cell DSP48E1 clocked by clk  {rise@0.000ns fall@5.000ns period=10.000ns})
  Path Group:             clk
  Path Type:              Setup (Max at Slow Process Corner)
  Requirement:            10.000ns  (clk rise@10.000ns - clk rise@0.000ns)
  Data Path Delay:        5.921ns  (logic 4.359ns (73.618%)  route 1.562ns (26.382%))
  Logic Levels:           1  (DSP48E1=1)
  Clock Path Skew:        0.065ns (DCD - SCD + CPR)
    Destination Clock Delay (DCD):    4.300ns = ( 14.300 - 10.000 ) 
    Source Clock Delay      (SCD):    4.570ns
    Clock Pessimism Removal (CPR):    0.335ns
  Clock Uncertainty:      0.035ns  ((TSJ^2 + TIJ^2)^1/2 + DJ) / 2 + PE
    Total System Jitter     (TSJ):    0.071ns
    Total Input Jitter      (TIJ):    0.000ns
    Discrete Jitter          (DJ):    0.000ns
    Phase Error              (PE):    0.000ns

    Location             Delay type                Incr(ns)  Path(ns)    Netlist Resource(s)
  -------------------------------------------------------------------    -------------------
                         (clock clk rise edge)        0.000     0.000 r  
    M18                                               0.000     0.000 r  clk (IN)
                         net (fo=0)                   0.000     0.000    clk
    M18                  IBUF (Prop_ibuf_I_O)         0.938     0.938 r  clk_IBUF_inst/O
                         net (fo=1, routed)           1.972     2.910    clk_IBUF
    BUFGCTRL_X0Y0        BUFG (Prop_bufg_I_O)         0.096     3.006 r  clk_IBUF_BUFG_inst/O
                         net (fo=11, routed)          1.564     4.570    clk_IBUF_BUFG
    SLICE_X10Y13         FDCE                                         r  adder_out_reg_reg[15]/C
  -------------------------------------------------------------------    -------------------
    SLICE_X10Y13         FDCE (Prop_fdce_C_Q)         0.518     5.088 r  adder_out_reg_reg[15]/Q
                         net (fo=33, routed)          0.823     5.911    mul0/Q[8]
    DSP48_X0Y4           DSP48E1 (Prop_dsp48e1_A[23]_P[30])
                                                      3.841     9.752 r  mul0/m3i/P[30]
                         net (fo=3, routed)           0.739    10.491    mul1/P[15]
    DSP48_X0Y5           DSP48E1                                      r  mul1/m3i/B[17]
  -------------------------------------------------------------------    -------------------

                         (clock clk rise edge)       10.000    10.000 r  
    M18                                               0.000    10.000 r  clk (IN)
                         net (fo=0)                   0.000    10.000    clk
    M18                  IBUF (Prop_ibuf_I_O)         0.805    10.805 r  clk_IBUF_inst/O
                         net (fo=1, routed)           1.868    12.673    clk_IBUF
    BUFGCTRL_X0Y0        BUFG (Prop_bufg_I_O)         0.091    12.764 r  clk_IBUF_BUFG_inst/O
                         net (fo=11, routed)          1.536    14.300    mul1/CLK
    DSP48_X0Y5           DSP48E1                                      r  mul1/m3i/CLK
                         clock pessimism              0.335    14.634    
                         clock uncertainty           -0.035    14.599    
    DSP48_X0Y5           DSP48E1 (Setup_dsp48e1_CLK_B[17])
                                                     -3.536    11.063    mul1/m3i
  -------------------------------------------------------------------
                         required time                         11.063    
                         arrival time                         -10.491    
  -------------------------------------------------------------------
                         slack                                  0.572    





Min Delay Paths
--------------------------------------------------------------------------------------
Slack (MET) :             0.749ns  (arrival time - required time)
  Source:                 adder_out_reg_reg[8]/C
                            (rising edge-triggered cell FDCE clocked by clk  {rise@0.000ns fall@5.000ns period=10.000ns})
  Destination:            mul1/m3i/A[8]
                            (rising edge-triggered cell DSP48E1 clocked by clk  {rise@0.000ns fall@5.000ns period=10.000ns})
  Path Group:             clk
  Path Type:              Hold (Min at Fast Process Corner)
  Requirement:            0.000ns  (clk rise@0.000ns - clk rise@0.000ns)
  Data Path Delay:        0.417ns  (logic 0.141ns (33.793%)  route 0.276ns (66.207%))
  Logic Levels:           0  
  Clock Path Skew:        0.124ns (DCD - SCD - CPR)
    Destination Clock Delay (DCD):    1.994ns
    Source Clock Delay      (SCD):    1.390ns
    Clock Pessimism Removal (CPR):    0.480ns

    Location             Delay type                Incr(ns)  Path(ns)    Netlist Resource(s)
  -------------------------------------------------------------------    -------------------
                         (clock clk rise edge)        0.000     0.000 r  
    M18                                               0.000     0.000 r  clk (IN)
                         net (fo=0)                   0.000     0.000    clk
    M18                  IBUF (Prop_ibuf_I_O)         0.167     0.167 r  clk_IBUF_inst/O
                         net (fo=1, routed)           0.634     0.801    clk_IBUF
    BUFGCTRL_X0Y0        BUFG (Prop_bufg_I_O)         0.026     0.827 r  clk_IBUF_BUFG_inst/O
                         net (fo=11, routed)          0.563     1.390    clk_IBUF_BUFG
    SLICE_X9Y12          FDCE                                         r  adder_out_reg_reg[8]/C
  -------------------------------------------------------------------    -------------------
    SLICE_X9Y12          FDCE (Prop_fdce_C_Q)         0.141     1.531 r  adder_out_reg_reg[8]/Q
                         net (fo=3, routed)           0.276     1.807    mul1/Q[1]
    DSP48_X0Y5           DSP48E1                                      r  mul1/m3i/A[8]
  -------------------------------------------------------------------    -------------------

                         (clock clk rise edge)        0.000     0.000 r  
    M18                                               0.000     0.000 r  clk (IN)
                         net (fo=0)                   0.000     0.000    clk
    M18                  IBUF (Prop_ibuf_I_O)         0.356     0.356 r  clk_IBUF_inst/O
                         net (fo=1, routed)           0.689     1.044    clk_IBUF
    BUFGCTRL_X0Y0        BUFG (Prop_bufg_I_O)         0.029     1.073 r  clk_IBUF_BUFG_inst/O
                         net (fo=11, routed)          0.920     1.994    mul1/CLK
    DSP48_X0Y5           DSP48E1                                      r  mul1/m3i/CLK
                         clock pessimism             -0.480     1.513    
    DSP48_X0Y5           DSP48E1 (Hold_dsp48e1_CLK_A[8])
                                                     -0.455     1.058    mul1/m3i
  -------------------------------------------------------------------
                         required time                         -1.058    
                         arrival time                           1.807    
  -------------------------------------------------------------------
                         slack                                  0.749    

Slack (MET) :             0.760ns  (arrival time - required time)
  Source:                 adder_out_reg_reg[14]/C
                            (rising edge-triggered cell FDCE clocked by clk  {rise@0.000ns fall@5.000ns period=10.000ns})
  Destination:            mul1/m3i/A[14]
                            (rising edge-triggered cell DSP48E1 clocked by clk  {rise@0.000ns fall@5.000ns period=10.000ns})
  Path Group:             clk
  Path Type:              Hold (Min at Fast Process Corner)
  Requirement:            0.000ns  (clk rise@0.000ns - clk rise@0.000ns)
  Data Path Delay:        0.407ns  (logic 0.141ns (34.635%)  route 0.266ns (65.365%))
  Logic Levels:           0  
  Clock Path Skew:        0.103ns (DCD - SCD - CPR)
    Destination Clock Delay (DCD):    1.994ns
    Source Clock Delay      (SCD):    1.391ns
    Clock Pessimism Removal (CPR):    0.500ns

    Location             Delay type                Incr(ns)  Path(ns)    Netlist Resource(s)
  -------------------------------------------------------------------    -------------------
                         (clock clk rise edge)        0.000     0.000 r  
    M18                                               0.000     0.000 r  clk (IN)
                         net (fo=0)                   0.000     0.000    clk
    M18                  IBUF (Prop_ibuf_I_O)         0.167     0.167 r  clk_IBUF_inst/O
                         net (fo=1, routed)           0.634     0.801    clk_IBUF
    BUFGCTRL_X0Y0        BUFG (Prop_bufg_I_O)         0.026     0.827 r  clk_IBUF_BUFG_inst/O
                         net (fo=11, routed)          0.564     1.391    clk_IBUF_BUFG
    SLICE_X11Y11         FDCE                                         r  adder_out_reg_reg[14]/C
  -------------------------------------------------------------------    -------------------
    SLICE_X11Y11         FDCE (Prop_fdce_C_Q)         0.141     1.532 r  adder_out_reg_reg[14]/Q
                         net (fo=3, routed)           0.266     1.798    mul1/Q[7]
    DSP48_X0Y5           DSP48E1                                      r  mul1/m3i/A[14]
  -------------------------------------------------------------------    -------------------

                         (clock clk rise edge)        0.000     0.000 r  
    M18                                               0.000     0.000 r  clk (IN)
                         net (fo=0)                   0.000     0.000    clk
    M18                  IBUF (Prop_ibuf_I_O)         0.356     0.356 r  clk_IBUF_inst/O
                         net (fo=1, routed)           0.689     1.044    clk_IBUF
    BUFGCTRL_X0Y0        BUFG (Prop_bufg_I_O)         0.029     1.073 r  clk_IBUF_BUFG_inst/O
                         net (fo=11, routed)          0.920     1.994    mul1/CLK
    DSP48_X0Y5           DSP48E1                                      r  mul1/m3i/CLK
                         clock pessimism             -0.500     1.493    
    DSP48_X0Y5           DSP48E1 (Hold_dsp48e1_CLK_A[14])
                                                     -0.455     1.038    mul1/m3i
  -------------------------------------------------------------------
                         required time                         -1.038    
                         arrival time                           1.798    
  -------------------------------------------------------------------
                         slack                                  0.760    

Slack (MET) :             0.764ns  (arrival time - required time)
  Source:                 adder_out_reg_reg[10]/C
                            (rising edge-triggered cell FDCE clocked by clk  {rise@0.000ns fall@5.000ns period=10.000ns})
  Destination:            mul1/m3i/A[10]
                            (rising edge-triggered cell DSP48E1 clocked by clk  {rise@0.000ns fall@5.000ns period=10.000ns})
  Path Group:             clk
  Path Type:              Hold (Min at Fast Process Corner)
  Requirement:            0.000ns  (clk rise@0.000ns - clk rise@0.000ns)
  Data Path Delay:        0.433ns  (logic 0.164ns (37.911%)  route 0.269ns (62.089%))
  Logic Levels:           0  
  Clock Path Skew:        0.124ns (DCD - SCD - CPR)
    Destination Clock Delay (DCD):    1.994ns
    Source Clock Delay      (SCD):    1.390ns
    Clock Pessimism Removal (CPR):    0.480ns

    Location             Delay type                Incr(ns)  Path(ns)    Netlist Resource(s)
  -------------------------------------------------------------------    -------------------
                         (clock clk rise edge)        0.000     0.000 r  
    M18                                               0.000     0.000 r  clk (IN)
                         net (fo=0)                   0.000     0.000    clk
    M18                  IBUF (Prop_ibuf_I_O)         0.167     0.167 r  clk_IBUF_inst/O
                         net (fo=1, routed)           0.634     0.801    clk_IBUF
    BUFGCTRL_X0Y0        BUFG (Prop_bufg_I_O)         0.026     0.827 r  clk_IBUF_BUFG_inst/O
                         net (fo=11, routed)          0.563     1.390    clk_IBUF_BUFG
    SLICE_X8Y12          FDCE                                         r  adder_out_reg_reg[10]/C
  -------------------------------------------------------------------    -------------------
    SLICE_X8Y12          FDCE (Prop_fdce_C_Q)         0.164     1.554 r  adder_out_reg_reg[10]/Q
                         net (fo=3, routed)           0.269     1.822    mul1/Q[3]
    DSP48_X0Y5           DSP48E1                                      r  mul1/m3i/A[10]
  -------------------------------------------------------------------    -------------------

                         (clock clk rise edge)        0.000     0.000 r  
    M18                                               0.000     0.000 r  clk (IN)
                         net (fo=0)                   0.000     0.000    clk
    M18                  IBUF (Prop_ibuf_I_O)         0.356     0.356 r  clk_IBUF_inst/O
                         net (fo=1, routed)           0.689     1.044    clk_IBUF
    BUFGCTRL_X0Y0        BUFG (Prop_bufg_I_O)         0.029     1.073 r  clk_IBUF_BUFG_inst/O
                         net (fo=11, routed)          0.920     1.994    mul1/CLK
    DSP48_X0Y5           DSP48E1                                      r  mul1/m3i/CLK
                         clock pessimism             -0.480     1.513    
    DSP48_X0Y5           DSP48E1 (Hold_dsp48e1_CLK_A[10])
                                                     -0.455     1.058    mul1/m3i
  -------------------------------------------------------------------
                         required time                         -1.058    
                         arrival time                           1.822    
  -------------------------------------------------------------------
                         slack                                  0.764    

Slack (MET) :             0.800ns  (arrival time - required time)
  Source:                 adder_out_reg_reg[11]/C
                            (rising edge-triggered cell FDCE clocked by clk  {rise@0.000ns fall@5.000ns period=10.000ns})
  Destination:            mul1/m3i/A[11]
                            (rising edge-triggered cell DSP48E1 clocked by clk  {rise@0.000ns fall@5.000ns period=10.000ns})
  Path Group:             clk
  Path Type:              Hold (Min at Fast Process Corner)
  Requirement:            0.000ns  (clk rise@0.000ns - clk rise@0.000ns)
  Data Path Delay:        0.415ns  (logic 0.148ns (35.653%)  route 0.267ns (64.347%))
  Logic Levels:           0  
  Clock Path Skew:        0.124ns (DCD - SCD - CPR)
    Destination Clock Delay (DCD):    1.994ns
    Source Clock Delay      (SCD):    1.390ns
    Clock Pessimism Removal (CPR):    0.480ns

    Location             Delay type                Incr(ns)  Path(ns)    Netlist Resource(s)
  -------------------------------------------------------------------    -------------------
                         (clock clk rise edge)        0.000     0.000 r  
    M18                                               0.000     0.000 r  clk (IN)
                         net (fo=0)                   0.000     0.000    clk
    M18                  IBUF (Prop_ibuf_I_O)         0.167     0.167 r  clk_IBUF_inst/O
                         net (fo=1, routed)           0.634     0.801    clk_IBUF
    BUFGCTRL_X0Y0        BUFG (Prop_bufg_I_O)         0.026     0.827 r  clk_IBUF_BUFG_inst/O
                         net (fo=11, routed)          0.563     1.390    clk_IBUF_BUFG
    SLICE_X8Y12          FDCE                                         r  adder_out_reg_reg[11]/C
  -------------------------------------------------------------------    -------------------
    SLICE_X8Y12          FDCE (Prop_fdce_C_Q)         0.148     1.538 r  adder_out_reg_reg[11]/Q
                         net (fo=3, routed)           0.267     1.805    mul1/Q[4]
    DSP48_X0Y5           DSP48E1                                      r  mul1/m3i/A[11]
  -------------------------------------------------------------------    -------------------

                         (clock clk rise edge)        0.000     0.000 r  
    M18                                               0.000     0.000 r  clk (IN)
                         net (fo=0)                   0.000     0.000    clk
    M18                  IBUF (Prop_ibuf_I_O)         0.356     0.356 r  clk_IBUF_inst/O
                         net (fo=1, routed)           0.689     1.044    clk_IBUF
    BUFGCTRL_X0Y0        BUFG (Prop_bufg_I_O)         0.029     1.073 r  clk_IBUF_BUFG_inst/O
                         net (fo=11, routed)          0.920     1.994    mul1/CLK
    DSP48_X0Y5           DSP48E1                                      r  mul1/m3i/CLK
                         clock pessimism             -0.480     1.513    
    DSP48_X0Y5           DSP48E1 (Hold_dsp48e1_CLK_A[11])
                                                     -0.508     1.005    mul1/m3i
  -------------------------------------------------------------------
                         required time                         -1.005    
                         arrival time                           1.805    
  -------------------------------------------------------------------
                         slack                                  0.800    

Slack (MET) :             0.802ns  (arrival time - required time)
  Source:                 adder_out_reg_reg[9]/C
                            (rising edge-triggered cell FDCE clocked by clk  {rise@0.000ns fall@5.000ns period=10.000ns})
  Destination:            mul1/m3i/A[9]
                            (rising edge-triggered cell DSP48E1 clocked by clk  {rise@0.000ns fall@5.000ns period=10.000ns})
  Path Group:             clk
  Path Type:              Hold (Min at Fast Process Corner)
  Requirement:            0.000ns  (clk rise@0.000ns - clk rise@0.000ns)
  Data Path Delay:        0.416ns  (logic 0.128ns (30.739%)  route 0.288ns (69.261%))
  Logic Levels:           0  
  Clock Path Skew:        0.124ns (DCD - SCD - CPR)
    Destination Clock Delay (DCD):    1.994ns
    Source Clock Delay      (SCD):    1.390ns
    Clock Pessimism Removal (CPR):    0.480ns

    Location             Delay type                Incr(ns)  Path(ns)    Netlist Resource(s)
  -------------------------------------------------------------------    -------------------
                         (clock clk rise edge)        0.000     0.000 r  
    M18                                               0.000     0.000 r  clk (IN)
                         net (fo=0)                   0.000     0.000    clk
    M18                  IBUF (Prop_ibuf_I_O)         0.167     0.167 r  clk_IBUF_inst/O
                         net (fo=1, routed)           0.634     0.801    clk_IBUF
    BUFGCTRL_X0Y0        BUFG (Prop_bufg_I_O)         0.026     0.827 r  clk_IBUF_BUFG_inst/O
                         net (fo=11, routed)          0.563     1.390    clk_IBUF_BUFG
    SLICE_X9Y12          FDCE                                         r  adder_out_reg_reg[9]/C
  -------------------------------------------------------------------    -------------------
    SLICE_X9Y12          FDCE (Prop_fdce_C_Q)         0.128     1.518 r  adder_out_reg_reg[9]/Q
                         net (fo=3, routed)           0.288     1.806    mul1/Q[2]
    DSP48_X0Y5           DSP48E1                                      r  mul1/m3i/A[9]
  -------------------------------------------------------------------    -------------------

                         (clock clk rise edge)        0.000     0.000 r  
    M18                                               0.000     0.000 r  clk (IN)
                         net (fo=0)                   0.000     0.000    clk
    M18                  IBUF (Prop_ibuf_I_O)         0.356     0.356 r  clk_IBUF_inst/O
                         net (fo=1, routed)           0.689     1.044    clk_IBUF
    BUFGCTRL_X0Y0        BUFG (Prop_bufg_I_O)         0.029     1.073 r  clk_IBUF_BUFG_inst/O
                         net (fo=11, routed)          0.920     1.994    mul1/CLK
    DSP48_X0Y5           DSP48E1                                      r  mul1/m3i/CLK
                         clock pessimism             -0.480     1.513    
    DSP48_X0Y5           DSP48E1 (Hold_dsp48e1_CLK_A[9])
                                                     -0.509     1.004    mul1/m3i
  -------------------------------------------------------------------
                         required time                         -1.004    
                         arrival time                           1.806    
  -------------------------------------------------------------------
                         slack                                  0.802    

Slack (MET) :             0.804ns  (arrival time - required time)
  Source:                 adder_out_reg_reg[7]/C
                            (rising edge-triggered cell FDCE clocked by clk  {rise@0.000ns fall@5.000ns period=10.000ns})
  Destination:            mul1/m3i/A[3]
                            (rising edge-triggered cell DSP48E1 clocked by clk  {rise@0.000ns fall@5.000ns period=10.000ns})
  Path Group:             clk
  Path Type:              Hold (Min at Fast Process Corner)
  Requirement:            0.000ns  (clk rise@0.000ns - clk rise@0.000ns)
  Data Path Delay:        0.399ns  (logic 0.128ns (32.090%)  route 0.271ns (67.910%))
  Logic Levels:           0  
  Clock Path Skew:        0.103ns (DCD - SCD - CPR)
    Destination Clock Delay (DCD):    1.994ns
    Source Clock Delay      (SCD):    1.391ns
    Clock Pessimism Removal (CPR):    0.500ns

    Location             Delay type                Incr(ns)  Path(ns)    Netlist Resource(s)
  -------------------------------------------------------------------    -------------------
                         (clock clk rise edge)        0.000     0.000 r  
    M18                                               0.000     0.000 r  clk (IN)
                         net (fo=0)                   0.000     0.000    clk
    M18                  IBUF (Prop_ibuf_I_O)         0.167     0.167 r  clk_IBUF_inst/O
                         net (fo=1, routed)           0.634     0.801    clk_IBUF
    BUFGCTRL_X0Y0        BUFG (Prop_bufg_I_O)         0.026     0.827 r  clk_IBUF_BUFG_inst/O
                         net (fo=11, routed)          0.564     1.391    clk_IBUF_BUFG
    SLICE_X11Y11         FDCE                                         r  adder_out_reg_reg[7]/C
  -------------------------------------------------------------------    -------------------
    SLICE_X11Y11         FDCE (Prop_fdce_C_Q)         0.128     1.519 r  adder_out_reg_reg[7]/Q
                         net (fo=24, routed)          0.271     1.790    mul1/Q[0]
    DSP48_X0Y5           DSP48E1                                      r  mul1/m3i/A[3]
  -------------------------------------------------------------------    -------------------

                         (clock clk rise edge)        0.000     0.000 r  
    M18                                               0.000     0.000 r  clk (IN)
                         net (fo=0)                   0.000     0.000    clk
    M18                  IBUF (Prop_ibuf_I_O)         0.356     0.356 r  clk_IBUF_inst/O
                         net (fo=1, routed)           0.689     1.044    clk_IBUF
    BUFGCTRL_X0Y0        BUFG (Prop_bufg_I_O)         0.029     1.073 r  clk_IBUF_BUFG_inst/O
                         net (fo=11, routed)          0.920     1.994    mul1/CLK
    DSP48_X0Y5           DSP48E1                                      r  mul1/m3i/CLK
                         clock pessimism             -0.500     1.493    
    DSP48_X0Y5           DSP48E1 (Hold_dsp48e1_CLK_A[3])
                                                     -0.508     0.985    mul1/m3i
  -------------------------------------------------------------------
                         required time                         -0.985    
                         arrival time                           1.790    
  -------------------------------------------------------------------
                         slack                                  0.804    

Slack (MET) :             0.805ns  (arrival time - required time)
  Source:                 adder_out_reg_reg[15]/C
                            (rising edge-triggered cell FDCE clocked by clk  {rise@0.000ns fall@5.000ns period=10.000ns})
  Destination:            mul1/m3i/A[28]
                            (rising edge-triggered cell DSP48E1 clocked by clk  {rise@0.000ns fall@5.000ns period=10.000ns})
  Path Group:             clk
  Path Type:              Hold (Min at Fast Process Corner)
  Requirement:            0.000ns  (clk rise@0.000ns - clk rise@0.000ns)
  Data Path Delay:        0.455ns  (logic 0.164ns (36.084%)  route 0.291ns (63.916%))
  Logic Levels:           0  
  Clock Path Skew:        0.105ns (DCD - SCD - CPR)
    Destination Clock Delay (DCD):    1.994ns
    Source Clock Delay      (SCD):    1.389ns
    Clock Pessimism Removal (CPR):    0.500ns

    Location             Delay type                Incr(ns)  Path(ns)    Netlist Resource(s)
  -------------------------------------------------------------------    -------------------
                         (clock clk rise edge)        0.000     0.000 r  
    M18                                               0.000     0.000 r  clk (IN)
                         net (fo=0)                   0.000     0.000    clk
    M18                  IBUF (Prop_ibuf_I_O)         0.167     0.167 r  clk_IBUF_inst/O
                         net (fo=1, routed)           0.634     0.801    clk_IBUF
    BUFGCTRL_X0Y0        BUFG (Prop_bufg_I_O)         0.026     0.827 r  clk_IBUF_BUFG_inst/O
                         net (fo=11, routed)          0.562     1.389    clk_IBUF_BUFG
    SLICE_X10Y13         FDCE                                         r  adder_out_reg_reg[15]/C
  -------------------------------------------------------------------    -------------------
    SLICE_X10Y13         FDCE (Prop_fdce_C_Q)         0.164     1.553 r  adder_out_reg_reg[15]/Q
                         net (fo=33, routed)          0.291     1.843    mul1/Q[8]
    DSP48_X0Y5           DSP48E1                                      r  mul1/m3i/A[28]
  -------------------------------------------------------------------    -------------------

                         (clock clk rise edge)        0.000     0.000 r  
    M18                                               0.000     0.000 r  clk (IN)
                         net (fo=0)                   0.000     0.000    clk
    M18                  IBUF (Prop_ibuf_I_O)         0.356     0.356 r  clk_IBUF_inst/O
                         net (fo=1, routed)           0.689     1.044    clk_IBUF
    BUFGCTRL_X0Y0        BUFG (Prop_bufg_I_O)         0.029     1.073 r  clk_IBUF_BUFG_inst/O
                         net (fo=11, routed)          0.920     1.994    mul1/CLK
    DSP48_X0Y5           DSP48E1                                      r  mul1/m3i/CLK
                         clock pessimism             -0.500     1.493    
    DSP48_X0Y5           DSP48E1 (Hold_dsp48e1_CLK_A[28])
                                                     -0.455     1.038    mul1/m3i
  -------------------------------------------------------------------
                         required time                         -1.038    
                         arrival time                           1.843    
  -------------------------------------------------------------------
                         slack                                  0.805    

Slack (MET) :             0.805ns  (arrival time - required time)
  Source:                 adder_out_reg_reg[12]/C
                            (rising edge-triggered cell FDCE clocked by clk  {rise@0.000ns fall@5.000ns period=10.000ns})
  Destination:            mul1/m3i/A[12]
                            (rising edge-triggered cell DSP48E1 clocked by clk  {rise@0.000ns fall@5.000ns period=10.000ns})
  Path Group:             clk
  Path Type:              Hold (Min at Fast Process Corner)
  Requirement:            0.000ns  (clk rise@0.000ns - clk rise@0.000ns)
  Data Path Delay:        0.474ns  (logic 0.164ns (34.605%)  route 0.310ns (65.395%))
  Logic Levels:           0  
  Clock Path Skew:        0.124ns (DCD - SCD - CPR)
    Destination Clock Delay (DCD):    1.994ns
    Source Clock Delay      (SCD):    1.390ns
    Clock Pessimism Removal (CPR):    0.480ns

    Location             Delay type                Incr(ns)  Path(ns)    Netlist Resource(s)
  -------------------------------------------------------------------    -------------------
                         (clock clk rise edge)        0.000     0.000 r  
    M18                                               0.000     0.000 r  clk (IN)
                         net (fo=0)                   0.000     0.000    clk
    M18                  IBUF (Prop_ibuf_I_O)         0.167     0.167 r  clk_IBUF_inst/O
                         net (fo=1, routed)           0.634     0.801    clk_IBUF
    BUFGCTRL_X0Y0        BUFG (Prop_bufg_I_O)         0.026     0.827 r  clk_IBUF_BUFG_inst/O
                         net (fo=11, routed)          0.563     1.390    clk_IBUF_BUFG
    SLICE_X8Y12          FDCE                                         r  adder_out_reg_reg[12]/C
  -------------------------------------------------------------------    -------------------
    SLICE_X8Y12          FDCE (Prop_fdce_C_Q)         0.164     1.554 r  adder_out_reg_reg[12]/Q
                         net (fo=3, routed)           0.310     1.864    mul1/Q[5]
    DSP48_X0Y5           DSP48E1                                      r  mul1/m3i/A[12]
  -------------------------------------------------------------------    -------------------

                         (clock clk rise edge)        0.000     0.000 r  
    M18                                               0.000     0.000 r  clk (IN)
                         net (fo=0)                   0.000     0.000    clk
    M18                  IBUF (Prop_ibuf_I_O)         0.356     0.356 r  clk_IBUF_inst/O
                         net (fo=1, routed)           0.689     1.044    clk_IBUF
    BUFGCTRL_X0Y0        BUFG (Prop_bufg_I_O)         0.029     1.073 r  clk_IBUF_BUFG_inst/O
                         net (fo=11, routed)          0.920     1.994    mul1/CLK
    DSP48_X0Y5           DSP48E1                                      r  mul1/m3i/CLK
                         clock pessimism             -0.480     1.513    
    DSP48_X0Y5           DSP48E1 (Hold_dsp48e1_CLK_A[12])
                                                     -0.455     1.058    mul1/m3i
  -------------------------------------------------------------------
                         required time                         -1.058    
                         arrival time                           1.864    
  -------------------------------------------------------------------
                         slack                                  0.805    

Slack (MET) :             0.815ns  (arrival time - required time)
  Source:                 adder_out_reg_reg[13]/C
                            (rising edge-triggered cell FDCE clocked by clk  {rise@0.000ns fall@5.000ns period=10.000ns})
  Destination:            mul1/m3i/A[13]
                            (rising edge-triggered cell DSP48E1 clocked by clk  {rise@0.000ns fall@5.000ns period=10.000ns})
  Path Group:             clk
  Path Type:              Hold (Min at Fast Process Corner)
  Requirement:            0.000ns  (clk rise@0.000ns - clk rise@0.000ns)
  Data Path Delay:        0.429ns  (logic 0.148ns (34.491%)  route 0.281ns (65.509%))
  Logic Levels:           0  
  Clock Path Skew:        0.124ns (DCD - SCD - CPR)
    Destination Clock Delay (DCD):    1.994ns
    Source Clock Delay      (SCD):    1.390ns
    Clock Pessimism Removal (CPR):    0.480ns

    Location             Delay type                Incr(ns)  Path(ns)    Netlist Resource(s)
  -------------------------------------------------------------------    -------------------
                         (clock clk rise edge)        0.000     0.000 r  
    M18                                               0.000     0.000 r  clk (IN)
                         net (fo=0)                   0.000     0.000    clk
    M18                  IBUF (Prop_ibuf_I_O)         0.167     0.167 r  clk_IBUF_inst/O
                         net (fo=1, routed)           0.634     0.801    clk_IBUF
    BUFGCTRL_X0Y0        BUFG (Prop_bufg_I_O)         0.026     0.827 r  clk_IBUF_BUFG_inst/O
                         net (fo=11, routed)          0.563     1.390    clk_IBUF_BUFG
    SLICE_X8Y12          FDCE                                         r  adder_out_reg_reg[13]/C
  -------------------------------------------------------------------    -------------------
    SLICE_X8Y12          FDCE (Prop_fdce_C_Q)         0.148     1.538 r  adder_out_reg_reg[13]/Q
                         net (fo=3, routed)           0.281     1.819    mul1/Q[6]
    DSP48_X0Y5           DSP48E1                                      r  mul1/m3i/A[13]
  -------------------------------------------------------------------    -------------------

                         (clock clk rise edge)        0.000     0.000 r  
    M18                                               0.000     0.000 r  clk (IN)
                         net (fo=0)                   0.000     0.000    clk
    M18                  IBUF (Prop_ibuf_I_O)         0.356     0.356 r  clk_IBUF_inst/O
                         net (fo=1, routed)           0.689     1.044    clk_IBUF
    BUFGCTRL_X0Y0        BUFG (Prop_bufg_I_O)         0.029     1.073 r  clk_IBUF_BUFG_inst/O
                         net (fo=11, routed)          0.920     1.994    mul1/CLK
    DSP48_X0Y5           DSP48E1                                      r  mul1/m3i/CLK
                         clock pessimism             -0.480     1.513    
    DSP48_X0Y5           DSP48E1 (Hold_dsp48e1_CLK_A[13])
                                                     -0.509     1.004    mul1/m3i
  -------------------------------------------------------------------
                         required time                         -1.004    
                         arrival time                           1.819    
  -------------------------------------------------------------------
                         slack                                  0.815    

Slack (MET) :             0.816ns  (arrival time - required time)
  Source:                 adder_out_reg_reg[7]/C
                            (rising edge-triggered cell FDCE clocked by clk  {rise@0.000ns fall@5.000ns period=10.000ns})
  Destination:            mul1/m3i/A[0]
                            (rising edge-triggered cell DSP48E1 clocked by clk  {rise@0.000ns fall@5.000ns period=10.000ns})
  Path Group:             clk
  Path Type:              Hold (Min at Fast Process Corner)
  Requirement:            0.000ns  (clk rise@0.000ns - clk rise@0.000ns)
  Data Path Delay:        0.410ns  (logic 0.128ns (31.202%)  route 0.282ns (68.798%))
  Logic Levels:           0  
  Clock Path Skew:        0.103ns (DCD - SCD - CPR)
    Destination Clock Delay (DCD):    1.994ns
    Source Clock Delay      (SCD):    1.391ns
    Clock Pessimism Removal (CPR):    0.500ns

    Location             Delay type                Incr(ns)  Path(ns)    Netlist Resource(s)
  -------------------------------------------------------------------    -------------------
                         (clock clk rise edge)        0.000     0.000 r  
    M18                                               0.000     0.000 r  clk (IN)
                         net (fo=0)                   0.000     0.000    clk
    M18                  IBUF (Prop_ibuf_I_O)         0.167     0.167 r  clk_IBUF_inst/O
                         net (fo=1, routed)           0.634     0.801    clk_IBUF
    BUFGCTRL_X0Y0        BUFG (Prop_bufg_I_O)         0.026     0.827 r  clk_IBUF_BUFG_inst/O
                         net (fo=11, routed)          0.564     1.391    clk_IBUF_BUFG
    SLICE_X11Y11         FDCE                                         r  adder_out_reg_reg[7]/C
  -------------------------------------------------------------------    -------------------
    SLICE_X11Y11         FDCE (Prop_fdce_C_Q)         0.128     1.519 r  adder_out_reg_reg[7]/Q
                         net (fo=24, routed)          0.282     1.801    mul1/Q[0]
    DSP48_X0Y5           DSP48E1                                      r  mul1/m3i/A[0]
  -------------------------------------------------------------------    -------------------

                         (clock clk rise edge)        0.000     0.000 r  
    M18                                               0.000     0.000 r  clk (IN)
                         net (fo=0)                   0.000     0.000    clk
    M18                  IBUF (Prop_ibuf_I_O)         0.356     0.356 r  clk_IBUF_inst/O
                         net (fo=1, routed)           0.689     1.044    clk_IBUF
    BUFGCTRL_X0Y0        BUFG (Prop_bufg_I_O)         0.029     1.073 r  clk_IBUF_BUFG_inst/O
                         net (fo=11, routed)          0.920     1.994    mul1/CLK
    DSP48_X0Y5           DSP48E1                                      r  mul1/m3i/CLK
                         clock pessimism             -0.500     1.493    
    DSP48_X0Y5           DSP48E1 (Hold_dsp48e1_CLK_A[0])
                                                     -0.508     0.985    mul1/m3i
  -------------------------------------------------------------------
                         required time                         -0.985    
                         arrival time                           1.801    
  -------------------------------------------------------------------
                         slack                                  0.816    





Pulse Width Checks
--------------------------------------------------------------------------------------
Clock Name:         clk
Waveform(ns):       { 0.000 5.000 }
Period(ns):         10.000
Sources:            { clk }

Check Type        Corner  Lib Pin      Reference Pin  Required(ns)  Actual(ns)  Slack(ns)  Location       Pin
Min Period        n/a     BUFG/I       n/a            2.155         10.000      7.845      BUFGCTRL_X0Y0  clk_IBUF_BUFG_inst/I
Min Period        n/a     DSP48E1/CLK  n/a            2.154         10.000      7.846      DSP48_X0Y5     mul1/m3i/CLK
Min Period        n/a     FDCE/C       n/a            1.000         10.000      9.000      SLICE_X10Y12   y_OBUF[7]_inst_i_2/C
Min Period        n/a     FDCE/C       n/a            1.000         10.000      9.000      SLICE_X8Y12    adder_out_reg_reg[10]/C
Min Period        n/a     FDCE/C       n/a            1.000         10.000      9.000      SLICE_X8Y12    adder_out_reg_reg[11]/C
Min Period        n/a     FDCE/C       n/a            1.000         10.000      9.000      SLICE_X8Y12    adder_out_reg_reg[12]/C
Min Period        n/a     FDCE/C       n/a            1.000         10.000      9.000      SLICE_X8Y12    adder_out_reg_reg[13]/C
Min Period        n/a     FDCE/C       n/a            1.000         10.000      9.000      SLICE_X11Y11   adder_out_reg_reg[14]/C
Min Period        n/a     FDCE/C       n/a            1.000         10.000      9.000      SLICE_X10Y13   adder_out_reg_reg[15]/C
Min Period        n/a     FDCE/C       n/a            1.000         10.000      9.000      SLICE_X11Y11   adder_out_reg_reg[7]/C
Low Pulse Width   Fast    FDCE/C       n/a            0.500         5.000       4.500      SLICE_X10Y13   adder_out_reg_reg[15]/C
Low Pulse Width   Fast    FDCE/C       n/a            0.500         5.000       4.500      SLICE_X10Y12   y_OBUF[7]_inst_i_2/C
Low Pulse Width   Fast    FDCE/C       n/a            0.500         5.000       4.500      SLICE_X8Y12    adder_out_reg_reg[10]/C
Low Pulse Width   Fast    FDCE/C       n/a            0.500         5.000       4.500      SLICE_X8Y12    adder_out_reg_reg[11]/C
Low Pulse Width   Fast    FDCE/C       n/a            0.500         5.000       4.500      SLICE_X8Y12    adder_out_reg_reg[12]/C
Low Pulse Width   Fast    FDCE/C       n/a            0.500         5.000       4.500      SLICE_X8Y12    adder_out_reg_reg[13]/C
Low Pulse Width   Fast    FDCE/C       n/a            0.500         5.000       4.500      SLICE_X11Y11   adder_out_reg_reg[14]/C
Low Pulse Width   Fast    FDCE/C       n/a            0.500         5.000       4.500      SLICE_X11Y11   adder_out_reg_reg[7]/C
Low Pulse Width   Fast    FDCE/C       n/a            0.500         5.000       4.500      SLICE_X9Y12    adder_out_reg_reg[8]/C
Low Pulse Width   Fast    FDCE/C       n/a            0.500         5.000       4.500      SLICE_X9Y12    adder_out_reg_reg[9]/C
High Pulse Width  Slow    FDCE/C       n/a            0.500         5.000       4.500      SLICE_X11Y11   adder_out_reg_reg[14]/C
High Pulse Width  Slow    FDCE/C       n/a            0.500         5.000       4.500      SLICE_X11Y11   adder_out_reg_reg[7]/C
High Pulse Width  Slow    FDCE/C       n/a            0.500         5.000       4.500      SLICE_X10Y12   y_OBUF[7]_inst_i_2/C
High Pulse Width  Slow    FDCE/C       n/a            0.500         5.000       4.500      SLICE_X8Y12    adder_out_reg_reg[10]/C
High Pulse Width  Slow    FDCE/C       n/a            0.500         5.000       4.500      SLICE_X8Y12    adder_out_reg_reg[11]/C
High Pulse Width  Slow    FDCE/C       n/a            0.500         5.000       4.500      SLICE_X8Y12    adder_out_reg_reg[12]/C
High Pulse Width  Slow    FDCE/C       n/a            0.500         5.000       4.500      SLICE_X8Y12    adder_out_reg_reg[13]/C
High Pulse Width  Fast    FDCE/C       n/a            0.500         5.000       4.500      SLICE_X11Y11   adder_out_reg_reg[14]/C
High Pulse Width  Slow    FDCE/C       n/a            0.500         5.000       4.500      SLICE_X10Y13   adder_out_reg_reg[15]/C
High Pulse Width  Fast    FDCE/C       n/a            0.500         5.000       4.500      SLICE_X11Y11   adder_out_reg_reg[7]/C



