#-----------------------------------------------------------
# Vivado v2018.3 (64-bit)
# SW Build 2405991 on Thu Dec  6 23:38:27 MST 2018
# IP Build 2404404 on Fri Dec  7 01:43:56 MST 2018
# Start of session at: Sun Apr 26 19:19:16 2026
# Process ID: 3172
# Current directory: C:/Mac/Home/Documents/GitHub/EEEE4123/Project/IntMatMulCore/IntMatMulCore.srcs/sources_1/ip/dpram64x32
# Command line: vivado.exe -gui_launcher_event rodinguilauncherevent13260 C:\Mac\Home\Documents\GitHub\EEEE4123\Project\IntMatMulCore\IntMatMulCore.srcs\sources_1\ip\dpram64x32\dpram64x32.dcp
# Log file: C:/Mac/Home/Documents/GitHub/EEEE4123/Project/IntMatMulCore/IntMatMulCore.srcs/sources_1/ip/dpram64x32/vivado.log
# Journal file: C:/Mac/Home/Documents/GitHub/EEEE4123/Project/IntMatMulCore/IntMatMulCore.srcs/sources_1/ip/dpram64x32\vivado.jou
#-----------------------------------------------------------
start_gui
open_checkpoint C:/Mac/Home/Documents/GitHub/EEEE4123/Project/IntMatMulCore/IntMatMulCore.srcs/sources_1/ip/dpram64x32/dpram64x32.dcp
Command: open_checkpoint C:/Mac/Home/Documents/GitHub/EEEE4123/Project/IntMatMulCore/IntMatMulCore.srcs/sources_1/ip/dpram64x32/dpram64x32.dcp

Starting open_checkpoint Task

Time (s): cpu = 00:00:00 ; elapsed = 00:00:00.046 . Memory (MB): peak = 678.918 ; gain = 0.000
INFO: [IP_Flow 19-234] Refreshing IP repexit
INFO: [Common 17-206] Exiting Vivado at Sun Apr 26 19:20:37 2026...
 [IP_Flow 19-2313] Loaded Vivado IP repository 'C:/Xilinx/Vivado/2018.3/data/ip'.
INFO: [Netlist 29-17] Analyzing 1 Unisim elements for replacement
INFO: [Netlist 29-28] Unisim Transformation completed in 0 CPU seconds
INFO: [Project 1-479] Netlist was created with Vivado 2018.3
INFO: [Device 21-403] Loading part xc7a15tcpg236-1
INFO: [Project 1-570] Preparing netlist for logic optimization
Netlist sorting complete. Time (s): cpu = 00:00:00 ; elapsed = 00:00:00 . Memory (MB): peak = 990.359 ; gain = 0.000
INFO: [Project 1-111] Unisim Transformation Summary:
No Unisim elements were transformed.

INFO: [Project 1-604] Checkpoint was created with Vivado v2018.3 (64-bit) build 2405991
open_checkpoint: Time (s): cpu = 00:00:19 ; elapsed = 00:00:23 . Memory (MB): peak = 1124.031 ; gain = 445.113
exit
INFO: [Common 17-206] Exiting Vivado at Sun Apr 26 19:21:03 2026...
