#-----------------------------------------------------------
# Vivado v2018.3 (64-bit)
# SW Build 2405991 on Thu Dec  6 23:38:27 MST 2018
# IP Build 2404404 on Fri Dec  7 01:43:56 MST 2018
# Start of session at: Thu Feb  5 09:00:02 2026
# Process ID: 14068
# Current directory: C:/Users/eeyaa63/Downloads/EEEE4123/Lab1
# Command line: vivado.exe -gui_launcher_event rodinguilauncherevent15092 C:\Users\eeyaa63\Downloads\EEEE4123\Lab1\Lab1.xpr
# Log file: C:/Users/eeyaa63/Downloads/EEEE4123/Lab1/vivado.log
# Journal file: C:/Users/eeyaa63/Downloads/EEEE4123/Lab1\vivado.jou
#-----------------------------------------------------------
start_gui
open_project C:/Users/eeyaa63/Downloads/EEEE4123/Lab1/Lab1.xpr
Scanning sources...
Finished scanning sources
INFO: [IP_Flow 19-234] Refreshing IP repositories
INFO: [IP_Flow 19-1704] No user IP repositories specified
INFO: [IP_Flow 19-2313] Loaded Vivado IP repository 'C:/Xilinx/Vivado/2018.3/data/ip'.
open_project: Time (s): cpu = 00:00:28 ; elapsed = 00:00:20 . Memory (MB): peak = 808.258 ; gain = 189.047
update_compile_order -fileset sources_1
reset_run synth_1
launch_runs synth_1 -jobs 8
[Thu Feb  5 09:03:59 2026] Launched synth_1...
Run output will be captured here: C:/Users/eeyaa63/Downloads/EEEE4123/Lab1/Lab1.runs/synth_1/runme.log
launch_runs impl_1 -jobs 8
[Thu Feb  5 09:04:37 2026] Launched impl_1...
Run output will be captured here: C:/Users/eeyaa63/Downloads/EEEE4123/Lab1/Lab1.runs/impl_1/runme.log
reset_run impl_1
WARNING: [Vivado 12-1017] Problems encountered:
1. PID not specified

launch_simulation -mode post-synthesis -type functional
INFO: [Vivado 12-5682] Launching post-synthesis functional simulation in 'C:/Users/eeyaa63/Downloads/EEEE4123/Lab1/Lab1.sim/sim_1/synth/func/xsim'
INFO: [SIM-utils-51] Simulation object is 'sim_1'
Design is defaulting to impl run constrset: constrs_1
Design is defaulting to synth run part: xc7a15tcpg236-1
INFO: [Project 1-479] Netlist was created with Vivado 2018.3
INFO: [Device 21-403] Loading part xc7a15tcpg236-1
INFO: [Project 1-570] Preparing netlist for logic optimization
INFO: [Opt 31-138] Pushed 0 inverter(s) to 0 load pin(s).
Netlist sorting complete. Time (s): cpu = 00:00:00 ; elapsed = 00:00:00 . Memory (MB): peak = 1059.926 ; gain = 0.000
INFO: [Project 1-111] Unisim Transformation Summary:
No Unisim elements were transformed.

open_run: Time (s): cpu = 00:00:22 ; elapsed = 00:00:10 . Memory (MB): peak = 1267.586 ; gain = 455.941
INFO: [SIM-utils-24] Writing simulation netlist file for design 'synth_1'...
INFO: [SIM-utils-26] write_vhdl -mode funcsim -nolib -force -file "C:/Users/eeyaa63/Downloads/EEEE4123/Lab1/Lab1.sim/sim_1/synth/func/xsim/adder_tb_func_synth.vhd"
INFO: [SIM-utils-36] Netlist generated:C:/Users/eeyaa63/Downloads/EEEE4123/Lab1/Lab1.sim/sim_1/synth/func/xsim/adder_tb_func_synth.vhd
INFO: [SIM-utils-54] Inspecting design source files for 'adder_tb' in fileset 'sim_1'...
INFO: [USF-XSim-2] XSim::Compile design
INFO: [USF-XSim-61] Executing 'COMPILE and ANALYZE' step in 'C:/Users/eeyaa63/Downloads/EEEE4123/Lab1/Lab1.sim/sim_1/synth/func/xsim'
"xvhdl --incr --relax -prj adder_tb_vhdl.prj"
INFO: [VRFC 10-163] Analyzing VHDL file "C:/Users/eeyaa63/Downloads/EEEE4123/Lab1/Lab1.sim/sim_1/synth/func/xsim/adder_tb_func_synth.vhd" into library xil_defaultlib
INFO: [VRFC 10-3107] analyzing entity 'adder'
INFO: [VRFC 10-163] Analyzing VHDL file "C:/Users/eeyaa63/Downloads/EEEE4123/Lab1/Lab1.srcs/sim_1/new/adder_tb.vhd" into library xil_defaultlib
INFO: [VRFC 10-3107] analyzing entity 'adder_tb'
INFO: [USF-XSim-69] 'compile' step finished in '4' seconds
INFO: [USF-XSim-3] XSim::Elaborate design
INFO: [USF-XSim-61] Executing 'ELABORATE' step in 'C:/Users/eeyaa63/Downloads/EEEE4123/Lab1/Lab1.sim/sim_1/synth/func/xsim'
Vivado Simulator 2018.3
Copyright 1986-1999, 2001-2018 Xilinx, Inc. All Rights Reserved.
Running: C:/Xilinx/Vivado/2018.3/bin/unwrapped/win64.o/xelab.exe -wto a91e8841489e421ca4fed123f5163e0d --incr --debug typical --relax --mt 2 -L xil_defaultlib -L secureip --snapshot adder_tb_func_synth xil_defaultlib.adder_tb -log elaborate.log 
Using 2 slave threads.
Starting static elaboration
Completed static elaboration
Starting simulation data flow analysis
Completed simulation data flow analysis
Time Resolution for simulation is 1ps
Compiling package std.standard
Compiling package std.textio
Compiling package ieee.std_logic_1164
Compiling package ieee.numeric_std
Compiling package unisim.vcomponents
Compiling package ieee.vital_timing
Compiling package ieee.vital_primitives
Compiling package unisim.vpkg
Compiling architecture ibuf_v of entity unisim.IBUF [\IBUF(1,9)(1,1)(1,4)(1,7)\]
Compiling architecture obuf_v of entity unisim.OBUF [\OBUF(1,9)(1,7)(1,4)\]
Compiling architecture lut2_v of entity unisim.LUT2 [\LUT2(init="0110")(0,3)\]
Compiling architecture lut4_v of entity unisim.LUT4 [\LUT4(init="1000011101111000")(0...]
Compiling architecture lut6_v of entity unisim.LUT6 [\LUT6(init="11111000100000000000...]
Compiling architecture lut3_v of entity unisim.LUT3 [\LUT3(init="10010110")(0,7)\]
Compiling architecture lut3_v of entity unisim.LUT3 [\LUT3(init="11101000")(0,7)\]
Compiling architecture lut6_v of entity unisim.LUT6 [\LUT6(init="11101110111011101110...]
Compiling architecture structure of entity xil_defaultlib.adder [adder_default]
Compiling architecture behavioral of entity xil_defaultlib.adder_tb
Built simulation snapshot adder_tb_func_synth

****** Webtalk v2018.3 (64-bit)
  **** SW Build 2405991 on Thu Dec  6 23:38:27 MST 2018
  **** IP Build 2404404 on Fri Dec  7 01:43:56 MST 2018
    ** Copyright 1986-2018 Xilinx, Inc. All Rights Reserved.

source C:/Users/eeyaa63/Downloads/EEEE4123/Lab1/Lab1.sim/sim_1/synth/func/xsim/xsim.dir/adder_tb_func_synth/webtalk/xsim_webtalk.tcl -notrace
INFO: [Common 17-206] Exiting Webtalk at Thu Feb  5 09:05:34 2026...
run_program: Time (s): cpu = 00:00:04 ; elapsed = 00:00:12 . Memory (MB): peak = 1636.293 ; gain = 363.055
INFO: [USF-XSim-69] 'elaborate' step finished in '12' seconds
INFO: [USF-XSim-4] XSim::Simulate design
INFO: [USF-XSim-61] Executing 'SIMULATE' step in 'C:/Users/eeyaa63/Downloads/EEEE4123/Lab1/Lab1.sim/sim_1/synth/func/xsim'
INFO: [USF-XSim-98] *** Running xsim
   with args "adder_tb_func_synth -key {Post-Synthesis:sim_1:Functional:adder_tb} -tclbatch {adder_tb.tcl} -log {simulate.log}"
INFO: [USF-XSim-8] Loading simulator feature
Vivado Simulator 2018.3
Time resolution is 1 ps
source adder_tb.tcl
# set curr_wave [current_wave_config]
# if { [string length $curr_wave] == 0 } {
#   if { [llength [get_objects]] > 0} {
#     add_wave /
#     set_property needs_save false [current_wave_config]
#   } else {
#      send_msg_id Add_Wave-1 WARNING "No top level signals found. Simulator will start without a wave window. If you want to open a wave window go to 'File->New Waveform Configuration' or type 'create_wave_config' in the TCL console."
#   }
# }
# run 1000ns
INFO: [USF-XSim-96] XSim completed. Design snapshot 'adder_tb_func_synth' loaded.
INFO: [USF-XSim-97] XSim simulation ran for 1000ns
launch_simulation: Time (s): cpu = 00:00:56 ; elapsed = 00:00:36 . Memory (MB): peak = 1697.281 ; gain = 885.637
run 10 us
run 10 us
reset_run synth_1
WARNING: [Vivado 12-1017] Problems encountered:
1. Failed to delete one or more files in run directory C:/Users/eeyaa63/Downloads/EEEE4123/Lab1/Lab1.runs/synth_1

launch_runs synth_1 -jobs 8
[Thu Feb  5 09:08:31 2026] Launched synth_1...
Run output will be captured here: C:/Users/eeyaa63/Downloads/EEEE4123/Lab1/Lab1.runs/synth_1/runme.log
close_sim
INFO: [Simtcl 6-16] Simulation closed
close_sim: Time (s): cpu = 00:00:04 ; elapsed = 00:00:06 . Memory (MB): peak = 1722.391 ; gain = 0.000
close_design
launch_simulation -mode post-synthesis -type functional
INFO: [Vivado 12-5682] Launching post-synthesis functional simulation in 'C:/Users/eeyaa63/Downloads/EEEE4123/Lab1/Lab1.sim/sim_1/synth/func/xsim'
INFO: [SIM-utils-51] Simulation object is 'sim_1'
Design is defaulting to impl run constrset: constrs_1
Design is defaulting to synth run part: xc7a15tcpg236-1
INFO: [Project 1-479] Netlist was created with Vivado 2018.3
INFO: [Project 1-570] Preparing netlist for logic optimization
INFO: [Opt 31-138] Pushed 0 inverter(s) to 0 load pin(s).
Netlist sorting complete. Time (s): cpu = 00:00:00 ; elapsed = 00:00:00 . Memory (MB): peak = 1722.391 ; gain = 0.000
INFO: [Project 1-111] Unisim Transformation Summary:
No Unisim elements were transformed.

INFO: [SIM-utils-24] Writing simulation netlist file for design 'synth_1'...
INFO: [SIM-utils-26] write_vhdl -mode funcsim -nolib -force -file "C:/Users/eeyaa63/Downloads/EEEE4123/Lab1/Lab1.sim/sim_1/synth/func/xsim/adder_tb_func_synth.vhd"
INFO: [SIM-utils-36] Netlist generated:C:/Users/eeyaa63/Downloads/EEEE4123/Lab1/Lab1.sim/sim_1/synth/func/xsim/adder_tb_func_synth.vhd
INFO: [SIM-utils-54] Inspecting design source files for 'adder_tb' in fileset 'sim_1'...
INFO: [USF-XSim-2] XSim::Compile design
INFO: [USF-XSim-61] Executing 'COMPILE and ANALYZE' step in 'C:/Users/eeyaa63/Downloads/EEEE4123/Lab1/Lab1.sim/sim_1/synth/func/xsim'
"xvhdl --incr --relax -prj adder_tb_vhdl.prj"
INFO: [VRFC 10-163] Analyzing VHDL file "C:/Users/eeyaa63/Downloads/EEEE4123/Lab1/Lab1.sim/sim_1/synth/func/xsim/adder_tb_func_synth.vhd" into library xil_defaultlib
INFO: [VRFC 10-3107] analyzing entity 'adder'
INFO: [VRFC 10-163] Analyzing VHDL file "C:/Users/eeyaa63/Downloads/EEEE4123/Lab1/Lab1.srcs/sim_1/new/adder_tb.vhd" into library xil_defaultlib
INFO: [VRFC 10-3107] analyzing entity 'adder_tb'
INFO: [USF-XSim-69] 'compile' step finished in '3' seconds
INFO: [USF-XSim-3] XSim::Elaborate design
INFO: [USF-XSim-61] Executing 'ELABORATE' step in 'C:/Users/eeyaa63/Downloads/EEEE4123/Lab1/Lab1.sim/sim_1/synth/func/xsim'
Vivado Simulator 2018.3
Copyright 1986-1999, 2001-2018 Xilinx, Inc. All Rights Reserved.
Running: C:/Xilinx/Vivado/2018.3/bin/unwrapped/win64.o/xelab.exe -wto a91e8841489e421ca4fed123f5163e0d --incr --debug typical --relax --mt 2 -L xil_defaultlib -L secureip --snapshot adder_tb_func_synth xil_defaultlib.adder_tb -log elaborate.log 
Using 2 slave threads.
Starting static elaboration
Completed static elaboration
Starting simulation data flow analysis
Completed simulation data flow analysis
Time Resolution for simulation is 1ps
Compiling package std.standard
Compiling package std.textio
Compiling package ieee.std_logic_1164
Compiling package ieee.numeric_std
Compiling package unisim.vcomponents
Compiling package ieee.vital_timing
Compiling package ieee.vital_primitives
Compiling package unisim.vpkg
Compiling architecture ibuf_v of entity unisim.IBUF [\IBUF(1,9)(1,1)(1,4)(1,7)\]
Compiling architecture obuf_v of entity unisim.OBUF [\OBUF(1,9)(1,7)(1,4)\]
Compiling architecture lut2_v of entity unisim.LUT2 [\LUT2(init="0110")(0,3)\]
Compiling architecture lut4_v of entity unisim.LUT4 [\LUT4(init="1000011101111000")(0...]
Compiling architecture lut6_v of entity unisim.LUT6 [\LUT6(init="11111000100000000000...]
Compiling architecture lut3_v of entity unisim.LUT3 [\LUT3(init="10010110")(0,7)\]
Compiling architecture lut3_v of entity unisim.LUT3 [\LUT3(init="11101000")(0,7)\]
Compiling architecture lut6_v of entity unisim.LUT6 [\LUT6(init="11101110111011101110...]
Compiling architecture structure of entity xil_defaultlib.adder [adder_default]
Compiling architecture behavioral of entity xil_defaultlib.adder_tb
Built simulation snapshot adder_tb_func_synth
INFO: [USF-XSim-69] 'elaborate' step finished in '5' seconds
INFO: [USF-XSim-4] XSim::Simulate design
INFO: [USF-XSim-61] Executing 'SIMULATE' step in 'C:/Users/eeyaa63/Downloads/EEEE4123/Lab1/Lab1.sim/sim_1/synth/func/xsim'
INFO: [USF-XSim-98] *** Running xsim
   with args "adder_tb_func_synth -key {Post-Synthesis:sim_1:Functional:adder_tb} -tclbatch {adder_tb.tcl} -log {simulate.log}"
INFO: [USF-XSim-8] Loading simulator feature
Vivado Simulator 2018.3
Time resolution is 1 ps
source adder_tb.tcl
# set curr_wave [current_wave_config]
# if { [string length $curr_wave] == 0 } {
#   if { [llength [get_objects]] > 0} {
#     add_wave /
#     set_property needs_save false [current_wave_config]
#   } else {
#      send_msg_id Add_Wave-1 WARNING "No top level signals found. Simulator will start without a wave window. If you want to open a wave window go to 'File->New Waveform Configuration' or type 'create_wave_config' in the TCL console."
#   }
# }
# run 1000ns
INFO: [USF-XSim-96] XSim completed. Design snapshot 'adder_tb_func_synth' loaded.
INFO: [USF-XSim-97] XSim simulation ran for 1000ns
launch_simulation: Time (s): cpu = 00:00:12 ; elapsed = 00:00:14 . Memory (MB): peak = 1744.652 ; gain = 22.262
run 10 us
run 10 us
close [ open C:/Users/eeyaa63/Downloads/EEEE4123/Lab1/Lab1.srcs/sources_1/new/adder_overflow.vhd w ]
add_files C:/Users/eeyaa63/Downloads/EEEE4123/Lab1/Lab1.srcs/sources_1/new/adder_overflow.vhd
update_compile_order -fileset sources_1
set_property top adder_overflow [current_fileset]
update_compile_order -fileset sources_1
reset_run synth_1
WARNING: [Vivado 12-1017] Problems encountered:
1. Failed to delete one or more files in run directory C:/Users/eeyaa63/Downloads/EEEE4123/Lab1/Lab1.runs/synth_1

launch_runs synth_1 -jobs 8
[Thu Feb  5 09:18:57 2026] Launched synth_1...
Run output will be captured here: C:/Users/eeyaa63/Downloads/EEEE4123/Lab1/Lab1.runs/synth_1/runme.log
close_sim
INFO: [Simtcl 6-16] Simulation closed
close_design
launch_simulation -mode post-synthesis -type functional
INFO: [Vivado 12-5682] Launching post-synthesis functional simulation in 'C:/Users/eeyaa63/Downloads/EEEE4123/Lab1/Lab1.sim/sim_1/synth/func/xsim'
INFO: [SIM-utils-51] Simulation object is 'sim_1'
Design is defaulting to impl run constrset: constrs_1
Design is defaulting to synth run part: xc7a15tcpg236-1
INFO: [Project 1-479] Netlist was created with Vivado 2018.3
INFO: [Project 1-570] Preparing netlist for logic optimization
INFO: [Opt 31-138] Pushed 0 inverter(s) to 0 load pin(s).
Netlist sorting complete. Time (s): cpu = 00:00:00 ; elapsed = 00:00:00 . Memory (MB): peak = 1759.762 ; gain = 0.000
INFO: [Project 1-111] Unisim Transformation Summary:
No Unisim elements were transformed.

INFO: [SIM-utils-24] Writing simulation netlist file for design 'synth_1'...
INFO: [SIM-utils-26] write_vhdl -mode funcsim -nolib -force -file "C:/Users/eeyaa63/Downloads/EEEE4123/Lab1/Lab1.sim/sim_1/synth/func/xsim/adder_tb_func_synth.vhd"
INFO: [SIM-utils-36] Netlist generated:C:/Users/eeyaa63/Downloads/EEEE4123/Lab1/Lab1.sim/sim_1/synth/func/xsim/adder_tb_func_synth.vhd
INFO: [SIM-utils-54] Inspecting design source files for 'adder_tb' in fileset 'sim_1'...
INFO: [USF-XSim-2] XSim::Compile design
INFO: [USF-XSim-61] Executing 'COMPILE and ANALYZE' step in 'C:/Users/eeyaa63/Downloads/EEEE4123/Lab1/Lab1.sim/sim_1/synth/func/xsim'
"xvhdl --incr --relax -prj adder_tb_vhdl.prj"
INFO: [VRFC 10-163] Analyzing VHDL file "C:/Users/eeyaa63/Downloads/EEEE4123/Lab1/Lab1.sim/sim_1/synth/func/xsim/adder_tb_func_synth.vhd" into library xil_defaultlib
INFO: [VRFC 10-3107] analyzing entity 'adder_overflow'
INFO: [VRFC 10-163] Analyzing VHDL file "C:/Users/eeyaa63/Downloads/EEEE4123/Lab1/Lab1.srcs/sources_1/new/adder.vhd" into library xil_defaultlib
INFO: [VRFC 10-3107] analyzing entity 'adder'
INFO: [VRFC 10-163] Analyzing VHDL file "C:/Users/eeyaa63/Downloads/EEEE4123/Lab1/Lab1.srcs/sim_1/new/adder_tb.vhd" into library xil_defaultlib
INFO: [VRFC 10-3107] analyzing entity 'adder_tb'
INFO: [USF-XSim-69] 'compile' step finished in '3' seconds
INFO: [USF-XSim-3] XSim::Elaborate design
INFO: [USF-XSim-61] Executing 'ELABORATE' step in 'C:/Users/eeyaa63/Downloads/EEEE4123/Lab1/Lab1.sim/sim_1/synth/func/xsim'
Vivado Simulator 2018.3
Copyright 1986-1999, 2001-2018 Xilinx, Inc. All Rights Reserved.
Running: C:/Xilinx/Vivado/2018.3/bin/unwrapped/win64.o/xelab.exe -wto a91e8841489e421ca4fed123f5163e0d --incr --debug typical --relax --mt 2 -L xil_defaultlib -L secureip --snapshot adder_tb_func_synth xil_defaultlib.adder_tb -log elaborate.log 
Using 2 slave threads.
Starting static elaboration
Completed static elaboration
Starting simulation data flow analysis
Completed simulation data flow analysis
Time Resolution for simulation is 1ps
Compiling package std.standard
Compiling package std.textio
Compiling package ieee.std_logic_1164
Compiling package ieee.numeric_std
Compiling architecture behavioral of entity xil_defaultlib.adder [adder_default]
Compiling architecture behavioral of entity xil_defaultlib.adder_tb
Built simulation snapshot adder_tb_func_synth
INFO: [USF-XSim-69] 'elaborate' step finished in '3' seconds
INFO: [USF-XSim-4] XSim::Simulate design
INFO: [USF-XSim-61] Executing 'SIMULATE' step in 'C:/Users/eeyaa63/Downloads/EEEE4123/Lab1/Lab1.sim/sim_1/synth/func/xsim'
INFO: [USF-XSim-98] *** Running xsim
   with args "adder_tb_func_synth -key {Post-Synthesis:sim_1:Functional:adder_tb} -tclbatch {adder_tb.tcl} -log {simulate.log}"
INFO: [USF-XSim-8] Loading simulator feature
Vivado Simulator 2018.3
Time resolution is 1 ps
source adder_tb.tcl
# set curr_wave [current_wave_config]
# if { [string length $curr_wave] == 0 } {
#   if { [llength [get_objects]] > 0} {
#     add_wave /
#     set_property needs_save false [current_wave_config]
#   } else {
#      send_msg_id Add_Wave-1 WARNING "No top level signals found. Simulator will start without a wave window. If you want to open a wave window go to 'File->New Waveform Configuration' or type 'create_wave_config' in the TCL console."
#   }
# }
# run 1000ns
INFO: [USF-XSim-96] XSim completed. Design snapshot 'adder_tb_func_synth' loaded.
INFO: [USF-XSim-97] XSim simulation ran for 1000ns
launch_simulation: Time (s): cpu = 00:00:10 ; elapsed = 00:00:12 . Memory (MB): peak = 1767.527 ; gain = 7.766
run 10 us
run 10 us
set_property top adder [current_fileset]
update_compile_order -fileset sources_1
add_bp {C:/Users/eeyaa63/Downloads/EEEE4123/Lab1/Lab1.srcs/sources_1/new/adder.vhd} 48
remove_bps -file {C:/Users/eeyaa63/Downloads/EEEE4123/Lab1/Lab1.srcs/sources_1/new/adder.vhd} -line 48
reset_run synth_1
WARNING: [Vivado 12-1017] Problems encountered:
1. Failed to delete one or more files in run directory C:/Users/eeyaa63/Downloads/EEEE4123/Lab1/Lab1.runs/synth_1

launch_runs synth_1 -jobs 8
[Thu Feb  5 09:35:30 2026] Launched synth_1...
Run output will be captured here: C:/Users/eeyaa63/Downloads/EEEE4123/Lab1/Lab1.runs/synth_1/runme.log
close_sim
INFO: [Simtcl 6-16] Simulation closed
close_design
launch_simulation -mode post-synthesis -type functional
INFO: [Vivado 12-5682] Launching post-synthesis functional simulation in 'C:/Users/eeyaa63/Downloads/EEEE4123/Lab1/Lab1.sim/sim_1/synth/func/xsim'
INFO: [SIM-utils-51] Simulation object is 'sim_1'
Design is defaulting to impl run constrset: constrs_1
Design is defaulting to synth run part: xc7a15tcpg236-1
INFO: [Project 1-479] Netlist was created with Vivado 2018.3
INFO: [Project 1-570] Preparing netlist for logic optimization
INFO: [Opt 31-138] Pushed 0 inverter(s) to 0 load pin(s).
Netlist sorting complete. Time (s): cpu = 00:00:00 ; elapsed = 00:00:00 . Memory (MB): peak = 1817.691 ; gain = 0.000
INFO: [Project 1-111] Unisim Transformation Summary:
No Unisim elements were transformed.

INFO: [SIM-utils-24] Writing simulation netlist file for design 'synth_1'...
INFO: [SIM-utils-26] write_vhdl -mode funcsim -nolib -force -file "C:/Users/eeyaa63/Downloads/EEEE4123/Lab1/Lab1.sim/sim_1/synth/func/xsim/adder_tb_func_synth.vhd"
INFO: [SIM-utils-36] Netlist generated:C:/Users/eeyaa63/Downloads/EEEE4123/Lab1/Lab1.sim/sim_1/synth/func/xsim/adder_tb_func_synth.vhd
INFO: [SIM-utils-54] Inspecting design source files for 'adder_tb' in fileset 'sim_1'...
INFO: [USF-XSim-2] XSim::Compile design
INFO: [USF-XSim-61] Executing 'COMPILE and ANALYZE' step in 'C:/Users/eeyaa63/Downloads/EEEE4123/Lab1/Lab1.sim/sim_1/synth/func/xsim'
"xvhdl --incr --relax -prj adder_tb_vhdl.prj"
INFO: [VRFC 10-163] Analyzing VHDL file "C:/Users/eeyaa63/Downloads/EEEE4123/Lab1/Lab1.sim/sim_1/synth/func/xsim/adder_tb_func_synth.vhd" into library xil_defaultlib
INFO: [VRFC 10-3107] analyzing entity 'adder'
INFO: [VRFC 10-163] Analyzing VHDL file "C:/Users/eeyaa63/Downloads/EEEE4123/Lab1/Lab1.srcs/sim_1/new/adder_tb.vhd" into library xil_defaultlib
INFO: [VRFC 10-3107] analyzing entity 'adder_tb'
INFO: [USF-XSim-69] 'compile' step finished in '3' seconds
INFO: [USF-XSim-3] XSim::Elaborate design
INFO: [USF-XSim-61] Executing 'ELABORATE' step in 'C:/Users/eeyaa63/Downloads/EEEE4123/Lab1/Lab1.sim/sim_1/synth/func/xsim'
Vivado Simulator 2018.3
Copyright 1986-1999, 2001-2018 Xilinx, Inc. All Rights Reserved.
Running: C:/Xilinx/Vivado/2018.3/bin/unwrapped/win64.o/xelab.exe -wto a91e8841489e421ca4fed123f5163e0d --incr --debug typical --relax --mt 2 -L xil_defaultlib -L secureip --snapshot adder_tb_func_synth xil_defaultlib.adder_tb -log elaborate.log 
Using 2 slave threads.
Starting static elaboration
Completed static elaboration
Starting simulation data flow analysis
Completed simulation data flow analysis
Time Resolution for simulation is 1ps
Compiling package std.standard
Compiling package std.textio
Compiling package ieee.std_logic_1164
Compiling package ieee.numeric_std
Compiling package unisim.vcomponents
Compiling package ieee.vital_timing
Compiling package ieee.vital_primitives
Compiling package unisim.vpkg
Compiling architecture ibuf_v of entity unisim.IBUF [\IBUF(1,9)(1,1)(1,4)(1,7)\]
Compiling architecture obuf_v of entity unisim.OBUF [\OBUF(1,9)(1,7)(1,4)\]
Compiling architecture lut2_v of entity unisim.LUT2 [\LUT2(init="0110")(0,3)\]
Compiling architecture lut4_v of entity unisim.LUT4 [\LUT4(init="1000011101111000")(0...]
Compiling architecture lut6_v of entity unisim.LUT6 [\LUT6(init="11111000100000000000...]
Compiling architecture lut3_v of entity unisim.LUT3 [\LUT3(init="10010110")(0,7)\]
Compiling architecture lut3_v of entity unisim.LUT3 [\LUT3(init="11101000")(0,7)\]
Compiling architecture lut6_v of entity unisim.LUT6 [\LUT6(init="11101110111011101110...]
Compiling architecture structure of entity xil_defaultlib.adder [adder_default]
Compiling architecture behavioral of entity xil_defaultlib.adder_tb
Built simulation snapshot adder_tb_func_synth
INFO: [USF-XSim-69] 'elaborate' step finished in '4' seconds
INFO: [USF-XSim-4] XSim::Simulate design
INFO: [USF-XSim-61] Executing 'SIMULATE' step in 'C:/Users/eeyaa63/Downloads/EEEE4123/Lab1/Lab1.sim/sim_1/synth/func/xsim'
INFO: [USF-XSim-98] *** Running xsim
   with args "adder_tb_func_synth -key {Post-Synthesis:sim_1:Functional:adder_tb} -tclbatch {adder_tb.tcl} -log {simulate.log}"
INFO: [USF-XSim-8] Loading simulator feature
Vivado Simulator 2018.3
Time resolution is 1 ps
source adder_tb.tcl
# set curr_wave [current_wave_config]
# if { [string length $curr_wave] == 0 } {
#   if { [llength [get_objects]] > 0} {
#     add_wave /
#     set_property needs_save false [current_wave_config]
#   } else {
#      send_msg_id Add_Wave-1 WARNING "No top level signals found. Simulator will start without a wave window. If you want to open a wave window go to 'File->New Waveform Configuration' or type 'create_wave_config' in the TCL console."
#   }
# }
# run 1000ns
INFO: [USF-XSim-96] XSim completed. Design snapshot 'adder_tb_func_synth' loaded.
INFO: [USF-XSim-97] XSim simulation ran for 1000ns
launch_simulation: Time (s): cpu = 00:00:08 ; elapsed = 00:00:12 . Memory (MB): peak = 1817.691 ; gain = 0.000
reset_run synth_1
WARNING: [Vivado 12-1017] Problems encountered:
1. Failed to delete one or more files in run directory C:/Users/eeyaa63/Downloads/EEEE4123/Lab1/Lab1.runs/synth_1

launch_runs synth_1 -jobs 8
[Thu Feb  5 09:43:52 2026] Launched synth_1...
Run output will be captured here: C:/Users/eeyaa63/Downloads/EEEE4123/Lab1/Lab1.runs/synth_1/runme.log
close_sim
INFO: [Simtcl 6-16] Simulation closed
close_design
launch_simulation -mode post-synthesis -type functional
INFO: [Vivado 12-5682] Launching post-synthesis functional simulation in 'C:/Users/eeyaa63/Downloads/EEEE4123/Lab1/Lab1.sim/sim_1/synth/func/xsim'
INFO: [SIM-utils-51] Simulation object is 'sim_1'
Design is defaulting to impl run constrset: constrs_1
Design is defaulting to synth run part: xc7a15tcpg236-1
INFO: [Project 1-479] Netlist was created with Vivado 2018.3
INFO: [Project 1-570] Preparing netlist for logic optimization
INFO: [Opt 31-138] Pushed 0 inverter(s) to 0 load pin(s).
Netlist sorting complete. Time (s): cpu = 00:00:00 ; elapsed = 00:00:00 . Memory (MB): peak = 1828.785 ; gain = 0.000
INFO: [Project 1-111] Unisim Transformation Summary:
No Unisim elements were transformed.

INFO: [SIM-utils-24] Writing simulation netlist file for design 'synth_1'...
INFO: [SIM-utils-26] write_vhdl -mode funcsim -nolib -force -file "C:/Users/eeyaa63/Downloads/EEEE4123/Lab1/Lab1.sim/sim_1/synth/func/xsim/adder_tb_func_synth.vhd"
INFO: [SIM-utils-36] Netlist generated:C:/Users/eeyaa63/Downloads/EEEE4123/Lab1/Lab1.sim/sim_1/synth/func/xsim/adder_tb_func_synth.vhd
INFO: [SIM-utils-54] Inspecting design source files for 'adder_tb' in fileset 'sim_1'...
INFO: [USF-XSim-2] XSim::Compile design
INFO: [USF-XSim-61] Executing 'COMPILE and ANALYZE' step in 'C:/Users/eeyaa63/Downloads/EEEE4123/Lab1/Lab1.sim/sim_1/synth/func/xsim'
"xvhdl --incr --relax -prj adder_tb_vhdl.prj"
INFO: [VRFC 10-163] Analyzing VHDL file "C:/Users/eeyaa63/Downloads/EEEE4123/Lab1/Lab1.sim/sim_1/synth/func/xsim/adder_tb_func_synth.vhd" into library xil_defaultlib
INFO: [VRFC 10-3107] analyzing entity 'adder'
INFO: [VRFC 10-163] Analyzing VHDL file "C:/Users/eeyaa63/Downloads/EEEE4123/Lab1/Lab1.srcs/sim_1/new/adder_tb.vhd" into library xil_defaultlib
INFO: [VRFC 10-3107] analyzing entity 'adder_tb'
INFO: [USF-XSim-69] 'compile' step finished in '2' seconds
INFO: [USF-XSim-3] XSim::Elaborate design
INFO: [USF-XSim-61] Executing 'ELABORATE' step in 'C:/Users/eeyaa63/Downloads/EEEE4123/Lab1/Lab1.sim/sim_1/synth/func/xsim'
Vivado Simulator 2018.3
Copyright 1986-1999, 2001-2018 Xilinx, Inc. All Rights Reserved.
Running: C:/Xilinx/Vivado/2018.3/bin/unwrapped/win64.o/xelab.exe -wto a91e8841489e421ca4fed123f5163e0d --incr --debug typical --relax --mt 2 -L xil_defaultlib -L secureip --snapshot adder_tb_func_synth xil_defaultlib.adder_tb -log elaborate.log 
Using 2 slave threads.
Starting static elaboration
Completed static elaboration
Starting simulation data flow analysis
Completed simulation data flow analysis
Time Resolution for simulation is 1ps
Compiling package std.standard
Compiling package std.textio
Compiling package ieee.std_logic_1164
Compiling package ieee.numeric_std
Compiling package unisim.vcomponents
Compiling package ieee.vital_timing
Compiling package ieee.vital_primitives
Compiling package unisim.vpkg
Compiling architecture ibuf_v of entity unisim.IBUF [\IBUF(1,9)(1,1)(1,4)(1,7)\]
Compiling architecture obuf_v of entity unisim.OBUF [\OBUF(1,9)(1,7)(1,4)\]
Compiling architecture lut2_v of entity unisim.LUT2 [\LUT2(init="0110")(0,3)\]
Compiling architecture lut4_v of entity unisim.LUT4 [\LUT4(init="1000011101111000")(0...]
Compiling architecture lut6_v of entity unisim.LUT6 [\LUT6(init="11111000100000000000...]
Compiling architecture lut3_v of entity unisim.LUT3 [\LUT3(init="10010110")(0,7)\]
Compiling architecture lut3_v of entity unisim.LUT3 [\LUT3(init="11101000")(0,7)\]
Compiling architecture lut6_v of entity unisim.LUT6 [\LUT6(init="11101110111011101110...]
Compiling architecture structure of entity xil_defaultlib.adder [adder_default]
Compiling architecture behavioral of entity xil_defaultlib.adder_tb
Built simulation snapshot adder_tb_func_synth
INFO: [USF-XSim-69] 'elaborate' step finished in '4' seconds
INFO: [USF-XSim-4] XSim::Simulate design
INFO: [USF-XSim-61] Executing 'SIMULATE' step in 'C:/Users/eeyaa63/Downloads/EEEE4123/Lab1/Lab1.sim/sim_1/synth/func/xsim'
INFO: [USF-XSim-98] *** Running xsim
   with args "adder_tb_func_synth -key {Post-Synthesis:sim_1:Functional:adder_tb} -tclbatch {adder_tb.tcl} -log {simulate.log}"
INFO: [USF-XSim-8] Loading simulator feature
Vivado Simulator 2018.3
Time resolution is 1 ps
source adder_tb.tcl
# set curr_wave [current_wave_config]
# if { [string length $curr_wave] == 0 } {
#   if { [llength [get_objects]] > 0} {
#     add_wave /
#     set_property needs_save false [current_wave_config]
#   } else {
#      send_msg_id Add_Wave-1 WARNING "No top level signals found. Simulator will start without a wave window. If you want to open a wave window go to 'File->New Waveform Configuration' or type 'create_wave_config' in the TCL console."
#   }
# }
# run 1000ns
INFO: [USF-XSim-96] XSim completed. Design snapshot 'adder_tb_func_synth' loaded.
INFO: [USF-XSim-97] XSim simulation ran for 1000ns
launch_simulation: Time (s): cpu = 00:00:08 ; elapsed = 00:00:12 . Memory (MB): peak = 1832.992 ; gain = 4.207
run 10 us
run all
run 10 us
reset_run synth_1
WARNING: [Vivado 12-1017] Problems encountered:
1. Failed to delete one or more files in run directory C:/Users/eeyaa63/Downloads/EEEE4123/Lab1/Lab1.runs/synth_1

launch_runs synth_1 -jobs 8
[Thu Feb  5 09:57:40 2026] Launched synth_1...
Run output will be captured here: C:/Users/eeyaa63/Downloads/EEEE4123/Lab1/Lab1.runs/synth_1/runme.log
close_sim
INFO: [Simtcl 6-16] Simulation closed
close_design
launch_simulation -mode post-synthesis -type functional
INFO: [Vivado 12-5682] Launching post-synthesis functional simulation in 'C:/Users/eeyaa63/Downloads/EEEE4123/Lab1/Lab1.sim/sim_1/synth/func/xsim'
INFO: [SIM-utils-51] Simulation object is 'sim_1'
Design is defaulting to impl run constrset: constrs_1
Design is defaulting to synth run part: xc7a15tcpg236-1
INFO: [Project 1-479] Netlist was created with Vivado 2018.3
INFO: [Project 1-570] Preparing netlist for logic optimization
INFO: [Opt 31-138] Pushed 0 inverter(s) to 0 load pin(s).
Netlist sorting complete. Time (s): cpu = 00:00:00 ; elapsed = 00:00:00 . Memory (MB): peak = 1838.512 ; gain = 0.000
INFO: [Project 1-111] Unisim Transformation Summary:
No Unisim elements were transformed.

INFO: [SIM-utils-24] Writing simulation netlist file for design 'synth_1'...
INFO: [SIM-utils-26] write_vhdl -mode funcsim -nolib -force -file "C:/Users/eeyaa63/Downloads/EEEE4123/Lab1/Lab1.sim/sim_1/synth/func/xsim/adder_tb_func_synth.vhd"
INFO: [SIM-utils-36] Netlist generated:C:/Users/eeyaa63/Downloads/EEEE4123/Lab1/Lab1.sim/sim_1/synth/func/xsim/adder_tb_func_synth.vhd
INFO: [SIM-utils-54] Inspecting design source files for 'adder_tb' in fileset 'sim_1'...
INFO: [USF-XSim-2] XSim::Compile design
INFO: [USF-XSim-61] Executing 'COMPILE and ANALYZE' step in 'C:/Users/eeyaa63/Downloads/EEEE4123/Lab1/Lab1.sim/sim_1/synth/func/xsim'
"xvhdl --incr --relax -prj adder_tb_vhdl.prj"
INFO: [VRFC 10-163] Analyzing VHDL file "C:/Users/eeyaa63/Downloads/EEEE4123/Lab1/Lab1.sim/sim_1/synth/func/xsim/adder_tb_func_synth.vhd" into library xil_defaultlib
INFO: [VRFC 10-3107] analyzing entity 'adder'
INFO: [VRFC 10-163] Analyzing VHDL file "C:/Users/eeyaa63/Downloads/EEEE4123/Lab1/Lab1.srcs/sim_1/new/adder_tb.vhd" into library xil_defaultlib
INFO: [VRFC 10-3107] analyzing entity 'adder_tb'
INFO: [USF-XSim-69] 'compile' step finished in '3' seconds
INFO: [USF-XSim-3] XSim::Elaborate design
INFO: [USF-XSim-61] Executing 'ELABORATE' step in 'C:/Users/eeyaa63/Downloads/EEEE4123/Lab1/Lab1.sim/sim_1/synth/func/xsim'
Vivado Simulator 2018.3
Copyright 1986-1999, 2001-2018 Xilinx, Inc. All Rights Reserved.
Running: C:/Xilinx/Vivado/2018.3/bin/unwrapped/win64.o/xelab.exe -wto a91e8841489e421ca4fed123f5163e0d --incr --debug typical --relax --mt 2 -L xil_defaultlib -L secureip --snapshot adder_tb_func_synth xil_defaultlib.adder_tb -log elaborate.log 
Using 2 slave threads.
Starting static elaboration
Completed static elaboration
Starting simulation data flow analysis
Completed simulation data flow analysis
Time Resolution for simulation is 1ps
Compiling package std.standard
Compiling package std.textio
Compiling package ieee.std_logic_1164
Compiling package ieee.numeric_std
Compiling package unisim.vcomponents
Compiling package ieee.vital_timing
Compiling package ieee.vital_primitives
Compiling package unisim.vpkg
Compiling architecture ibuf_v of entity unisim.IBUF [\IBUF(1,9)(1,1)(1,4)(1,7)\]
Compiling architecture obuf_v of entity unisim.OBUF [\OBUF(1,9)(1,7)(1,4)\]
Compiling architecture lut2_v of entity unisim.LUT2 [\LUT2(init="0110")(0,3)\]
Compiling architecture lut4_v of entity unisim.LUT4 [\LUT4(init="1000011101111000")(0...]
Compiling architecture lut6_v of entity unisim.LUT6 [\LUT6(init="11111000100000000000...]
Compiling architecture lut3_v of entity unisim.LUT3 [\LUT3(init="10010110")(0,7)\]
Compiling architecture lut4_v of entity unisim.LUT4 [\LUT4(init="1110000101111000")(0...]
Compiling architecture lut6_v of entity unisim.LUT6 [\LUT6(init="11101110111011101110...]
Compiling architecture structure of entity xil_defaultlib.adder [adder_default]
Compiling architecture behavioral of entity xil_defaultlib.adder_tb
Built simulation snapshot adder_tb_func_synth
INFO: [USF-XSim-69] 'elaborate' step finished in '3' seconds
INFO: [USF-XSim-4] XSim::Simulate design
INFO: [USF-XSim-61] Executing 'SIMULATE' step in 'C:/Users/eeyaa63/Downloads/EEEE4123/Lab1/Lab1.sim/sim_1/synth/func/xsim'
INFO: [USF-XSim-98] *** Running xsim
   with args "adder_tb_func_synth -key {Post-Synthesis:sim_1:Functional:adder_tb} -tclbatch {adder_tb.tcl} -log {simulate.log}"
INFO: [USF-XSim-8] Loading simulator feature
Vivado Simulator 2018.3
Time resolution is 1 ps
source adder_tb.tcl
# set curr_wave [current_wave_config]
# if { [string length $curr_wave] == 0 } {
#   if { [llength [get_objects]] > 0} {
#     add_wave /
#     set_property needs_save false [current_wave_config]
#   } else {
#      send_msg_id Add_Wave-1 WARNING "No top level signals found. Simulator will start without a wave window. If you want to open a wave window go to 'File->New Waveform Configuration' or type 'create_wave_config' in the TCL console."
#   }
# }
# run 1000ns
INFO: [USF-XSim-96] XSim completed. Design snapshot 'adder_tb_func_synth' loaded.
INFO: [USF-XSim-97] XSim simulation ran for 1000ns
launch_simulation: Time (s): cpu = 00:00:08 ; elapsed = 00:00:12 . Memory (MB): peak = 1843.406 ; gain = 4.895
run 10 us
close_sim
INFO: [Simtcl 6-16] Simulation closed
launch_simulation -mode post-synthesis -type functional
INFO: [Vivado 12-5682] Launching post-synthesis functional simulation in 'C:/Users/eeyaa63/Downloads/EEEE4123/Lab1/Lab1.sim/sim_1/synth/func/xsim'
INFO: [SIM-utils-51] Simulation object is 'sim_1'
INFO: [SIM-utils-24] Writing simulation netlist file for design 'synth_1'...
INFO: [SIM-utils-26] write_vhdl -mode funcsim -nolib -force -file "C:/Users/eeyaa63/Downloads/EEEE4123/Lab1/Lab1.sim/sim_1/synth/func/xsim/adder_tb_func_synth.vhd"
INFO: [SIM-utils-36] Netlist generated:C:/Users/eeyaa63/Downloads/EEEE4123/Lab1/Lab1.sim/sim_1/synth/func/xsim/adder_tb_func_synth.vhd
INFO: [SIM-utils-54] Inspecting design source files for 'adder_tb' in fileset 'sim_1'...
INFO: [USF-XSim-2] XSim::Compile design
INFO: [USF-XSim-61] Executing 'COMPILE and ANALYZE' step in 'C:/Users/eeyaa63/Downloads/EEEE4123/Lab1/Lab1.sim/sim_1/synth/func/xsim'
"xvhdl --incr --relax -prj adder_tb_vhdl.prj"
INFO: [VRFC 10-163] Analyzing VHDL file "C:/Users/eeyaa63/Downloads/EEEE4123/Lab1/Lab1.sim/sim_1/synth/func/xsim/adder_tb_func_synth.vhd" into library xil_defaultlib
INFO: [VRFC 10-3107] analyzing entity 'adder'
INFO: [VRFC 10-163] Analyzing VHDL file "C:/Users/eeyaa63/Downloads/EEEE4123/Lab1/Lab1.srcs/sim_1/new/adder_tb.vhd" into library xil_defaultlib
INFO: [VRFC 10-3107] analyzing entity 'adder_tb'
INFO: [USF-XSim-69] 'compile' step finished in '4' seconds
INFO: [USF-XSim-3] XSim::Elaborate design
INFO: [USF-XSim-61] Executing 'ELABORATE' step in 'C:/Users/eeyaa63/Downloads/EEEE4123/Lab1/Lab1.sim/sim_1/synth/func/xsim'
Vivado Simulator 2018.3
Copyright 1986-1999, 2001-2018 Xilinx, Inc. All Rights Reserved.
Running: C:/Xilinx/Vivado/2018.3/bin/unwrapped/win64.o/xelab.exe -wto a91e8841489e421ca4fed123f5163e0d --incr --debug typical --relax --mt 2 -L xil_defaultlib -L secureip --snapshot adder_tb_func_synth xil_defaultlib.adder_tb -log elaborate.log 
Using 2 slave threads.
Starting static elaboration
Completed static elaboration
Starting simulation data flow analysis
Completed simulation data flow analysis
Time Resolution for simulation is 1ps
Compiling package std.standard
Compiling package std.textio
Compiling package ieee.std_logic_1164
Compiling package ieee.numeric_std
Compiling package unisim.vcomponents
Compiling package ieee.vital_timing
Compiling package ieee.vital_primitives
Compiling package unisim.vpkg
Compiling architecture ibuf_v of entity unisim.IBUF [\IBUF(1,9)(1,1)(1,4)(1,7)\]
Compiling architecture obuf_v of entity unisim.OBUF [\OBUF(1,9)(1,7)(1,4)\]
Compiling architecture lut2_v of entity unisim.LUT2 [\LUT2(init="0110")(0,3)\]
Compiling architecture lut4_v of entity unisim.LUT4 [\LUT4(init="1000011101111000")(0...]
Compiling architecture lut6_v of entity unisim.LUT6 [\LUT6(init="11111000100000000000...]
Compiling architecture lut3_v of entity unisim.LUT3 [\LUT3(init="10010110")(0,7)\]
Compiling architecture lut4_v of entity unisim.LUT4 [\LUT4(init="1110000101111000")(0...]
Compiling architecture lut6_v of entity unisim.LUT6 [\LUT6(init="11101110111011101110...]
Compiling architecture structure of entity xil_defaultlib.adder [adder_default]
Compiling architecture behavioral of entity xil_defaultlib.adder_tb
Built simulation snapshot adder_tb_func_synth
INFO: [USF-XSim-69] 'elaborate' step finished in '4' seconds
INFO: [USF-XSim-4] XSim::Simulate design
INFO: [USF-XSim-61] Executing 'SIMULATE' step in 'C:/Users/eeyaa63/Downloads/EEEE4123/Lab1/Lab1.sim/sim_1/synth/func/xsim'
INFO: [USF-XSim-98] *** Running xsim
   with args "adder_tb_func_synth -key {Post-Synthesis:sim_1:Functional:adder_tb} -tclbatch {adder_tb.tcl} -log {simulate.log}"
INFO: [USF-XSim-8] Loading simulator feature
Vivado Simulator 2018.3
Time resolution is 1 ps
source adder_tb.tcl
# set curr_wave [current_wave_config]
# if { [string length $curr_wave] == 0 } {
#   if { [llength [get_objects]] > 0} {
#     add_wave /
#     set_property needs_save false [current_wave_config]
#   } else {
#      send_msg_id Add_Wave-1 WARNING "No top level signals found. Simulator will start without a wave window. If you want to open a wave window go to 'File->New Waveform Configuration' or type 'create_wave_config' in the TCL console."
#   }
# }
# run 1000ns
INFO: [USF-XSim-96] XSim completed. Design snapshot 'adder_tb_func_synth' loaded.
INFO: [USF-XSim-97] XSim simulation ran for 1000ns
launch_simulation: Time (s): cpu = 00:00:05 ; elapsed = 00:00:11 . Memory (MB): peak = 1847.715 ; gain = 0.000
run 10 us
close_sim
INFO: [Simtcl 6-16] Simulation closed
launch_simulation -mode post-synthesis -type functional
INFO: [Vivado 12-5682] Launching post-synthesis functional simulation in 'C:/Users/eeyaa63/Downloads/EEEE4123/Lab1/Lab1.sim/sim_1/synth/func/xsim'
INFO: [SIM-utils-51] Simulation object is 'sim_1'
INFO: [SIM-utils-24] Writing simulation netlist file for design 'synth_1'...
INFO: [SIM-utils-26] write_vhdl -mode funcsim -nolib -force -file "C:/Users/eeyaa63/Downloads/EEEE4123/Lab1/Lab1.sim/sim_1/synth/func/xsim/adder_tb_func_synth.vhd"
INFO: [SIM-utils-36] Netlist generated:C:/Users/eeyaa63/Downloads/EEEE4123/Lab1/Lab1.sim/sim_1/synth/func/xsim/adder_tb_func_synth.vhd
INFO: [SIM-utils-54] Inspecting design source files for 'adder_tb' in fileset 'sim_1'...
INFO: [USF-XSim-2] XSim::Compile design
INFO: [USF-XSim-61] Executing 'COMPILE and ANALYZE' step in 'C:/Users/eeyaa63/Downloads/EEEE4123/Lab1/Lab1.sim/sim_1/synth/func/xsim'
"xvhdl --incr --relax -prj adder_tb_vhdl.prj"
INFO: [VRFC 10-163] Analyzing VHDL file "C:/Users/eeyaa63/Downloads/EEEE4123/Lab1/Lab1.sim/sim_1/synth/func/xsim/adder_tb_func_synth.vhd" into library xil_defaultlib
INFO: [VRFC 10-3107] analyzing entity 'adder'
INFO: [VRFC 10-163] Analyzing VHDL file "C:/Users/eeyaa63/Downloads/EEEE4123/Lab1/Lab1.srcs/sim_1/new/adder_tb.vhd" into library xil_defaultlib
INFO: [VRFC 10-3107] analyzing entity 'adder_tb'
INFO: [USF-XSim-69] 'compile' step finished in '3' seconds
INFO: [USF-XSim-3] XSim::Elaborate design
INFO: [USF-XSim-61] Executing 'ELABORATE' step in 'C:/Users/eeyaa63/Downloads/EEEE4123/Lab1/Lab1.sim/sim_1/synth/func/xsim'
Vivado Simulator 2018.3
Copyright 1986-1999, 2001-2018 Xilinx, Inc. All Rights Reserved.
Running: C:/Xilinx/Vivado/2018.3/bin/unwrapped/win64.o/xelab.exe -wto a91e8841489e421ca4fed123f5163e0d --incr --debug typical --relax --mt 2 -L xil_defaultlib -L secureip --snapshot adder_tb_func_synth xil_defaultlib.adder_tb -log elaborate.log 
Using 2 slave threads.
Starting static elaboration
Completed static elaboration
Starting simulation data flow analysis
Completed simulation data flow analysis
Time Resolution for simulation is 1ps
Compiling package std.standard
Compiling package std.textio
Compiling package ieee.std_logic_1164
Compiling package ieee.numeric_std
Compiling package unisim.vcomponents
Compiling package ieee.vital_timing
Compiling package ieee.vital_primitives
Compiling package unisim.vpkg
Compiling architecture ibuf_v of entity unisim.IBUF [\IBUF(1,9)(1,1)(1,4)(1,7)\]
Compiling architecture obuf_v of entity unisim.OBUF [\OBUF(1,9)(1,7)(1,4)\]
Compiling architecture lut2_v of entity unisim.LUT2 [\LUT2(init="0110")(0,3)\]
Compiling architecture lut4_v of entity unisim.LUT4 [\LUT4(init="1000011101111000")(0...]
Compiling architecture lut6_v of entity unisim.LUT6 [\LUT6(init="11111000100000000000...]
Compiling architecture lut3_v of entity unisim.LUT3 [\LUT3(init="10010110")(0,7)\]
Compiling architecture lut4_v of entity unisim.LUT4 [\LUT4(init="1110000101111000")(0...]
Compiling architecture lut6_v of entity unisim.LUT6 [\LUT6(init="11101110111011101110...]
Compiling architecture structure of entity xil_defaultlib.adder [adder_default]
Compiling architecture behavioral of entity xil_defaultlib.adder_tb
Built simulation snapshot adder_tb_func_synth
INFO: [USF-XSim-69] 'elaborate' step finished in '4' seconds
INFO: [USF-XSim-4] XSim::Simulate design
INFO: [USF-XSim-61] Executing 'SIMULATE' step in 'C:/Users/eeyaa63/Downloads/EEEE4123/Lab1/Lab1.sim/sim_1/synth/func/xsim'
INFO: [USF-XSim-98] *** Running xsim
   with args "adder_tb_func_synth -key {Post-Synthesis:sim_1:Functional:adder_tb} -tclbatch {adder_tb.tcl} -log {simulate.log}"
INFO: [USF-XSim-8] Loading simulator feature
Vivado Simulator 2018.3
Time resolution is 1 ps
source adder_tb.tcl
# set curr_wave [current_wave_config]
# if { [string length $curr_wave] == 0 } {
#   if { [llength [get_objects]] > 0} {
#     add_wave /
#     set_property needs_save false [current_wave_config]
#   } else {
#      send_msg_id Add_Wave-1 WARNING "No top level signals found. Simulator will start without a wave window. If you want to open a wave window go to 'File->New Waveform Configuration' or type 'create_wave_config' in the TCL console."
#   }
# }
# run 1000ns
INFO: [USF-XSim-96] XSim completed. Design snapshot 'adder_tb_func_synth' loaded.
INFO: [USF-XSim-97] XSim simulation ran for 1000ns
launch_simulation: Time (s): cpu = 00:00:04 ; elapsed = 00:00:11 . Memory (MB): peak = 1847.715 ; gain = 0.000
run 10 us
