
*** Running vivado
    with args -log pow_3.vds -m64 -product Vivado -mode batch -messageDb vivado.pb -notrace -source pow_3.tcl


****** Vivado v2018.3 (64-bit)
  **** SW Build 2405991 on Thu Dec  6 23:38:27 MST 2018
  **** IP Build 2404404 on Fri Dec  7 01:43:56 MST 2018
    ** Copyright 1986-2018 Xilinx, Inc. All Rights Reserved.

source pow_3.tcl -notrace
Command: synth_design -top pow_3 -part xc7a15tcpg236-1
Starting synth_design
Attempting to get a license for feature 'Synthesis' and/or device 'xc7a15t'
INFO: [Common 17-349] Got license for feature 'Synthesis' and/or device 'xc7a15t'
INFO: Launching helper process for spawning children vivado processes
INFO: Helper process launched with PID 12764 
---------------------------------------------------------------------------------
Starting RTL Elaboration : Time (s): cpu = 00:00:02 ; elapsed = 00:00:02 . Memory (MB): peak = 368.410 ; gain = 97.465
---------------------------------------------------------------------------------
INFO: [Synth 8-638] synthesizing module 'pow_3' [C:/Mac/Home/Documents/GitHub/EEEE4123/Lab5/Lab5.srcs/sources_1/imports/Lab/pow_3.vhd:14]
INFO: [Synth 8-638] synthesizing module 'adder_so_sat' [C:/Mac/Home/Documents/GitHub/EEEE4123/Lab5/Lab5.srcs/sources_1/imports/Downloads/adder_so_sat.vhd:14]
	Parameter N bound to: 16 - type: integer 
INFO: [Synth 8-256] done synthesizing module 'adder_so_sat' (1#1) [C:/Mac/Home/Documents/GitHub/EEEE4123/Lab5/Lab5.srcs/sources_1/imports/Downloads/adder_so_sat.vhd:14]
INFO: [Synth 8-638] synthesizing module 'mul_q' [C:/Mac/Home/Documents/GitHub/EEEE4123/Lab5/Lab5.srcs/sources_1/imports/Downloads/mul_q.vhd:13]
	Parameter N bound to: 16 - type: integer 
INFO: [Synth 8-256] done synthesizing module 'mul_q' (2#1) [C:/Mac/Home/Documents/GitHub/EEEE4123/Lab5/Lab5.srcs/sources_1/imports/Downloads/mul_q.vhd:13]
INFO: [Synth 8-256] done synthesizing module 'pow_3' (3#1) [C:/Mac/Home/Documents/GitHub/EEEE4123/Lab5/Lab5.srcs/sources_1/imports/Lab/pow_3.vhd:14]
---------------------------------------------------------------------------------
Finished RTL Elaboration : Time (s): cpu = 00:00:02 ; elapsed = 00:00:03 . Memory (MB): peak = 423.441 ; gain = 152.496
---------------------------------------------------------------------------------

Report Check Netlist: 
+------+------------------+-------+---------+-------+------------------+
|      |Item              |Errors |Warnings |Status |Description       |
+------+------------------+-------+---------+-------+------------------+
|1     |multi_driven_nets |      0|        0|Passed |Multi driven nets |
+------+------------------+-------+---------+-------+------------------+
---------------------------------------------------------------------------------
Start Handling Custom Attributes
---------------------------------------------------------------------------------
---------------------------------------------------------------------------------
Finished Handling Custom Attributes : Time (s): cpu = 00:00:02 ; elapsed = 00:00:03 . Memory (MB): peak = 423.441 ; gain = 152.496
---------------------------------------------------------------------------------
---------------------------------------------------------------------------------
Finished RTL Optimization Phase 1 : Time (s): cpu = 00:00:02 ; elapsed = 00:00:03 . Memory (MB): peak = 423.441 ; gain = 152.496
---------------------------------------------------------------------------------
INFO: [Device 21-403] Loading part xc7a15tcpg236-1
INFO: [Project 1-570] Preparing netlist for logic optimization

Processing XDC Constraints
Initializing timing engine
Parsing XDC File [C:/Mac/Home/Documents/GitHub/EEEE4123/Lab5/Lab5.srcs/constrs_1/imports/Lab/pow_3_constr.xdc]
Finished Parsing XDC File [C:/Mac/Home/Documents/GitHub/EEEE4123/Lab5/Lab5.srcs/constrs_1/imports/Lab/pow_3_constr.xdc]
Completed Processing XDC Constraints

Netlist sorting complete. Time (s): cpu = 00:00:00 ; elapsed = 00:00:00 . Memory (MB): peak = 716.965 ; gain = 0.000
INFO: [Project 1-111] Unisim Transformation Summary:
No Unisim elements were transformed.

Netlist sorting complete. Time (s): cpu = 00:00:00 ; elapsed = 00:00:00 . Memory (MB): peak = 716.965 ; gain = 0.000
Constraint Validation Runtime : Time (s): cpu = 00:00:00 ; elapsed = 00:00:00.006 . Memory (MB): peak = 716.965 ; gain = 0.000
---------------------------------------------------------------------------------
Finished Constraint Validation : Time (s): cpu = 00:00:08 ; elapsed = 00:00:10 . Memory (MB): peak = 716.965 ; gain = 446.020
---------------------------------------------------------------------------------
---------------------------------------------------------------------------------
Start Loading Part and Timing Information
---------------------------------------------------------------------------------
Loading part: xc7a15tcpg236-1
---------------------------------------------------------------------------------
Finished Loading Part and Timing Information : Time (s): cpu = 00:00:08 ; elapsed = 00:00:10 . Memory (MB): peak = 716.965 ; gain = 446.020
---------------------------------------------------------------------------------
---------------------------------------------------------------------------------
Start Applying 'set_property' XDC Constraints
---------------------------------------------------------------------------------
---------------------------------------------------------------------------------
Finished applying 'set_property' XDC Constraints : Time (s): cpu = 00:00:08 ; elapsed = 00:00:10 . Memory (MB): peak = 716.965 ; gain = 446.020
---------------------------------------------------------------------------------
---------------------------------------------------------------------------------
Finished RTL Optimization Phase 2 : Time (s): cpu = 00:00:08 ; elapsed = 00:00:10 . Memory (MB): peak = 716.965 ; gain = 446.020
---------------------------------------------------------------------------------

Report RTL Partitions: 
+-+--------------+------------+----------+
| |RTL Partition |Replication |Instances |
+-+--------------+------------+----------+
+-+--------------+------------+----------+
---------------------------------------------------------------------------------
Start RTL Component Statistics 
---------------------------------------------------------------------------------
Detailed RTL Component Info : 
+---Adders : 
	   2 Input     17 Bit       Adders := 1     
+---XORs : 
	   2 Input      1 Bit         XORs := 1     
+---Registers : 
	               16 Bit    Registers := 1     
	                8 Bit    Registers := 1     
+---Muxes : 
	   2 Input     16 Bit        Muxes := 2     
---------------------------------------------------------------------------------
Finished RTL Component Statistics 
---------------------------------------------------------------------------------
---------------------------------------------------------------------------------
Start RTL Hierarchical Component Statistics 
---------------------------------------------------------------------------------
Hierarchical RTL Component report 
Module pow_3 
Detailed RTL Component Info : 
+---Registers : 
	               16 Bit    Registers := 1     
	                8 Bit    Registers := 1     
Module adder_so_sat 
Detailed RTL Component Info : 
+---Adders : 
	   2 Input     17 Bit       Adders := 1     
+---XORs : 
	   2 Input      1 Bit         XORs := 1     
+---Muxes : 
	   2 Input     16 Bit        Muxes := 2     
---------------------------------------------------------------------------------
Finished RTL Hierarchical Component Statistics
---------------------------------------------------------------------------------
---------------------------------------------------------------------------------
Start Part Resource Summary
---------------------------------------------------------------------------------
Part Resources:
DSPs: 45 (col length:60)
BRAMs: 50 (col length: RAMB18 60 RAMB36 30)
---------------------------------------------------------------------------------
Finished Part Resource Summary
---------------------------------------------------------------------------------
---------------------------------------------------------------------------------
Start Cross Boundary and Area Optimization
---------------------------------------------------------------------------------
Warning: Parallel synthesis criteria is not met 
DSP Report: Generating DSP mul0/m3i, operation Mode is: A*B.
DSP Report: operator mul0/m3i is absorbed into DSP mul0/m3i.
DSP Report: Generating DSP mul1/m3i, operation Mode is: A*B.
DSP Report: operator mul1/m3i is absorbed into DSP mul1/m3i.
INFO: [Synth 8-3886] merging instance 'adder_out_reg_reg[0]' (FDC) to 'adder_out_reg_reg[1]'
INFO: [Synth 8-3886] merging instance 'adder_out_reg_reg[1]' (FDC) to 'adder_out_reg_reg[2]'
INFO: [Synth 8-3886] merging instance 'adder_out_reg_reg[2]' (FDC) to 'adder_out_reg_reg[3]'
INFO: [Synth 8-3886] merging instance 'adder_out_reg_reg[3]' (FDC) to 'adder_out_reg_reg[4]'
INFO: [Synth 8-3886] merging instance 'adder_out_reg_reg[4]' (FDC) to 'adder_out_reg_reg[5]'
INFO: [Synth 8-3886] merging instance 'adder_out_reg_reg[5]' (FDC) to 'adder_out_reg_reg[6]'
WARNING: [Synth 8-3332] Sequential element (i_8) is unused and will be removed from module pow_3.
WARNING: [Synth 8-3332] Sequential element (i_9) is unused and will be removed from module pow_3.
WARNING: [Synth 8-3332] Sequential element (i_10) is unused and will be removed from module pow_3.
WARNING: [Synth 8-3332] Sequential element (i_11) is unused and will be removed from module pow_3.
WARNING: [Synth 8-3332] Sequential element (i_12) is unused and will be removed from module pow_3.
WARNING: [Synth 8-3332] Sequential element (i_13) is unused and will be removed from module pow_3.
WARNING: [Synth 8-3332] Sequential element (i_14) is unused and will be removed from module pow_3.
WARNING: [Synth 8-3332] Sequential element (i_15) is unused and will be removed from module pow_3.
WARNING: [Synth 8-3332] Sequential element (i_16) is unused and will be removed from module pow_3.
WARNING: [Synth 8-3332] Sequential element (i_17) is unused and will be removed from module pow_3.
WARNING: [Synth 8-3332] Sequential element (i_18) is unused and will be removed from module pow_3.
WARNING: [Synth 8-3332] Sequential element (i_19) is unused and will be removed from module pow_3.
WARNING: [Synth 8-3332] Sequential element (i_20) is unused and will be removed from module pow_3.
WARNING: [Synth 8-3332] Sequential element (i_21) is unused and will be removed from module pow_3.
WARNING: [Synth 8-3332] Sequential element (i_22) is unused and will be removed from module pow_3.
WARNING: [Synth 8-3332] Sequential element (i_23) is unused and will be removed from module pow_3.
WARNING: [Synth 8-3332] Sequential element (i_24) is unused and will be removed from module pow_3.
WARNING: [Synth 8-3332] Sequential element (i_25) is unused and will be removed from module pow_3.
WARNING: [Synth 8-3332] Sequential element (i_26) is unused and will be removed from module pow_3.
WARNING: [Synth 8-3332] Sequential element (i_27) is unused and will be removed from module pow_3.
WARNING: [Synth 8-3332] Sequential element (i_28) is unused and will be removed from module pow_3.
WARNING: [Synth 8-3332] Sequential element (i_29) is unused and will be removed from module pow_3.
WARNING: [Synth 8-3332] Sequential element (i_30) is unused and will be removed from module pow_3.
INFO: [Synth 8-3886] merging instance 'adder_out_reg_reg[6]' (FDC) to 'adder_out_reg_reg[7]'
---------------------------------------------------------------------------------
Finished Cross Boundary and Area Optimization : Time (s): cpu = 00:00:09 ; elapsed = 00:00:11 . Memory (MB): peak = 716.965 ; gain = 446.020
---------------------------------------------------------------------------------
---------------------------------------------------------------------------------
Start ROM, RAM, DSP and Shift Register Reporting
---------------------------------------------------------------------------------

DSP: Preliminary Mapping  Report (see note below)
+------------+-------------+--------+--------+--------+--------+--------+------+------+------+------+-------+------+------+
|Module Name | DSP Mapping | A Size | B Size | C Size | D Size | P Size | AREG | BREG | CREG | DREG | ADREG | MREG | PREG | 
+------------+-------------+--------+--------+--------+--------+--------+------+------+------+------+-------+------+------+
|mul_q       | A*B         | 16     | 16     | -      | -      | 32     | 0    | 0    | -    | -    | -     | 0    | 0    | 
|mul_q       | A*B         | 16     | 16     | -      | -      | 32     | 0    | 0    | -    | -    | -     | 0    | 0    | 
+------------+-------------+--------+--------+--------+--------+--------+------+------+------+------+-------+------+------+

Note: The table above is a preliminary report that shows the DSPs inferred at the current stage of the synthesis flow. Some DSP may be reimplemented as non DSP primitives later in the synthesis flow. Multiple instantiated DSPs are reported only once.
---------------------------------------------------------------------------------
Finished ROM, RAM, DSP and Shift Register Reporting
---------------------------------------------------------------------------------
INFO: [Synth 8-5844] Detected registers with asynchronous reset at DSP/BRAM block boundary. Consider using synchronous reset for optimal packing [C:/Mac/Home/Documents/GitHub/EEEE4123/Lab5/Lab5.srcs/sources_1/imports/Lab/pow_3.vhd:27]
INFO: [Synth 8-5844] Detected registers with asynchronous reset at DSP/BRAM block boundary. Consider using synchronous reset for optimal packing [C:/Mac/Home/Documents/GitHub/EEEE4123/Lab5/Lab5.srcs/sources_1/imports/Lab/pow_3.vhd:27]
INFO: [Synth 8-5844] Detected registers with asynchronous reset at DSP/BRAM block boundary. Consider using synchronous reset for optimal packing [C:/Mac/Home/Documents/GitHub/EEEE4123/Lab5/Lab5.srcs/sources_1/imports/Lab/pow_3.vhd:27]

Report RTL Partitions: 
+-+--------------+------------+----------+
| |RTL Partition |Replication |Instances |
+-+--------------+------------+----------+
+-+--------------+------------+----------+
---------------------------------------------------------------------------------
Start Applying XDC Timing Constraints
---------------------------------------------------------------------------------
---------------------------------------------------------------------------------
Finished Applying XDC Timing Constraints : Time (s): cpu = 00:00:20 ; elapsed = 00:00:23 . Memory (MB): peak = 788.234 ; gain = 517.289
---------------------------------------------------------------------------------
---------------------------------------------------------------------------------
Start Timing Optimization
---------------------------------------------------------------------------------
---------------------------------------------------------------------------------
Finished Timing Optimization : Time (s): cpu = 00:00:20 ; elapsed = 00:00:23 . Memory (MB): peak = 788.949 ; gain = 518.004
---------------------------------------------------------------------------------

Report RTL Partitions: 
+-+--------------+------------+----------+
| |RTL Partition |Replication |Instances |
+-+--------------+------------+----------+
+-+--------------+------------+----------+
---------------------------------------------------------------------------------
Start Technology Mapping
---------------------------------------------------------------------------------
INFO: [Synth 8-5844] Detected registers with asynchronous reset at DSP/BRAM block boundary. Consider using synchronous reset for optimal packing
INFO: [Synth 8-5844] Detected registers with asynchronous reset at DSP/BRAM block boundary. Consider using synchronous reset for optimal packing [C:/Mac/Home/Documents/GitHub/EEEE4123/Lab5/Lab5.srcs/sources_1/imports/Lab/pow_3.vhd:27]
INFO: [Synth 8-5844] Detected registers with asynchronous reset at DSP/BRAM block boundary. Consider using synchronous reset for optimal packing [C:/Mac/Home/Documents/GitHub/EEEE4123/Lab5/Lab5.srcs/sources_1/imports/Lab/pow_3.vhd:27]
INFO: [Synth 8-5844] Detected registers with asynchronous reset at DSP/BRAM block boundary. Consider using synchronous reset for optimal packing [C:/Mac/Home/Documents/GitHub/EEEE4123/Lab5/Lab5.srcs/sources_1/imports/Lab/pow_3.vhd:27]
---------------------------------------------------------------------------------
Finished Technology Mapping : Time (s): cpu = 00:00:20 ; elapsed = 00:00:23 . Memory (MB): peak = 798.535 ; gain = 527.590
---------------------------------------------------------------------------------

Report RTL Partitions: 
+-+--------------+------------+----------+
| |RTL Partition |Replication |Instances |
+-+--------------+------------+----------+
+-+--------------+------------+----------+
---------------------------------------------------------------------------------
Start IO Insertion
---------------------------------------------------------------------------------
---------------------------------------------------------------------------------
Start Flattening Before IO Insertion
---------------------------------------------------------------------------------
---------------------------------------------------------------------------------
Finished Flattening Before IO Insertion
---------------------------------------------------------------------------------
---------------------------------------------------------------------------------
Start Final Netlist Cleanup
---------------------------------------------------------------------------------
---------------------------------------------------------------------------------
Finished Final Netlist Cleanup
---------------------------------------------------------------------------------
---------------------------------------------------------------------------------
Finished IO Insertion : Time (s): cpu = 00:00:21 ; elapsed = 00:00:24 . Memory (MB): peak = 798.535 ; gain = 527.590
---------------------------------------------------------------------------------

Report Check Netlist: 
+------+------------------+-------+---------+-------+------------------+
|      |Item              |Errors |Warnings |Status |Description       |
+------+------------------+-------+---------+-------+------------------+
|1     |multi_driven_nets |      0|        0|Passed |Multi driven nets |
+------+------------------+-------+---------+-------+------------------+
---------------------------------------------------------------------------------
Start Renaming Generated Instances
---------------------------------------------------------------------------------
---------------------------------------------------------------------------------
Finished Renaming Generated Instances : Time (s): cpu = 00:00:21 ; elapsed = 00:00:24 . Memory (MB): peak = 798.535 ; gain = 527.590
---------------------------------------------------------------------------------

Report RTL Partitions: 
+-+--------------+------------+----------+
| |RTL Partition |Replication |Instances |
+-+--------------+------------+----------+
+-+--------------+------------+----------+
---------------------------------------------------------------------------------
Start Rebuilding User Hierarchy
---------------------------------------------------------------------------------
---------------------------------------------------------------------------------
Finished Rebuilding User Hierarchy : Time (s): cpu = 00:00:21 ; elapsed = 00:00:24 . Memory (MB): peak = 798.535 ; gain = 527.590
---------------------------------------------------------------------------------
---------------------------------------------------------------------------------
Start Renaming Generated Ports
---------------------------------------------------------------------------------
---------------------------------------------------------------------------------
Finished Renaming Generated Ports : Time (s): cpu = 00:00:21 ; elapsed = 00:00:24 . Memory (MB): peak = 798.535 ; gain = 527.590
---------------------------------------------------------------------------------
---------------------------------------------------------------------------------
Start Handling Custom Attributes
---------------------------------------------------------------------------------
---------------------------------------------------------------------------------
Finished Handling Custom Attributes : Time (s): cpu = 00:00:21 ; elapsed = 00:00:24 . Memory (MB): peak = 798.535 ; gain = 527.590
---------------------------------------------------------------------------------
---------------------------------------------------------------------------------
Start Renaming Generated Nets
---------------------------------------------------------------------------------
---------------------------------------------------------------------------------
Finished Renaming Generated Nets : Time (s): cpu = 00:00:21 ; elapsed = 00:00:24 . Memory (MB): peak = 798.535 ; gain = 527.590
---------------------------------------------------------------------------------
---------------------------------------------------------------------------------
Start Writing Synthesis Report
---------------------------------------------------------------------------------

Report BlackBoxes: 
+-+--------------+----------+
| |BlackBox name |Instances |
+-+--------------+----------+
+-+--------------+----------+

Report Cell Usage: 
+------+--------+------+
|      |Cell    |Count |
+------+--------+------+
|1     |BUFG    |     1|
|2     |CARRY4  |     3|
|3     |DSP48E1 |     2|
|4     |LUT1    |     2|
|5     |LUT2    |    17|
|6     |LUT3    |     7|
|7     |FDCE    |    10|
|8     |IBUF    |    18|
|9     |OBUF    |     8|
+------+--------+------+

Report Instance Areas: 
+------+---------+-------------+------+
|      |Instance |Module       |Cells |
+------+---------+-------------+------+
|1     |top      |             |    68|
|2     |  adder0 |adder_so_sat |    21|
|3     |  mul0   |mul_q        |     1|
|4     |  mul1   |mul_q_0      |     9|
+------+---------+-------------+------+
---------------------------------------------------------------------------------
Finished Writing Synthesis Report : Time (s): cpu = 00:00:21 ; elapsed = 00:00:24 . Memory (MB): peak = 798.535 ; gain = 527.590
---------------------------------------------------------------------------------
Synthesis finished with 0 errors, 0 critical warnings and 23 warnings.
Synthesis Optimization Runtime : Time (s): cpu = 00:00:15 ; elapsed = 00:00:19 . Memory (MB): peak = 798.535 ; gain = 234.066
Synthesis Optimization Complete : Time (s): cpu = 00:00:21 ; elapsed = 00:00:25 . Memory (MB): peak = 798.535 ; gain = 527.590
INFO: [Project 1-571] Translating synthesized netlist
INFO: [Netlist 29-17] Analyzing 5 Unisim elements for replacement
INFO: [Netlist 29-28] Unisim Transformation completed in 0 CPU seconds
INFO: [Project 1-570] Preparing netlist for logic optimization
INFO: [Opt 31-138] Pushed 0 inverter(s) to 0 load pin(s).
Netlist sorting complete. Time (s): cpu = 00:00:00 ; elapsed = 00:00:00 . Memory (MB): peak = 798.535 ; gain = 0.000
INFO: [Project 1-111] Unisim Transformation Summary:
No Unisim elements were transformed.

INFO: [Common 17-83] Releasing license: Synthesis
31 Infos, 23 Warnings, 0 Critical Warnings and 0 Errors encountered.
synth_design completed successfully
synth_design: Time (s): cpu = 00:00:21 ; elapsed = 00:00:26 . Memory (MB): peak = 798.535 ; gain = 527.590
Netlist sorting complete. Time (s): cpu = 00:00:00 ; elapsed = 00:00:00.001 . Memory (MB): peak = 798.535 ; gain = 0.000
WARNING: [Constraints 18-5210] No constraints selected for write.
Resolution: This message can indicate that there are no constraints for the design, or it can indicate that the used_in flags are set such that the constraints are ignored. This later case is used when running synth_design to not write synthesis constraints to the resulting checkpoint. Instead, project constraints are read when the synthesized design is opened.
INFO: [Common 17-1381] The checkpoint 'C:/Mac/Home/Documents/GitHub/EEEE4123/Lab5/Lab5.runs/synth_1/pow_3.dcp' has been generated.
INFO: [runtcl-4] Executing : report_utilization -file pow_3_utilization_synth.rpt -pb pow_3_utilization_synth.pb
INFO: [Common 17-206] Exiting Vivado at Tue Feb 24 14:54:21 2026...
