#-----------------------------------------------------------
# Vivado v2018.3 (64-bit)
# SW Build 2405991 on Thu Dec  6 23:38:27 MST 2018
# IP Build 2404404 on Fri Dec  7 01:43:56 MST 2018
# Start of session at: Fri Mar 13 11:34:26 2026
# Process ID: 420
# Current directory: C:/Mac/Home/Documents/GitHub/EEEE4123/Lab4
# Command line: vivado.exe -gui_launcher_event rodinguilauncherevent10056 C:\Mac\Home\Documents\GitHub\EEEE4123\Lab4\Lab4.xpr
# Log file: C:/Mac/Home/Documents/GitHub/EEEE4123/Lab4/vivado.log
# Journal file: C:/Mac/Home/Documents/GitHub/EEEE4123/Lab4\vivado.jou
#-----------------------------------------------------------
start_gui
open_project C:/Mac/Home/Documents/GitHub/EEEE4123/Lab4/Lab4.xpr
Scanning sources...
Finished scanning sources
INFO: [IP_Flow 19-234] Refreshing IP repositories
INFO: [IP_Flow 19-1704] No user IP repositories specified
INFO: [IP_Flow 19-2313] Loaded Vivado IP repository 'C:/Xilinx/Vivado/2018.3/data/ip'.
open_project: Time (s): cpu = 00:00:10 ; elapsed = 00:00:13 . Memory (MB): peak = 739.590 ; gain = 83.730
update_compile_order -fileset sources_1
exit
INFO: [Common 17-206] Exiting Vivado at Fri Mar 13 11:37:49 2026...
