#-----------------------------------------------------------
# Vivado v2018.3 (64-bit)
# SW Build 2405991 on Thu Dec  6 23:38:27 MST 2018
# IP Build 2404404 on Fri Dec  7 01:43:56 MST 2018
# Start of session at: Mon Feb  9 17:21:46 2026
# Process ID: 15972
# Current directory: C:/Users/eeyaa63/Downloads/EEEE4123/Lab2
# Command line: vivado.exe -gui_launcher_event rodinguilauncherevent20912 C:\Users\eeyaa63\Downloads\EEEE4123\Lab2\Lab2.xpr
# Log file: C:/Users/eeyaa63/Downloads/EEEE4123/Lab2/vivado.log
# Journal file: C:/Users/eeyaa63/Downloads/EEEE4123/Lab2\vivado.jou
#-----------------------------------------------------------
start_gui
open_project C:/Users/eeyaa63/Downloads/EEEE4123/Lab2/Lab2.xpr
INFO: [Project 1-313] Project file moved from 'C:/Users/eeyaa63/Lab2' since last save.
Scanning sources...
Finished scanning sources
INFO: [IP_Flow 19-234] Refreshing IP repositories
INFO: [IP_Flow 19-1704] No user IP repositories specified
INFO: [IP_Flow 19-2313] Loaded Vivado IP repository 'C:/Xilinx/Vivado/2018.3/data/ip'.
open_project: Time (s): cpu = 00:00:18 ; elapsed = 00:00:10 . Memory (MB): peak = 798.527 ; gain = 185.645
import_files -norecurse C:/Users/eeyaa63/Downloads/temp_cond.vhd
update_compile_order -fileset sources_1
file mkdir C:/Users/eeyaa63/Downloads/EEEE4123/Lab2/Lab2.srcs/sources_1/new
close [ open C:/Users/eeyaa63/Downloads/EEEE4123/Lab2/Lab2.srcs/sources_1/new/multiplier.vhd w ]
add_files C:/Users/eeyaa63/Downloads/EEEE4123/Lab2/Lab2.srcs/sources_1/new/multiplier.vhd
update_compile_order -fileset sources_1
