#-----------------------------------------------------------
# Vivado v2018.3 (64-bit)
# SW Build 2405991 on Thu Dec  6 23:38:27 MST 2018
# IP Build 2404404 on Fri Dec  7 01:43:56 MST 2018
# Start of session at: Mon Apr 27 12:25:03 2026
# Process ID: 4044
# Current directory: C:/Mac/Home/Documents/GitHub/EEEE4123/Project/IntMatMulCore
# Command line: vivado.exe -gui_launcher_event rodinguilauncherevent4536 C:\Mac\Home\Documents\GitHub\EEEE4123\Project\IntMatMulCore\IntMatMulCore.xpr
# Log file: C:/Mac/Home/Documents/GitHub/EEEE4123/Project/IntMatMulCore/vivado.log
# Journal file: C:/Mac/Home/Documents/GitHub/EEEE4123/Project/IntMatMulCore\vivado.jou
#-----------------------------------------------------------
start_gui
open_project C:/Mac/Home/Documents/GitHub/EEEE4123/Project/IntMatMulCore/IntMatMulCore.xpr
Scanning sources...
Finished scanning sources
INFO: [IP_Flow 19-234] Refreshing IP repositories
INFO: [IP_Flow 19-1704] No user IP repositories specified
INFO: [IP_Flow 19-2313] Loaded Vivado IP repository 'C:/Xilinx/Vivado/2018.3/data/ip'.
open_project: Time (s): cpu = 00:00:10 ; elapsed = 00:00:11 . Memory (MB): peak = 766.047 ; gain = 84.031
update_compile_order -fileset sources_1
file mkdir C:/Mac/Home/Documents/GitHub/EEEE4123/Project/IntMatMulCore/IntMatMulCore.srcs/sim_1/new
set_property SOURCE_SET sources_1 [get_filesets sim_1]
close [ open C:/Mac/Home/Documents/GitHub/EEEE4123/Project/IntMatMulCore/IntMatMulCore.srcs/sim_1/new/IntMatProCore_tb.vhd w ]
add_files -fileset sim_1 C:/Mac/Home/Documents/GitHub/EEEE4123/Project/IntMatMulCore/IntMatMulCore.srcs/sim_1/new/IntMatProCore_tb.vhd
update_compile_order -fileset sim_1
set_property top IntMatProCore_tb [get_filesets sim_1]
set_property top_lib xil_defaultlib [get_filesets sim_1]
update_compile_order -fileset sim_1
update_compile_order -fileset sim_1
