#-----------------------------------------------------------
# Vivado v2018.3 (64-bit)
# SW Build 2405991 on Thu Dec  6 23:38:27 MST 2018
# IP Build 2404404 on Fri Dec  7 01:43:56 MST 2018
# Start of session at: Sun Feb 15 15:47:56 2026
# Process ID: 4968
# Current directory: C:/Mac/Home/Documents/GitHub/EEEE4123/Lab3
# Command line: vivado.exe -gui_launcher_event rodinguilauncherevent2292 C:\Mac\Home\Documents\GitHub\EEEE4123\Lab3\Lab3.xpr
# Log file: C:/Mac/Home/Documents/GitHub/EEEE4123/Lab3/vivado.log
# Journal file: C:/Mac/Home/Documents/GitHub/EEEE4123/Lab3\vivado.jou
#-----------------------------------------------------------
start_gui
open_project C:/Mac/Home/Documents/GitHub/EEEE4123/Lab3/Lab3.xpr
Scanning sources...
Finished scanning sources
INFO: [IP_Flow 19-234] Refreshing IP repositories
INFO: [IP_Flow 19-1704] No user IP repositories specified
INFO: [IP_Flow 19-2313] Loaded Vivado IP repository 'C:/Xilinx/Vivado/2018.3/data/ip'.
open_project: Time (s): cpu = 00:00:07 ; elapsed = 00:00:07 . Memory (MB): peak = 712.578 ; gain = 42.914
update_compile_order -fileset sources_1
update_compile_order -fileset sources_1
launch_runs synth_1 -jobs 2
CRITICAL WARNING: [HDL 9-806] Syntax error near "process". [C:/Mac/Home/Documents/GitHub/EEEE4123/Lab3/Lab3.srcs/sources_1/new/counter.vhd:42]
CRITICAL WARNING: [HDL 9-806] Syntax error near "end". [C:/Mac/Home/Documents/GitHub/EEEE4123/Lab3/Lab3.srcs/sources_1/new/counter.vhd:55]
[Sun Feb 15 15:57:12 2026] Launched synth_1...
Run output will be captured here: C:/Mac/Home/Documents/GitHub/EEEE4123/Lab3/Lab3.runs/synth_1/runme.log
reset_run synth_1
launch_runs synth_1 -jobs 2
[Sun Feb 15 15:58:43 2026] Launched synth_1...
Run output will be captured here: C:/Mac/Home/Documents/GitHub/EEEE4123/Lab3/Lab3.runs/synth_1/runme.log
reset_run synth_1
launch_runs synth_1 -jobs 2
[Sun Feb 15 16:04:01 2026] Launched synth_1...
Run output will be captured here: C:/Mac/Home/Documents/GitHub/EEEE4123/Lab3/Lab3.runs/synth_1/runme.log
launch_simulation -mode post-synthesis -type functional
INFO: [Vivado 12-5682] Launching post-synthesis functional simulation in 'C:/Mac/Home/Documents/GitHub/EEEE4123/Lab3/Lab3.sim/sim_1/synth/func/xsim'
INFO: [SIM-utils-51] Simulation object is 'sim_1'
Design is defaulting to impl run constrset: constrs_1
Design is defaulting to synth run part: xc7a15tcpg236-1
INFO: [Netlist 29-17] Analyzing 19 Unisim elements for replacement
INFO: [Netlist 29-28] Unisim Transformation completed in 0 CPU seconds
INFO: [Project 1-479] Netlist was created with Vivado 2018.3
INFO: [Device 21-403] Loading part xc7a15tcpg236-1
INFO: [Project 1-570] Preparing netlist for logic optimization
INFO: [Opt 31-138] Pushed 0 inverter(s) to 0 load pin(s).
Netlist sorting complete. Time (s): cpu = 00:00:00 ; elapsed = 00:00:00 . Memory (MB): peak = 985.766 ; gain = 0.000
INFO: [Project 1-111] Unisim Transformation Summary:
No Unisim elements were transformed.

open_run: Time (s): cpu = 00:00:12 ; elapsed = 00:00:13 . Memory (MB): peak = 1141.496 ; gain = 380.461
INFO: [SIM-utils-24] Writing simulation netlist file for design 'synth_1'...
INFO: [SIM-utils-26] write_vhdl -mode funcsim -nolib -force -file "C:/Mac/Home/Documents/GitHub/EEEE4123/Lab3/Lab3.sim/sim_1/synth/func/xsim/counter_tb_func_synth.vhd"
INFO: [SIM-utils-36] Netlist generated:C:/Mac/Home/Documents/GitHub/EEEE4123/Lab3/Lab3.sim/sim_1/synth/func/xsim/counter_tb_func_synth.vhd
INFO: [SIM-utils-54] Inspecting design source files for 'counter_tb' in fileset 'sim_1'...
INFO: [USF-XSim-2] XSim::Compile design
INFO: [USF-XSim-61] Executing 'COMPILE and ANALYZE' step in 'C:/Mac/Home/Documents/GitHub/EEEE4123/Lab3/Lab3.sim/sim_1/synth/func/xsim'
"xvhdl --incr --relax -prj counter_tb_vhdl.prj"
INFO: [VRFC 10-163] Analyzing VHDL file "//psf/Home/Documents/GitHub/EEEE4123/Lab3/Lab3.sim/sim_1/synth/func/xsim/counter_tb_func_synth.vhd" into library xil_defaultlib
INFO: [VRFC 10-3107] analyzing entity 'counter'
INFO: [VRFC 10-163] Analyzing VHDL file "//psf/Home/Documents/GitHub/EEEE4123/Lab3/Lab3.srcs/sim_1/new/counter_tb.vhd" into library xil_defaultlib
INFO: [VRFC 10-3107] analyzing entity 'counter_tb'
ERROR: [VRFC 10-1412] syntax error near . [//psf/Home/Documents/GitHub/EEEE4123/Lab3/Lab3.srcs/sim_1/new/counter_tb.vhd:47]
ERROR: [VRFC 10-3782] unit 'arch' ignored due to previous errors [//psf/Home/Documents/GitHub/EEEE4123/Lab3/Lab3.srcs/sim_1/new/counter_tb.vhd:33]
INFO: [VRFC 10-3070] VHDL file '//psf/Home/Documents/GitHub/EEEE4123/Lab3/Lab3.srcs/sim_1/new/counter_tb.vhd' ignored due to errors
run_program: Time (s): cpu = 00:00:09 ; elapsed = 00:00:12 . Memory (MB): peak = 1585.594 ; gain = 424.500
INFO: [USF-XSim-69] 'compile' step finished in '12' seconds
INFO: [USF-XSim-99] Step results log file:'C:/Mac/Home/Documents/GitHub/EEEE4123/Lab3/Lab3.sim/sim_1/synth/func/xsim/xvhdl.log'
ERROR: [USF-XSim-62] 'compile' step failed with error(s). Please check the Tcl console output or 'C:/Mac/Home/Documents/GitHub/EEEE4123/Lab3/Lab3.sim/sim_1/synth/func/xsim/xvhdl.log' file for more information.
ERROR: [Vivado 12-4473] Detected error while running simulation. Please correct the issue and retry this operation.
launch_simulation: Time (s): cpu = 00:00:26 ; elapsed = 00:00:29 . Memory (MB): peak = 1585.594 ; gain = 824.559
ERROR: [Common 17-39] 'launch_simulation' failed due to earlier errors.
update_compile_order -fileset sim_1
update_compile_order -fileset sim_1
reset_run synth_1
launch_runs synth_1 -jobs 2
[Mon Feb 16 10:49:27 2026] Launched synth_1...
Run output will be captured here: C:/Mac/Home/Documents/GitHub/EEEE4123/Lab3/Lab3.runs/synth_1/runme.log
close_design
launch_simulation -mode post-synthesis -type functional
INFO: [Vivado 12-5682] Launching post-synthesis functional simulation in 'C:/Mac/Home/Documents/GitHub/EEEE4123/Lab3/Lab3.sim/sim_1/synth/func/xsim'
INFO: [SIM-utils-51] Simulation object is 'sim_1'
Design is defaulting to impl run constrset: constrs_1
Design is defaulting to synth run part: xc7a15tcpg236-1
INFO: [Netlist 29-17] Analyzing 19 Unisim elements for replacement
INFO: [Netlist 29-28] Unisim Transformation completed in 0 CPU seconds
INFO: [Project 1-479] Netlist was created with Vivado 2018.3
INFO: [Project 1-570] Preparing netlist for logic optimization
INFO: [Opt 31-138] Pushed 0 inverter(s) to 0 load pin(s).
Netlist sorting complete. Time (s): cpu = 00:00:00 ; elapsed = 00:00:00 . Memory (MB): peak = 1650.352 ; gain = 0.000
INFO: [Project 1-111] Unisim Transformation Summary:
No Unisim elements were transformed.

open_run: Time (s): cpu = 00:00:05 ; elapsed = 00:00:06 . Memory (MB): peak = 1650.352 ; gain = 0.000
INFO: [SIM-utils-24] Writing simulation netlist file for design 'synth_1'...
INFO: [SIM-utils-26] write_vhdl -mode funcsim -nolib -force -file "C:/Mac/Home/Documents/GitHub/EEEE4123/Lab3/Lab3.sim/sim_1/synth/func/xsim/counter_tb_func_synth.vhd"
INFO: [SIM-utils-36] Netlist generated:C:/Mac/Home/Documents/GitHub/EEEE4123/Lab3/Lab3.sim/sim_1/synth/func/xsim/counter_tb_func_synth.vhd
INFO: [SIM-utils-54] Inspecting design source files for 'counter_tb' in fileset 'sim_1'...
INFO: [USF-XSim-2] XSim::Compile design
INFO: [USF-XSim-61] Executing 'COMPILE and ANALYZE' step in 'C:/Mac/Home/Documents/GitHub/EEEE4123/Lab3/Lab3.sim/sim_1/synth/func/xsim'
"xvhdl --incr --relax -prj counter_tb_vhdl.prj"
INFO: [VRFC 10-163] Analyzing VHDL file "//psf/Home/Documents/GitHub/EEEE4123/Lab3/Lab3.sim/sim_1/synth/func/xsim/counter_tb_func_synth.vhd" into library xil_defaultlib
INFO: [VRFC 10-3107] analyzing entity 'counter'
INFO: [VRFC 10-163] Analyzing VHDL file "//psf/Home/Documents/GitHub/EEEE4123/Lab3/Lab3.srcs/sim_1/new/counter_tb.vhd" into library xil_defaultlib
INFO: [VRFC 10-3107] analyzing entity 'counter_tb'
INFO: [USF-XSim-69] 'compile' step finished in '2' seconds
INFO: [USF-XSim-3] XSim::Elaborate design
INFO: [USF-XSim-61] Executing 'ELABORATE' step in 'C:/Mac/Home/Documents/GitHub/EEEE4123/Lab3/Lab3.sim/sim_1/synth/func/xsim'
Vivado Simulator 2018.3
Copyright 1986-1999, 2001-2018 Xilinx, Inc. All Rights Reserved.
Running: C:/Xilinx/Vivado/2018.3/bin/unwrapped/win64.o/xelab.exe -wto d79f2abae2134e00971626f884795195 --incr --debug typical --relax --mt 2 -L xil_defaultlib -L secureip --snapshot counter_tb_func_synth xil_defaultlib.counter_tb -log elaborate.log 
Using 2 slave threads.
Starting static elaboration
Completed static elaboration
Starting simulation data flow analysis
Completed simulation data flow analysis
Time Resolution for simulation is 1ps
Compiling package std.standard
Compiling package std.textio
Compiling package ieee.std_logic_1164
Compiling package ieee.numeric_std
Compiling package unisim.vcomponents
Compiling package ieee.vital_timing
Compiling package ieee.vital_primitives
Compiling package unisim.vpkg
Compiling architecture bufg_v of entity unisim.BUFG [bufg_default]
Compiling architecture ibuf_v of entity unisim.IBUF [\IBUF(1,9)(1,1)(1,4)(1,7)\]
Compiling architecture lut2_v of entity unisim.LUT2 [\LUT2(init="0010")(0,3)\]
Compiling architecture lut2_v of entity unisim.LUT2 [\LUT2(init="0001")(0,3)\]
Compiling architecture fdce_v of entity unisim.FDCE [fdce_default]
Compiling architecture carry4_v of entity unisim.CARRY4 [carry4_default]
Compiling architecture obuf_v of entity unisim.OBUF [\OBUF(1,9)(1,7)(1,4)\]
Compiling architecture lut6_v of entity unisim.LUT6 [\LUT6(init="10010000000010010000...]
Compiling architecture lut6_v of entity unisim.LUT6 [\LUT6(init="01100000000001100000...]
Compiling architecture lut1_v of entity unisim.LUT1 [\LUT1(init="0001")(0,3)\]
Compiling architecture lut4_v of entity unisim.LUT4 [\LUT4(init="1001000000001001")(0...]
Compiling architecture structure of entity xil_defaultlib.counter [counter_default]
Compiling architecture arch of entity xil_defaultlib.counter_tb
Built simulation snapshot counter_tb_func_synth

****** Webtalk v2018.3 (64-bit)
  **** SW Build 2405991 on Thu Dec  6 23:38:27 MST 2018
  **** IP Build 2404404 on Fri Dec  7 01:43:56 MST 2018
    ** Copyright 1986-2018 Xilinx, Inc. All Rights Reserved.

source C:/Mac/Home/Documents/GitHub/EEEE4123/Lab3/Lab3.sim/sim_1/synth/func/xsim/xsim.dir/counter_tb_func_synth/webtalk/xsim_webtalk.tcl -notrace
INFO: [Common 17-206] Exiting Webtalk at Mon Feb 16 10:52:51 2026...
run_program: Time (s): cpu = 00:00:00 ; elapsed = 00:00:12 . Memory (MB): peak = 1650.352 ; gain = 0.000
INFO: [USF-XSim-69] 'elaborate' step finished in '11' seconds
INFO: [USF-XSim-4] XSim::Simulate design
INFO: [USF-XSim-61] Executing 'SIMULATE' step in 'C:/Mac/Home/Documents/GitHub/EEEE4123/Lab3/Lab3.sim/sim_1/synth/func/xsim'
INFO: [USF-XSim-98] *** Running xsim
   with args "counter_tb_func_synth -key {Post-Synthesis:sim_1:Functional:counter_tb} -tclbatch {counter_tb.tcl} -log {simulate.log}"
INFO: [USF-XSim-8] Loading simulator feature
Vivado Simulator 2018.3
Time resolution is 1 ps
source counter_tb.tcl
# set curr_wave [current_wave_config]
# if { [string length $curr_wave] == 0 } {
#   if { [llength [get_objects]] > 0} {
#     add_wave /
#     set_property needs_save false [current_wave_config]
#   } else {
#      send_msg_id Add_Wave-1 WARNING "No top level signals found. Simulator will start without a wave window. If you want to open a wave window go to 'File->New Waveform Configuration' or type 'create_wave_config' in the TCL console."
#   }
# }
# run 1000ns
xsim: Time (s): cpu = 00:00:05 ; elapsed = 00:00:10 . Memory (MB): peak = 1670.219 ; gain = 19.867
INFO: [USF-XSim-96] XSim completed. Design snapshot 'counter_tb_func_synth' loaded.
INFO: [USF-XSim-97] XSim simulation ran for 1000ns
launch_simulation: Time (s): cpu = 00:00:12 ; elapsed = 00:00:31 . Memory (MB): peak = 1670.219 ; gain = 19.867
run 10 us
close_sim
INFO: [Simtcl 6-16] Simulation closed
launch_simulation -mode post-synthesis -type functional
INFO: [Vivado 12-5682] Launching post-synthesis functional simulation in 'C:/Mac/Home/Documents/GitHub/EEEE4123/Lab3/Lab3.sim/sim_1/synth/func/xsim'
INFO: [SIM-utils-51] Simulation object is 'sim_1'
INFO: [SIM-utils-24] Writing simulation netlist file for design 'synth_1'...
INFO: [SIM-utils-26] write_vhdl -mode funcsim -nolib -force -file "C:/Mac/Home/Documents/GitHub/EEEE4123/Lab3/Lab3.sim/sim_1/synth/func/xsim/counter_tb_func_synth.vhd"
INFO: [SIM-utils-36] Netlist generated:C:/Mac/Home/Documents/GitHub/EEEE4123/Lab3/Lab3.sim/sim_1/synth/func/xsim/counter_tb_func_synth.vhd
INFO: [SIM-utils-54] Inspecting design source files for 'counter_tb' in fileset 'sim_1'...
INFO: [USF-XSim-2] XSim::Compile design
INFO: [USF-XSim-61] Executing 'COMPILE and ANALYZE' step in 'C:/Mac/Home/Documents/GitHub/EEEE4123/Lab3/Lab3.sim/sim_1/synth/func/xsim'
"xvhdl --incr --relax -prj counter_tb_vhdl.prj"
INFO: [VRFC 10-163] Analyzing VHDL file "//psf/Home/Documents/GitHub/EEEE4123/Lab3/Lab3.sim/sim_1/synth/func/xsim/counter_tb_func_synth.vhd" into library xil_defaultlib
INFO: [VRFC 10-3107] analyzing entity 'counter'
INFO: [VRFC 10-163] Analyzing VHDL file "//psf/Home/Documents/GitHub/EEEE4123/Lab3/Lab3.srcs/sim_1/new/counter_tb.vhd" into library xil_defaultlib
INFO: [VRFC 10-3107] analyzing entity 'counter_tb'
INFO: [USF-XSim-69] 'compile' step finished in '2' seconds
INFO: [USF-XSim-3] XSim::Elaborate design
INFO: [USF-XSim-61] Executing 'ELABORATE' step in 'C:/Mac/Home/Documents/GitHub/EEEE4123/Lab3/Lab3.sim/sim_1/synth/func/xsim'
Vivado Simulator 2018.3
Copyright 1986-1999, 2001-2018 Xilinx, Inc. All Rights Reserved.
Running: C:/Xilinx/Vivado/2018.3/bin/unwrapped/win64.o/xelab.exe -wto d79f2abae2134e00971626f884795195 --incr --debug typical --relax --mt 2 -L xil_defaultlib -L secureip --snapshot counter_tb_func_synth xil_defaultlib.counter_tb -log elaborate.log 
Using 2 slave threads.
Starting static elaboration
Completed static elaboration
Starting simulation data flow analysis
Completed simulation data flow analysis
Time Resolution for simulation is 1ps
Compiling package std.standard
Compiling package std.textio
Compiling package ieee.std_logic_1164
Compiling package ieee.numeric_std
Compiling package unisim.vcomponents
Compiling package ieee.vital_timing
Compiling package ieee.vital_primitives
Compiling package unisim.vpkg
Compiling architecture bufg_v of entity unisim.BUFG [bufg_default]
Compiling architecture ibuf_v of entity unisim.IBUF [\IBUF(1,9)(1,1)(1,4)(1,7)\]
Compiling architecture lut2_v of entity unisim.LUT2 [\LUT2(init="0010")(0,3)\]
Compiling architecture lut2_v of entity unisim.LUT2 [\LUT2(init="0001")(0,3)\]
Compiling architecture fdce_v of entity unisim.FDCE [fdce_default]
Compiling architecture carry4_v of entity unisim.CARRY4 [carry4_default]
Compiling architecture obuf_v of entity unisim.OBUF [\OBUF(1,9)(1,7)(1,4)\]
Compiling architecture lut6_v of entity unisim.LUT6 [\LUT6(init="10010000000010010000...]
Compiling architecture lut6_v of entity unisim.LUT6 [\LUT6(init="01100000000001100000...]
Compiling architecture lut1_v of entity unisim.LUT1 [\LUT1(init="0001")(0,3)\]
Compiling architecture lut4_v of entity unisim.LUT4 [\LUT4(init="1001000000001001")(0...]
Compiling architecture structure of entity xil_defaultlib.counter [counter_default]
Compiling architecture arch of entity xil_defaultlib.counter_tb
Built simulation snapshot counter_tb_func_synth
INFO: [USF-XSim-69] 'elaborate' step finished in '2' seconds
INFO: [USF-XSim-4] XSim::Simulate design
INFO: [USF-XSim-61] Executing 'SIMULATE' step in 'C:/Mac/Home/Documents/GitHub/EEEE4123/Lab3/Lab3.sim/sim_1/synth/func/xsim'
INFO: [USF-XSim-98] *** Running xsim
   with args "counter_tb_func_synth -key {Post-Synthesis:sim_1:Functional:counter_tb} -tclbatch {counter_tb.tcl} -log {simulate.log}"
INFO: [USF-XSim-8] Loading simulator feature
Vivado Simulator 2018.3
Time resolution is 1 ps
source counter_tb.tcl
# set curr_wave [current_wave_config]
# if { [string length $curr_wave] == 0 } {
#   if { [llength [get_objects]] > 0} {
#     add_wave /
#     set_property needs_save false [current_wave_config]
#   } else {
#      send_msg_id Add_Wave-1 WARNING "No top level signals found. Simulator will start without a wave window. If you want to open a wave window go to 'File->New Waveform Configuration' or type 'create_wave_config' in the TCL console."
#   }
# }
# run 1000ns
xsim: Time (s): cpu = 00:00:03 ; elapsed = 00:00:07 . Memory (MB): peak = 2043.828 ; gain = 0.000
INFO: [USF-XSim-96] XSim completed. Design snapshot 'counter_tb_func_synth' loaded.
INFO: [USF-XSim-97] XSim simulation ran for 1000ns
launch_simulation: Time (s): cpu = 00:00:03 ; elapsed = 00:00:11 . Memory (MB): peak = 2043.828 ; gain = 0.000
run 10 us
reset_run synth_1
WARNING: [Vivado 12-1017] Problems encountered:
1. Failed to delete one or more files in run directory C:/Mac/Home/Documents/GitHub/EEEE4123/Lab3/Lab3.runs/synth_1

launch_runs synth_1 -jobs 2
[Mon Feb 16 11:00:30 2026] Launched synth_1...
Run output will be captured here: C:/Mac/Home/Documents/GitHub/EEEE4123/Lab3/Lab3.runs/synth_1/runme.log
run 10 us
run 10 us
run 100 us
run 100 us
run 100 us
run 100 us
run 100 us
run 100 us
run 100 us
run 100 us
run 100 us
run 100 us
run 100 us
close_sim
INFO: [Simtcl 6-16] Simulation closed
close_design
launch_simulation -mode post-synthesis -type functional
INFO: [Vivado 12-5682] Launching post-synthesis functional simulation in 'C:/Mac/Home/Documents/GitHub/EEEE4123/Lab3/Lab3.sim/sim_1/synth/func/xsim'
INFO: [SIM-utils-51] Simulation object is 'sim_1'
Design is defaulting to impl run constrset: constrs_1
Design is defaulting to synth run part: xc7a15tcpg236-1
INFO: [Netlist 29-17] Analyzing 19 Unisim elements for replacement
INFO: [Netlist 29-28] Unisim Transformation completed in 0 CPU seconds
INFO: [Project 1-479] Netlist was created with Vivado 2018.3
INFO: [Project 1-570] Preparing netlist for logic optimization
INFO: [Opt 31-138] Pushed 0 inverter(s) to 0 load pin(s).
Netlist sorting complete. Time (s): cpu = 00:00:00 ; elapsed = 00:00:00 . Memory (MB): peak = 2043.828 ; gain = 0.000
INFO: [Project 1-111] Unisim Transformation Summary:
No Unisim elements were transformed.

INFO: [SIM-utils-24] Writing simulation netlist file for design 'synth_1'...
INFO: [SIM-utils-26] write_vhdl -mode funcsim -nolib -force -file "C:/Mac/Home/Documents/GitHub/EEEE4123/Lab3/Lab3.sim/sim_1/synth/func/xsim/counter_tb_func_synth.vhd"
INFO: [SIM-utils-36] Netlist generated:C:/Mac/Home/Documents/GitHub/EEEE4123/Lab3/Lab3.sim/sim_1/synth/func/xsim/counter_tb_func_synth.vhd
INFO: [SIM-utils-54] Inspecting design source files for 'counter_tb' in fileset 'sim_1'...
INFO: [USF-XSim-2] XSim::Compile design
INFO: [USF-XSim-61] Executing 'COMPILE and ANALYZE' step in 'C:/Mac/Home/Documents/GitHub/EEEE4123/Lab3/Lab3.sim/sim_1/synth/func/xsim'
"xvhdl --incr --relax -prj counter_tb_vhdl.prj"
INFO: [VRFC 10-163] Analyzing VHDL file "//psf/Home/Documents/GitHub/EEEE4123/Lab3/Lab3.sim/sim_1/synth/func/xsim/counter_tb_func_synth.vhd" into library xil_defaultlib
INFO: [VRFC 10-3107] analyzing entity 'counter'
INFO: [VRFC 10-163] Analyzing VHDL file "//psf/Home/Documents/GitHub/EEEE4123/Lab3/Lab3.srcs/sim_1/new/counter_tb.vhd" into library xil_defaultlib
INFO: [VRFC 10-3107] analyzing entity 'counter_tb'
INFO: [USF-XSim-69] 'compile' step finished in '1' seconds
INFO: [USF-XSim-3] XSim::Elaborate design
INFO: [USF-XSim-61] Executing 'ELABORATE' step in 'C:/Mac/Home/Documents/GitHub/EEEE4123/Lab3/Lab3.sim/sim_1/synth/func/xsim'
Vivado Simulator 2018.3
Copyright 1986-1999, 2001-2018 Xilinx, Inc. All Rights Reserved.
Running: C:/Xilinx/Vivado/2018.3/bin/unwrapped/win64.o/xelab.exe -wto d79f2abae2134e00971626f884795195 --incr --debug typical --relax --mt 2 -L xil_defaultlib -L secureip --snapshot counter_tb_func_synth xil_defaultlib.counter_tb -log elaborate.log 
Using 2 slave threads.
Starting static elaboration
Completed static elaboration
Starting simulation data flow analysis
Completed simulation data flow analysis
Time Resolution for simulation is 1ps
Compiling package std.standard
Compiling package std.textio
Compiling package ieee.std_logic_1164
Compiling package ieee.numeric_std
Compiling package unisim.vcomponents
Compiling package ieee.vital_timing
Compiling package ieee.vital_primitives
Compiling package unisim.vpkg
Compiling architecture bufg_v of entity unisim.BUFG [bufg_default]
Compiling architecture ibuf_v of entity unisim.IBUF [\IBUF(1,9)(1,1)(1,4)(1,7)\]
Compiling architecture lut2_v of entity unisim.LUT2 [\LUT2(init="0010")(0,3)\]
Compiling architecture lut2_v of entity unisim.LUT2 [\LUT2(init="0001")(0,3)\]
Compiling architecture fdce_v of entity unisim.FDCE [fdce_default]
Compiling architecture carry4_v of entity unisim.CARRY4 [carry4_default]
Compiling architecture obuf_v of entity unisim.OBUF [\OBUF(1,9)(1,7)(1,4)\]
Compiling architecture lut6_v of entity unisim.LUT6 [\LUT6(init="10010000000010010000...]
Compiling architecture lut6_v of entity unisim.LUT6 [\LUT6(init="01100000000001100000...]
Compiling architecture lut1_v of entity unisim.LUT1 [\LUT1(init="0001")(0,3)\]
Compiling architecture lut4_v of entity unisim.LUT4 [\LUT4(init="1001000000001001")(0...]
Compiling architecture structure of entity xil_defaultlib.counter [counter_default]
Compiling architecture arch of entity xil_defaultlib.counter_tb
Built simulation snapshot counter_tb_func_synth
INFO: [USF-XSim-69] 'elaborate' step finished in '2' seconds
INFO: [USF-XSim-4] XSim::Simulate design
INFO: [USF-XSim-61] Executing 'SIMULATE' step in 'C:/Mac/Home/Documents/GitHub/EEEE4123/Lab3/Lab3.sim/sim_1/synth/func/xsim'
INFO: [USF-XSim-98] *** Running xsim
   with args "counter_tb_func_synth -key {Post-Synthesis:sim_1:Functional:counter_tb} -tclbatch {counter_tb.tcl} -log {simulate.log}"
INFO: [USF-XSim-8] Loading simulator feature
Vivado Simulator 2018.3
Time resolution is 1 ps
source counter_tb.tcl
# set curr_wave [current_wave_config]
# if { [string length $curr_wave] == 0 } {
#   if { [llength [get_objects]] > 0} {
#     add_wave /
#     set_property needs_save false [current_wave_config]
#   } else {
#      send_msg_id Add_Wave-1 WARNING "No top level signals found. Simulator will start without a wave window. If you want to open a wave window go to 'File->New Waveform Configuration' or type 'create_wave_config' in the TCL console."
#   }
# }
# run 1000ns
xsim: Time (s): cpu = 00:00:03 ; elapsed = 00:00:07 . Memory (MB): peak = 2043.828 ; gain = 0.000
INFO: [USF-XSim-96] XSim completed. Design snapshot 'counter_tb_func_synth' loaded.
INFO: [USF-XSim-97] XSim simulation ran for 1000ns
launch_simulation: Time (s): cpu = 00:00:08 ; elapsed = 00:00:16 . Memory (MB): peak = 2043.828 ; gain = 0.000
run 10 us
reset_run synth_1
WARNING: [Vivado 12-1017] Problems encountered:
1. Failed to delete one or more files in run directory C:/Mac/Home/Documents/GitHub/EEEE4123/Lab3/Lab3.runs/synth_1

launch_runs synth_1 -jobs 2
[Mon Feb 16 11:15:45 2026] Launched synth_1...
Run output will be captured here: C:/Mac/Home/Documents/GitHub/EEEE4123/Lab3/Lab3.runs/synth_1/runme.log
close_sim
INFO: [Simtcl 6-16] Simulation closed
close_design
launch_simulation -mode post-synthesis -type functional
INFO: [Vivado 12-5682] Launching post-synthesis functional simulation in 'C:/Mac/Home/Documents/GitHub/EEEE4123/Lab3/Lab3.sim/sim_1/synth/func/xsim'
INFO: [SIM-utils-51] Simulation object is 'sim_1'
Design is defaulting to impl run constrset: constrs_1
Design is defaulting to synth run part: xc7a15tcpg236-1
INFO: [Netlist 29-17] Analyzing 19 Unisim elements for replacement
INFO: [Netlist 29-28] Unisim Transformation completed in 0 CPU seconds
INFO: [Project 1-479] Netlist was created with Vivado 2018.3
INFO: [Project 1-570] Preparing netlist for logic optimization
INFO: [Opt 31-138] Pushed 0 inverter(s) to 0 load pin(s).
Netlist sorting complete. Time (s): cpu = 00:00:00 ; elapsed = 00:00:00 . Memory (MB): peak = 2043.828 ; gain = 0.000
INFO: [Project 1-111] Unisim Transformation Summary:
No Unisim elements were transformed.

INFO: [SIM-utils-24] Writing simulation netlist file for design 'synth_1'...
INFO: [SIM-utils-26] write_vhdl -mode funcsim -nolib -force -file "C:/Mac/Home/Documents/GitHub/EEEE4123/Lab3/Lab3.sim/sim_1/synth/func/xsim/counter_tb_func_synth.vhd"
INFO: [SIM-utils-36] Netlist generated:C:/Mac/Home/Documents/GitHub/EEEE4123/Lab3/Lab3.sim/sim_1/synth/func/xsim/counter_tb_func_synth.vhd
INFO: [SIM-utils-54] Inspecting design source files for 'counter_tb' in fileset 'sim_1'...
INFO: [USF-XSim-2] XSim::Compile design
INFO: [USF-XSim-61] Executing 'COMPILE and ANALYZE' step in 'C:/Mac/Home/Documents/GitHub/EEEE4123/Lab3/Lab3.sim/sim_1/synth/func/xsim'
"xvhdl --incr --relax -prj counter_tb_vhdl.prj"
INFO: [VRFC 10-163] Analyzing VHDL file "//psf/Home/Documents/GitHub/EEEE4123/Lab3/Lab3.sim/sim_1/synth/func/xsim/counter_tb_func_synth.vhd" into library xil_defaultlib
INFO: [VRFC 10-3107] analyzing entity 'counter'
INFO: [VRFC 10-163] Analyzing VHDL file "//psf/Home/Documents/GitHub/EEEE4123/Lab3/Lab3.srcs/sim_1/new/counter_tb.vhd" into library xil_defaultlib
INFO: [VRFC 10-3107] analyzing entity 'counter_tb'
INFO: [USF-XSim-69] 'compile' step finished in '1' seconds
INFO: [USF-XSim-3] XSim::Elaborate design
INFO: [USF-XSim-61] Executing 'ELABORATE' step in 'C:/Mac/Home/Documents/GitHub/EEEE4123/Lab3/Lab3.sim/sim_1/synth/func/xsim'
Vivado Simulator 2018.3
Copyright 1986-1999, 2001-2018 Xilinx, Inc. All Rights Reserved.
Running: C:/Xilinx/Vivado/2018.3/bin/unwrapped/win64.o/xelab.exe -wto d79f2abae2134e00971626f884795195 --incr --debug typical --relax --mt 2 -L xil_defaultlib -L secureip --snapshot counter_tb_func_synth xil_defaultlib.counter_tb -log elaborate.log 
Using 2 slave threads.
Starting static elaboration
Completed static elaboration
Starting simulation data flow analysis
Completed simulation data flow analysis
Time Resolution for simulation is 1ps
Compiling package std.standard
Compiling package std.textio
Compiling package ieee.std_logic_1164
Compiling package ieee.numeric_std
Compiling package unisim.vcomponents
Compiling package ieee.vital_timing
Compiling package ieee.vital_primitives
Compiling package unisim.vpkg
Compiling architecture bufg_v of entity unisim.BUFG [bufg_default]
Compiling architecture ibuf_v of entity unisim.IBUF [\IBUF(1,9)(1,1)(1,4)(1,7)\]
Compiling architecture lut2_v of entity unisim.LUT2 [\LUT2(init="0010")(0,3)\]
Compiling architecture lut2_v of entity unisim.LUT2 [\LUT2(init="0001")(0,3)\]
Compiling architecture fdce_v of entity unisim.FDCE [fdce_default]
Compiling architecture carry4_v of entity unisim.CARRY4 [carry4_default]
Compiling architecture obuf_v of entity unisim.OBUF [\OBUF(1,9)(1,7)(1,4)\]
Compiling architecture lut6_v of entity unisim.LUT6 [\LUT6(init="10010000000010010000...]
Compiling architecture lut6_v of entity unisim.LUT6 [\LUT6(init="01100000000001100000...]
Compiling architecture lut1_v of entity unisim.LUT1 [\LUT1(init="0001")(0,3)\]
Compiling architecture lut4_v of entity unisim.LUT4 [\LUT4(init="1001000000001001")(0...]
Compiling architecture structure of entity xil_defaultlib.counter [counter_default]
Compiling architecture arch of entity xil_defaultlib.counter_tb
Built simulation snapshot counter_tb_func_synth
INFO: [USF-XSim-69] 'elaborate' step finished in '2' seconds
INFO: [USF-XSim-4] XSim::Simulate design
INFO: [USF-XSim-61] Executing 'SIMULATE' step in 'C:/Mac/Home/Documents/GitHub/EEEE4123/Lab3/Lab3.sim/sim_1/synth/func/xsim'
INFO: [USF-XSim-98] *** Running xsim
   with args "counter_tb_func_synth -key {Post-Synthesis:sim_1:Functional:counter_tb} -tclbatch {counter_tb.tcl} -log {simulate.log}"
INFO: [USF-XSim-8] Loading simulator feature
Vivado Simulator 2018.3
Time resolution is 1 ps
source counter_tb.tcl
# set curr_wave [current_wave_config]
# if { [string length $curr_wave] == 0 } {
#   if { [llength [get_objects]] > 0} {
#     add_wave /
#     set_property needs_save false [current_wave_config]
#   } else {
#      send_msg_id Add_Wave-1 WARNING "No top level signals found. Simulator will start without a wave window. If you want to open a wave window go to 'File->New Waveform Configuration' or type 'create_wave_config' in the TCL console."
#   }
# }
# run 1000ns
xsim: Time (s): cpu = 00:00:03 ; elapsed = 00:00:07 . Memory (MB): peak = 2043.828 ; gain = 0.000
INFO: [USF-XSim-96] XSim completed. Design snapshot 'counter_tb_func_synth' loaded.
INFO: [USF-XSim-97] XSim simulation ran for 1000ns
launch_simulation: Time (s): cpu = 00:00:09 ; elapsed = 00:00:15 . Memory (MB): peak = 2043.828 ; gain = 0.000
close_sim
INFO: [Simtcl 6-16] Simulation closed
launch_simulation -mode post-synthesis -type functional
INFO: [Vivado 12-5682] Launching post-synthesis functional simulation in 'C:/Mac/Home/Documents/GitHub/EEEE4123/Lab3/Lab3.sim/sim_1/synth/func/xsim'
INFO: [SIM-utils-51] Simulation object is 'sim_1'
INFO: [SIM-utils-24] Writing simulation netlist file for design 'synth_1'...
INFO: [SIM-utils-26] write_vhdl -mode funcsim -nolib -force -file "C:/Mac/Home/Documents/GitHub/EEEE4123/Lab3/Lab3.sim/sim_1/synth/func/xsim/counter_tb_func_synth.vhd"
INFO: [SIM-utils-36] Netlist generated:C:/Mac/Home/Documents/GitHub/EEEE4123/Lab3/Lab3.sim/sim_1/synth/func/xsim/counter_tb_func_synth.vhd
INFO: [SIM-utils-54] Inspecting design source files for 'counter_tb' in fileset 'sim_1'...
INFO: [USF-XSim-2] XSim::Compile design
INFO: [USF-XSim-61] Executing 'COMPILE and ANALYZE' step in 'C:/Mac/Home/Documents/GitHub/EEEE4123/Lab3/Lab3.sim/sim_1/synth/func/xsim'
"xvhdl --incr --relax -prj counter_tb_vhdl.prj"
INFO: [VRFC 10-163] Analyzing VHDL file "//psf/Home/Documents/GitHub/EEEE4123/Lab3/Lab3.sim/sim_1/synth/func/xsim/counter_tb_func_synth.vhd" into library xil_defaultlib
INFO: [VRFC 10-3107] analyzing entity 'counter'
INFO: [VRFC 10-163] Analyzing VHDL file "//psf/Home/Documents/GitHub/EEEE4123/Lab3/Lab3.srcs/sim_1/new/counter_tb.vhd" into library xil_defaultlib
INFO: [VRFC 10-3107] analyzing entity 'counter_tb'
INFO: [USF-XSim-69] 'compile' step finished in '2' seconds
INFO: [USF-XSim-3] XSim::Elaborate design
INFO: [USF-XSim-61] Executing 'ELABORATE' step in 'C:/Mac/Home/Documents/GitHub/EEEE4123/Lab3/Lab3.sim/sim_1/synth/func/xsim'
Vivado Simulator 2018.3
Copyright 1986-1999, 2001-2018 Xilinx, Inc. All Rights Reserved.
Running: C:/Xilinx/Vivado/2018.3/bin/unwrapped/win64.o/xelab.exe -wto d79f2abae2134e00971626f884795195 --incr --debug typical --relax --mt 2 -L xil_defaultlib -L secureip --snapshot counter_tb_func_synth xil_defaultlib.counter_tb -log elaborate.log 
Using 2 slave threads.
Starting static elaboration
Completed static elaboration
Starting simulation data flow analysis
Completed simulation data flow analysis
Time Resolution for simulation is 1ps
Compiling package std.standard
Compiling package std.textio
Compiling package ieee.std_logic_1164
Compiling package ieee.numeric_std
Compiling package unisim.vcomponents
Compiling package ieee.vital_timing
Compiling package ieee.vital_primitives
Compiling package unisim.vpkg
Compiling architecture bufg_v of entity unisim.BUFG [bufg_default]
Compiling architecture ibuf_v of entity unisim.IBUF [\IBUF(1,9)(1,1)(1,4)(1,7)\]
Compiling architecture lut2_v of entity unisim.LUT2 [\LUT2(init="0010")(0,3)\]
Compiling architecture lut2_v of entity unisim.LUT2 [\LUT2(init="0001")(0,3)\]
Compiling architecture fdce_v of entity unisim.FDCE [fdce_default]
Compiling architecture carry4_v of entity unisim.CARRY4 [carry4_default]
Compiling architecture obuf_v of entity unisim.OBUF [\OBUF(1,9)(1,7)(1,4)\]
Compiling architecture lut6_v of entity unisim.LUT6 [\LUT6(init="10010000000010010000...]
Compiling architecture lut6_v of entity unisim.LUT6 [\LUT6(init="01100000000001100000...]
Compiling architecture lut1_v of entity unisim.LUT1 [\LUT1(init="0001")(0,3)\]
Compiling architecture lut4_v of entity unisim.LUT4 [\LUT4(init="1001000000001001")(0...]
Compiling architecture structure of entity xil_defaultlib.counter [counter_default]
Compiling architecture arch of entity xil_defaultlib.counter_tb
Built simulation snapshot counter_tb_func_synth
INFO: [USF-XSim-69] 'elaborate' step finished in '2' seconds
INFO: [USF-XSim-4] XSim::Simulate design
INFO: [USF-XSim-61] Executing 'SIMULATE' step in 'C:/Mac/Home/Documents/GitHub/EEEE4123/Lab3/Lab3.sim/sim_1/synth/func/xsim'
INFO: [USF-XSim-98] *** Running xsim
   with args "counter_tb_func_synth -key {Post-Synthesis:sim_1:Functional:counter_tb} -tclbatch {counter_tb.tcl} -log {simulate.log}"
INFO: [USF-XSim-8] Loading simulator feature
Vivado Simulator 2018.3
Time resolution is 1 ps
source counter_tb.tcl
# set curr_wave [current_wave_config]
# if { [string length $curr_wave] == 0 } {
#   if { [llength [get_objects]] > 0} {
#     add_wave /
#     set_property needs_save false [current_wave_config]
#   } else {
#      send_msg_id Add_Wave-1 WARNING "No top level signals found. Simulator will start without a wave window. If you want to open a wave window go to 'File->New Waveform Configuration' or type 'create_wave_config' in the TCL console."
#   }
# }
# run 1000ns
INFO: [USF-XSim-96] XSim completed. Design snapshot 'counter_tb_func_synth' loaded.
INFO: [USF-XSim-97] XSim simulation ran for 1000ns
launch_simulation: Time (s): cpu = 00:00:03 ; elapsed = 00:00:09 . Memory (MB): peak = 2043.828 ; gain = 0.000
run 10 s
INFO: [Common 17-41] Interrupt caught. Command should exit soon.
run: Time (s): cpu = 00:02:02 ; elapsed = 00:14:14 . Memory (MB): peak = 2043.828 ; gain = 0.000
INFO: [Common 17-344] 'run' was cancelled
close_sim
INFO: [Simtcl 6-16] Simulation closed
launch_simulation -mode post-synthesis -type functional
INFO: [Vivado 12-5682] Launching post-synthesis functional simulation in 'C:/Mac/Home/Documents/GitHub/EEEE4123/Lab3/Lab3.sim/sim_1/synth/func/xsim'
INFO: [SIM-utils-51] Simulation object is 'sim_1'
INFO: [SIM-utils-24] Writing simulation netlist file for design 'synth_1'...
INFO: [SIM-utils-26] write_vhdl -mode funcsim -nolib -force -file "C:/Mac/Home/Documents/GitHub/EEEE4123/Lab3/Lab3.sim/sim_1/synth/func/xsim/counter_tb_func_synth.vhd"
INFO: [SIM-utils-36] Netlist generated:C:/Mac/Home/Documents/GitHub/EEEE4123/Lab3/Lab3.sim/sim_1/synth/func/xsim/counter_tb_func_synth.vhd
INFO: [SIM-utils-54] Inspecting design source files for 'counter_tb' in fileset 'sim_1'...
INFO: [USF-XSim-2] XSim::Compile design
INFO: [USF-XSim-61] Executing 'COMPILE and ANALYZE' step in 'C:/Mac/Home/Documents/GitHub/EEEE4123/Lab3/Lab3.sim/sim_1/synth/func/xsim'
"xvhdl --incr --relax -prj counter_tb_vhdl.prj"
INFO: [VRFC 10-163] Analyzing VHDL file "//psf/Home/Documents/GitHub/EEEE4123/Lab3/Lab3.sim/sim_1/synth/func/xsim/counter_tb_func_synth.vhd" into library xil_defaultlib
INFO: [VRFC 10-3107] analyzing entity 'counter'
INFO: [VRFC 10-163] Analyzing VHDL file "//psf/Home/Documents/GitHub/EEEE4123/Lab3/Lab3.srcs/sim_1/new/counter_tb.vhd" into library xil_defaultlib
INFO: [VRFC 10-3107] analyzing entity 'counter_tb'
INFO: [USF-XSim-69] 'compile' step finished in '1' seconds
INFO: [USF-XSim-3] XSim::Elaborate design
INFO: [USF-XSim-61] Executing 'ELABORATE' step in 'C:/Mac/Home/Documents/GitHub/EEEE4123/Lab3/Lab3.sim/sim_1/synth/func/xsim'
Vivado Simulator 2018.3
Copyright 1986-1999, 2001-2018 Xilinx, Inc. All Rights Reserved.
Running: C:/Xilinx/Vivado/2018.3/bin/unwrapped/win64.o/xelab.exe -wto d79f2abae2134e00971626f884795195 --incr --debug typical --relax --mt 2 -L xil_defaultlib -L secureip --snapshot counter_tb_func_synth xil_defaultlib.counter_tb -log elaborate.log 
Using 2 slave threads.
Starting static elaboration
Completed static elaboration
Starting simulation data flow analysis
Completed simulation data flow analysis
Time Resolution for simulation is 1ps
Compiling package std.standard
Compiling package std.textio
Compiling package ieee.std_logic_1164
Compiling package ieee.numeric_std
Compiling package unisim.vcomponents
Compiling package ieee.vital_timing
Compiling package ieee.vital_primitives
Compiling package unisim.vpkg
Compiling architecture bufg_v of entity unisim.BUFG [bufg_default]
Compiling architecture ibuf_v of entity unisim.IBUF [\IBUF(1,9)(1,1)(1,4)(1,7)\]
Compiling architecture lut2_v of entity unisim.LUT2 [\LUT2(init="0010")(0,3)\]
Compiling architecture lut2_v of entity unisim.LUT2 [\LUT2(init="0001")(0,3)\]
Compiling architecture fdce_v of entity unisim.FDCE [fdce_default]
Compiling architecture carry4_v of entity unisim.CARRY4 [carry4_default]
Compiling architecture obuf_v of entity unisim.OBUF [\OBUF(1,9)(1,7)(1,4)\]
Compiling architecture lut6_v of entity unisim.LUT6 [\LUT6(init="10010000000010010000...]
Compiling architecture lut6_v of entity unisim.LUT6 [\LUT6(init="01100000000001100000...]
Compiling architecture lut1_v of entity unisim.LUT1 [\LUT1(init="0001")(0,3)\]
Compiling architecture lut4_v of entity unisim.LUT4 [\LUT4(init="1001000000001001")(0...]
Compiling architecture structure of entity xil_defaultlib.counter [counter_default]
Compiling architecture arch of entity xil_defaultlib.counter_tb
Built simulation snapshot counter_tb_func_synth
INFO: [USF-XSim-69] 'elaborate' step finished in '2' seconds
INFO: [USF-XSim-4] XSim::Simulate design
INFO: [USF-XSim-61] Executing 'SIMULATE' step in 'C:/Mac/Home/Documents/GitHub/EEEE4123/Lab3/Lab3.sim/sim_1/synth/func/xsim'
INFO: [USF-XSim-98] *** Running xsim
   with args "counter_tb_func_synth -key {Post-Synthesis:sim_1:Functional:counter_tb} -tclbatch {counter_tb.tcl} -log {simulate.log}"
INFO: [USF-XSim-8] Loading simulator feature
Vivado Simulator 2018.3
Time resolution is 1 ps
source counter_tb.tcl
# set curr_wave [current_wave_config]
# if { [string length $curr_wave] == 0 } {
#   if { [llength [get_objects]] > 0} {
#     add_wave /
#     set_property needs_save false [current_wave_config]
#   } else {
#      send_msg_id Add_Wave-1 WARNING "No top level signals found. Simulator will start without a wave window. If you want to open a wave window go to 'File->New Waveform Configuration' or type 'create_wave_config' in the TCL console."
#   }
# }
# run 1000ns
INFO: [USF-XSim-96] XSim completed. Design snapshot 'counter_tb_func_synth' loaded.
INFO: [USF-XSim-97] XSim simulation ran for 1000ns
launch_simulation: Time (s): cpu = 00:00:02 ; elapsed = 00:00:08 . Memory (MB): peak = 2043.828 ; gain = 0.000
run 50 us
run 50 us
close [ open C:/Mac/Home/Documents/GitHub/EEEE4123/Lab3/Lab3.srcs/sources_1/new/blinking_led.vhd w ]
add_files C:/Mac/Home/Documents/GitHub/EEEE4123/Lab3/Lab3.srcs/sources_1/new/blinking_led.vhd
update_compile_order -fileset sources_1
export_ip_user_files -of_objects  [get_files C:/Mac/Home/Documents/GitHub/EEEE4123/Lab3/Lab3.srcs/sources_1/new/blinking_led.vhd] -no_script -reset -force -quiet
remove_files  C:/Mac/Home/Documents/GitHub/EEEE4123/Lab3/Lab3.srcs/sources_1/new/blinking_led.vhd
file delete -force C:/Mac/Home/Documents/GitHub/EEEE4123/Lab3/Lab3.srcs/sources_1/new/blinking_led.vhd
close [ open C:/Mac/Home/Documents/GitHub/EEEE4123/Lab3/Lab3.srcs/sources_1/new/blinking_led.vhd w ]
add_files C:/Mac/Home/Documents/GitHub/EEEE4123/Lab3/Lab3.srcs/sources_1/new/blinking_led.vhd
update_compile_order -fileset sources_1
update_compile_order -fileset sources_1
update_compile_order -fileset sources_1
update_compile_order -fileset sources_1
update_compile_order -fileset sources_1
reset_run synth_1
WARNING: [Vivado 12-1017] Problems encountered:
1. Failed to delete one or more files in run directory C:/Mac/Home/Documents/GitHub/EEEE4123/Lab3/Lab3.runs/synth_1

launch_runs synth_1 -jobs 2
[Mon Feb 16 14:11:18 2026] Launched synth_1...
Run output will be captured here: C:/Mac/Home/Documents/GitHub/EEEE4123/Lab3/Lab3.runs/synth_1/runme.log
set_property SOURCE_SET sources_1 [get_filesets sim_1]
close [ open C:/Mac/Home/Documents/GitHub/EEEE4123/Lab3/Lab3.srcs/sim_1/new/blinking_led_tb.vhd w ]
add_files -fileset sim_1 C:/Mac/Home/Documents/GitHub/EEEE4123/Lab3/Lab3.srcs/sim_1/new/blinking_led_tb.vhd
update_compile_order -fileset sim_1
reset_run synth_1
WARNING: [Vivado 12-1017] Problems encountered:
1. Failed to delete one or more files in run directory C:/Mac/Home/Documents/GitHub/EEEE4123/Lab3/Lab3.runs/synth_1

launch_runs synth_1 -jobs 2
[Mon Feb 16 17:54:57 2026] Launched synth_1...
Run output will be captured here: C:/Mac/Home/Documents/GitHub/EEEE4123/Lab3/Lab3.runs/synth_1/runme.log
close_sim
INFO: [Simtcl 6-16] Simulation closed
close_design
launch_simulation -mode post-synthesis -type functional
INFO: [Vivado 12-5682] Launching post-synthesis functional simulation in 'C:/Mac/Home/Documents/GitHub/EEEE4123/Lab3/Lab3.sim/sim_1/synth/func/xsim'
INFO: [SIM-utils-51] Simulation object is 'sim_1'
Design is defaulting to impl run constrset: constrs_1
Design is defaulting to synth run part: xc7a15tcpg236-1
INFO: [Netlist 29-17] Analyzing 11 Unisim elements for replacement
INFO: [Netlist 29-28] Unisim Transformation completed in 0 CPU seconds
INFO: [Project 1-479] Netlist was created with Vivado 2018.3
INFO: [Project 1-570] Preparing netlist for logic optimization
INFO: [Opt 31-138] Pushed 0 inverter(s) to 0 load pin(s).
Netlist sorting complete. Time (s): cpu = 00:00:00 ; elapsed = 00:00:00 . Memory (MB): peak = 2206.148 ; gain = 0.000
INFO: [Project 1-111] Unisim Transformation Summary:
No Unisim elements were transformed.

open_run: Time (s): cpu = 00:00:04 ; elapsed = 00:00:05 . Memory (MB): peak = 2206.148 ; gain = 0.000
INFO: [SIM-utils-24] Writing simulation netlist file for design 'synth_1'...
INFO: [SIM-utils-26] write_vhdl -mode funcsim -nolib -force -file "C:/Mac/Home/Documents/GitHub/EEEE4123/Lab3/Lab3.sim/sim_1/synth/func/xsim/counter_tb_func_synth.vhd"
INFO: [SIM-utils-36] Netlist generated:C:/Mac/Home/Documents/GitHub/EEEE4123/Lab3/Lab3.sim/sim_1/synth/func/xsim/counter_tb_func_synth.vhd
INFO: [SIM-utils-54] Inspecting design source files for 'counter_tb' in fileset 'sim_1'...
INFO: [USF-XSim-2] XSim::Compile design
INFO: [USF-XSim-61] Executing 'COMPILE and ANALYZE' step in 'C:/Mac/Home/Documents/GitHub/EEEE4123/Lab3/Lab3.sim/sim_1/synth/func/xsim'
"xvhdl --incr --relax -prj counter_tb_vhdl.prj"
INFO: [VRFC 10-163] Analyzing VHDL file "//psf/Home/Documents/GitHub/EEEE4123/Lab3/Lab3.sim/sim_1/synth/func/xsim/counter_tb_func_synth.vhd" into library xil_defaultlib
INFO: [VRFC 10-3107] analyzing entity 'counter'
INFO: [VRFC 10-3107] analyzing entity 'blinking_led'
INFO: [VRFC 10-163] Analyzing VHDL file "//psf/Home/Documents/GitHub/EEEE4123/Lab3/Lab3.srcs/sources_1/new/counter.vhd" into library xil_defaultlib
INFO: [VRFC 10-3107] analyzing entity 'counter'
WARNING: [VRFC 10-3607] overwriting existing primary unit 'counter' [//psf/Home/Documents/GitHub/EEEE4123/Lab3/Lab3.srcs/sources_1/new/counter.vhd:5]
INFO: [VRFC 10-163] Analyzing VHDL file "//psf/Home/Documents/GitHub/EEEE4123/Lab3/Lab3.srcs/sim_1/new/counter_tb.vhd" into library xil_defaultlib
INFO: [VRFC 10-3107] analyzing entity 'counter_tb'
INFO: [USF-XSim-69] 'compile' step finished in '1' seconds
INFO: [USF-XSim-3] XSim::Elaborate design
INFO: [USF-XSim-61] Executing 'ELABORATE' step in 'C:/Mac/Home/Documents/GitHub/EEEE4123/Lab3/Lab3.sim/sim_1/synth/func/xsim'
Vivado Simulator 2018.3
Copyright 1986-1999, 2001-2018 Xilinx, Inc. All Rights Reserved.
Running: C:/Xilinx/Vivado/2018.3/bin/unwrapped/win64.o/xelab.exe -wto d79f2abae2134e00971626f884795195 --incr --debug typical --relax --mt 2 -L xil_defaultlib -L secureip --snapshot counter_tb_func_synth xil_defaultlib.counter_tb -log elaborate.log 
Using 2 slave threads.
Starting static elaboration
Completed static elaboration
Starting simulation data flow analysis
Completed simulation data flow analysis
Time Resolution for simulation is 1ps
Compiling package std.standard
Compiling package std.textio
Compiling package ieee.std_logic_1164
Compiling package ieee.numeric_std
Compiling architecture arch of entity xil_defaultlib.counter [counter_default]
Compiling architecture arch of entity xil_defaultlib.counter_tb
Built simulation snapshot counter_tb_func_synth
INFO: [USF-XSim-69] 'elaborate' step finished in '2' seconds
INFO: [USF-XSim-4] XSim::Simulate design
INFO: [USF-XSim-61] Executing 'SIMULATE' step in 'C:/Mac/Home/Documents/GitHub/EEEE4123/Lab3/Lab3.sim/sim_1/synth/func/xsim'
INFO: [USF-XSim-98] *** Running xsim
   with args "counter_tb_func_synth -key {Post-Synthesis:sim_1:Functional:counter_tb} -tclbatch {counter_tb.tcl} -log {simulate.log}"
INFO: [USF-XSim-8] Loading simulator feature
Vivado Simulator 2018.3
Time resolution is 1 ps
source counter_tb.tcl
# set curr_wave [current_wave_config]
# if { [string length $curr_wave] == 0 } {
#   if { [llength [get_objects]] > 0} {
#     add_wave /
#     set_property needs_save false [current_wave_config]
#   } else {
#      send_msg_id Add_Wave-1 WARNING "No top level signals found. Simulator will start without a wave window. If you want to open a wave window go to 'File->New Waveform Configuration' or type 'create_wave_config' in the TCL console."
#   }
# }
# run 1000ns
INFO: [USF-XSim-96] XSim completed. Design snapshot 'counter_tb_func_synth' loaded.
INFO: [USF-XSim-97] XSim simulation ran for 1000ns
launch_simulation: Time (s): cpu = 00:00:08 ; elapsed = 00:00:14 . Memory (MB): peak = 2206.148 ; gain = 0.000
set_property top blinking_led_tb [get_filesets sim_1]
set_property top_lib xil_defaultlib [get_filesets sim_1]
launch_simulation -mode post-synthesis -type functional
INFO: [Vivado 12-5682] Launching post-synthesis functional simulation in 'C:/Mac/Home/Documents/GitHub/EEEE4123/Lab3/Lab3.sim/sim_1/synth/func/xsim'
INFO: [SIM-utils-51] Simulation object is 'sim_1'
INFO: [SIM-utils-24] Writing simulation netlist file for design 'synth_1'...
INFO: [SIM-utils-26] write_vhdl -mode funcsim -nolib -force -file "C:/Mac/Home/Documents/GitHub/EEEE4123/Lab3/Lab3.sim/sim_1/synth/func/xsim/blinking_led_tb_func_synth.vhd"
INFO: [SIM-utils-36] Netlist generated:C:/Mac/Home/Documents/GitHub/EEEE4123/Lab3/Lab3.sim/sim_1/synth/func/xsim/blinking_led_tb_func_synth.vhd
INFO: [SIM-utils-54] Inspecting design source files for 'blinking_led_tb' in fileset 'sim_1'...
INFO: [USF-XSim-2] XSim::Compile design
INFO: [USF-XSim-61] Executing 'COMPILE and ANALYZE' step in 'C:/Mac/Home/Documents/GitHub/EEEE4123/Lab3/Lab3.sim/sim_1/synth/func/xsim'
"xvhdl --incr --relax -prj blinking_led_tb_vhdl.prj"
INFO: [VRFC 10-163] Analyzing VHDL file "//psf/Home/Documents/GitHub/EEEE4123/Lab3/Lab3.sim/sim_1/synth/func/xsim/blinking_led_tb_func_synth.vhd" into library xil_defaultlib
INFO: [VRFC 10-3107] analyzing entity 'counter'
INFO: [VRFC 10-3107] analyzing entity 'blinking_led'
INFO: [VRFC 10-163] Analyzing VHDL file "//psf/Home/Documents/GitHub/EEEE4123/Lab3/Lab3.srcs/sim_1/new/blinking_led_tb.vhd" into library xil_defaultlib
INFO: [VRFC 10-3107] analyzing entity 'blinking_led_tb'
INFO: [USF-XSim-69] 'compile' step finished in '1' seconds
INFO: [USF-XSim-3] XSim::Elaborate design
INFO: [USF-XSim-61] Executing 'ELABORATE' step in 'C:/Mac/Home/Documents/GitHub/EEEE4123/Lab3/Lab3.sim/sim_1/synth/func/xsim'
Vivado Simulator 2018.3
Copyright 1986-1999, 2001-2018 Xilinx, Inc. All Rights Reserved.
Running: C:/Xilinx/Vivado/2018.3/bin/unwrapped/win64.o/xelab.exe -wto d79f2abae2134e00971626f884795195 --incr --debug typical --relax --mt 2 -L xil_defaultlib -L secureip --snapshot blinking_led_tb_func_synth xil_defaultlib.blinking_led_tb -log elaborate.log 
Using 2 slave threads.
Starting static elaboration
Completed static elaboration
Starting simulation data flow analysis
Completed simulation data flow analysis
Time Resolution for simulation is 1ps
Compiling package std.standard
Compiling package std.textio
Compiling package ieee.std_logic_1164
Compiling package ieee.numeric_std
Compiling package unisim.vcomponents
Compiling package ieee.vital_timing
Compiling package ieee.vital_primitives
Compiling package unisim.vpkg
Compiling architecture bufg_v of entity unisim.BUFG [bufg_default]
Compiling architecture ibuf_v of entity unisim.IBUF [\IBUF(1,9)(1,1)(1,4)(1,7)\]
Compiling architecture lut2_v of entity unisim.LUT2 [\LUT2(init="0010")(0,3)\]
Compiling architecture lut2_v of entity unisim.LUT2 [\LUT2(init="0001")(0,3)\]
Compiling architecture carry4_v of entity unisim.CARRY4 [carry4_default]
Compiling architecture lut3_v of entity unisim.LUT3 [\LUT3(init="00000001")(0,7)\]
Compiling architecture lut3_v of entity unisim.LUT3 [\LUT3(init="00000010")(0,7)\]
Compiling architecture lut3_v of entity unisim.LUT3 [\LUT3(init="10000000")(0,7)\]
Compiling architecture lut3_v of entity unisim.LUT3 [\LUT3(init="00000100")(0,7)\]
Compiling architecture fdce_v of entity unisim.FDCE [fdce_default]
Compiling architecture lut2_v of entity unisim.LUT2 [\LUT2(init="0110")(0,3)\]
Compiling architecture structure of entity xil_defaultlib.counter [counter_default]
Compiling architecture obuf_v of entity unisim.OBUF [\OBUF(1,9)(1,7)(1,4)\]
Compiling architecture structure of entity xil_defaultlib.blinking_led [blinking_led_default]
Compiling architecture behavioral of entity xil_defaultlib.blinking_led_tb
Built simulation snapshot blinking_led_tb_func_synth

****** Webtalk v2018.3 (64-bit)
  **** SW Build 2405991 on Thu Dec  6 23:38:27 MST 2018
  **** IP Build 2404404 on Fri Dec  7 01:43:56 MST 2018
    ** Copyright 1986-2018 Xilinx, Inc. All Rights Reserved.

source C:/Mac/Home/Documents/GitHub/EEEE4123/Lab3/Lab3.sim/sim_1/synth/func/xsim/xsim.dir/blinking_led_tb_func_synth/webtalk/xsim_webtalk.tcl -notrace
INFO: [Common 17-206] Exiting Webtalk at Mon Feb 16 17:57:41 2026...
INFO: [USF-XSim-69] 'elaborate' step finished in '4' seconds
INFO: [USF-XSim-4] XSim::Simulate design
INFO: [USF-XSim-61] Executing 'SIMULATE' step in 'C:/Mac/Home/Documents/GitHub/EEEE4123/Lab3/Lab3.sim/sim_1/synth/func/xsim'
INFO: [USF-XSim-98] *** Running xsim
   with args "blinking_led_tb_func_synth -key {Post-Synthesis:sim_1:Functional:blinking_led_tb} -tclbatch {blinking_led_tb.tcl} -log {simulate.log}"
INFO: [USF-XSim-8] Loading simulator feature
Vivado Simulator 2018.3
Time resolution is 1 ps
source blinking_led_tb.tcl
# set curr_wave [current_wave_config]
# if { [string length $curr_wave] == 0 } {
#   if { [llength [get_objects]] > 0} {
#     add_wave /
#     set_property needs_save false [current_wave_config]
#   } else {
#      send_msg_id Add_Wave-1 WARNING "No top level signals found. Simulator will start without a wave window. If you want to open a wave window go to 'File->New Waveform Configuration' or type 'create_wave_config' in the TCL console."
#   }
# }
# run 1000ns
INFO: [USF-XSim-96] XSim completed. Design snapshot 'blinking_led_tb_func_synth' loaded.
INFO: [USF-XSim-97] XSim simulation ran for 1000ns
launch_simulation: Time (s): cpu = 00:00:02 ; elapsed = 00:00:10 . Memory (MB): peak = 2206.148 ; gain = 0.000
update_compile_order -fileset sim_1
reset_run synth_1
WARNING: [Vivado 12-1017] Problems encountered:
1. Failed to delete one or more files in run directory C:/Mac/Home/Documents/GitHub/EEEE4123/Lab3/Lab3.runs/synth_1

launch_runs synth_1 -jobs 2
[Mon Feb 16 17:58:07 2026] Launched synth_1...
Run output will be captured here: C:/Mac/Home/Documents/GitHub/EEEE4123/Lab3/Lab3.runs/synth_1/runme.log
close_sim
INFO: [Simtcl 6-16] Simulation closed
close_design
launch_simulation -mode post-synthesis -type functional
INFO: [Vivado 12-5682] Launching post-synthesis functional simulation in 'C:/Mac/Home/Documents/GitHub/EEEE4123/Lab3/Lab3.sim/sim_1/synth/func/xsim'
INFO: [SIM-utils-51] Simulation object is 'sim_1'
Design is defaulting to impl run constrset: constrs_1
Design is defaulting to synth run part: xc7a15tcpg236-1
INFO: [Netlist 29-17] Analyzing 11 Unisim elements for replacement
INFO: [Netlist 29-28] Unisim Transformation completed in 0 CPU seconds
INFO: [Project 1-479] Netlist was created with Vivado 2018.3
INFO: [Project 1-570] Preparing netlist for logic optimization
INFO: [Opt 31-138] Pushed 0 inverter(s) to 0 load pin(s).
Netlist sorting complete. Time (s): cpu = 00:00:00 ; elapsed = 00:00:00 . Memory (MB): peak = 2206.148 ; gain = 0.000
INFO: [Project 1-111] Unisim Transformation Summary:
No Unisim elements were transformed.

INFO: [SIM-utils-24] Writing simulation netlist file for design 'synth_1'...
INFO: [SIM-utils-26] write_vhdl -mode funcsim -nolib -force -file "C:/Mac/Home/Documents/GitHub/EEEE4123/Lab3/Lab3.sim/sim_1/synth/func/xsim/blinking_led_tb_func_synth.vhd"
INFO: [SIM-utils-36] Netlist generated:C:/Mac/Home/Documents/GitHub/EEEE4123/Lab3/Lab3.sim/sim_1/synth/func/xsim/blinking_led_tb_func_synth.vhd
INFO: [SIM-utils-54] Inspecting design source files for 'blinking_led_tb' in fileset 'sim_1'...
INFO: [USF-XSim-2] XSim::Compile design
INFO: [USF-XSim-61] Executing 'COMPILE and ANALYZE' step in 'C:/Mac/Home/Documents/GitHub/EEEE4123/Lab3/Lab3.sim/sim_1/synth/func/xsim'
"xvhdl --incr --relax -prj blinking_led_tb_vhdl.prj"
INFO: [VRFC 10-163] Analyzing VHDL file "//psf/Home/Documents/GitHub/EEEE4123/Lab3/Lab3.sim/sim_1/synth/func/xsim/blinking_led_tb_func_synth.vhd" into library xil_defaultlib
INFO: [VRFC 10-3107] analyzing entity 'counter'
INFO: [VRFC 10-3107] analyzing entity 'blinking_led'
INFO: [VRFC 10-163] Analyzing VHDL file "//psf/Home/Documents/GitHub/EEEE4123/Lab3/Lab3.srcs/sim_1/new/blinking_led_tb.vhd" into library xil_defaultlib
INFO: [VRFC 10-3107] analyzing entity 'blinking_led_tb'
INFO: [USF-XSim-69] 'compile' step finished in '1' seconds
INFO: [USF-XSim-3] XSim::Elaborate design
INFO: [USF-XSim-61] Executing 'ELABORATE' step in 'C:/Mac/Home/Documents/GitHub/EEEE4123/Lab3/Lab3.sim/sim_1/synth/func/xsim'
Vivado Simulator 2018.3
Copyright 1986-1999, 2001-2018 Xilinx, Inc. All Rights Reserved.
Running: C:/Xilinx/Vivado/2018.3/bin/unwrapped/win64.o/xelab.exe -wto d79f2abae2134e00971626f884795195 --incr --debug typical --relax --mt 2 -L xil_defaultlib -L secureip --snapshot blinking_led_tb_func_synth xil_defaultlib.blinking_led_tb -log elaborate.log 
Using 2 slave threads.
Starting static elaboration
Completed static elaboration
Starting simulation data flow analysis
Completed simulation data flow analysis
Time Resolution for simulation is 1ps
Compiling package std.standard
Compiling package std.textio
Compiling package ieee.std_logic_1164
Compiling package ieee.numeric_std
Compiling package unisim.vcomponents
Compiling package ieee.vital_timing
Compiling package ieee.vital_primitives
Compiling package unisim.vpkg
Compiling architecture bufg_v of entity unisim.BUFG [bufg_default]
Compiling architecture ibuf_v of entity unisim.IBUF [\IBUF(1,9)(1,1)(1,4)(1,7)\]
Compiling architecture lut2_v of entity unisim.LUT2 [\LUT2(init="0010")(0,3)\]
Compiling architecture lut2_v of entity unisim.LUT2 [\LUT2(init="0001")(0,3)\]
Compiling architecture carry4_v of entity unisim.CARRY4 [carry4_default]
Compiling architecture lut3_v of entity unisim.LUT3 [\LUT3(init="00000001")(0,7)\]
Compiling architecture lut3_v of entity unisim.LUT3 [\LUT3(init="00000100")(0,7)\]
Compiling architecture lut3_v of entity unisim.LUT3 [\LUT3(init="00100000")(0,7)\]
Compiling architecture fdce_v of entity unisim.FDCE [fdce_default]
Compiling architecture lut2_v of entity unisim.LUT2 [\LUT2(init="0110")(0,3)\]
Compiling architecture structure of entity xil_defaultlib.counter [counter_default]
Compiling architecture obuf_v of entity unisim.OBUF [\OBUF(1,9)(1,7)(1,4)\]
Compiling architecture structure of entity xil_defaultlib.blinking_led [blinking_led_default]
Compiling architecture behavioral of entity xil_defaultlib.blinking_led_tb
Built simulation snapshot blinking_led_tb_func_synth
INFO: [USF-XSim-69] 'elaborate' step finished in '2' seconds
INFO: [USF-XSim-4] XSim::Simulate design
INFO: [USF-XSim-61] Executing 'SIMULATE' step in 'C:/Mac/Home/Documents/GitHub/EEEE4123/Lab3/Lab3.sim/sim_1/synth/func/xsim'
INFO: [USF-XSim-98] *** Running xsim
   with args "blinking_led_tb_func_synth -key {Post-Synthesis:sim_1:Functional:blinking_led_tb} -tclbatch {blinking_led_tb.tcl} -log {simulate.log}"
INFO: [USF-XSim-8] Loading simulator feature
Vivado Simulator 2018.3
Time resolution is 1 ps
source blinking_led_tb.tcl
# set curr_wave [current_wave_config]
# if { [string length $curr_wave] == 0 } {
#   if { [llength [get_objects]] > 0} {
#     add_wave /
#     set_property needs_save false [current_wave_config]
#   } else {
#      send_msg_id Add_Wave-1 WARNING "No top level signals found. Simulator will start without a wave window. If you want to open a wave window go to 'File->New Waveform Configuration' or type 'create_wave_config' in the TCL console."
#   }
# }
# run 1000ns
INFO: [USF-XSim-96] XSim completed. Design snapshot 'blinking_led_tb_func_synth' loaded.
INFO: [USF-XSim-97] XSim simulation ran for 1000ns
launch_simulation: Time (s): cpu = 00:00:06 ; elapsed = 00:00:12 . Memory (MB): peak = 2206.148 ; gain = 0.000
close_sim
INFO: [Simtcl 6-16] Simulation closed
launch_simulation -mode post-synthesis -type functional
INFO: [Vivado 12-5682] Launching post-synthesis functional simulation in 'C:/Mac/Home/Documents/GitHub/EEEE4123/Lab3/Lab3.sim/sim_1/synth/func/xsim'
INFO: [SIM-utils-51] Simulation object is 'sim_1'
INFO: [SIM-utils-24] Writing simulation netlist file for design 'synth_1'...
INFO: [SIM-utils-26] write_vhdl -mode funcsim -nolib -force -file "C:/Mac/Home/Documents/GitHub/EEEE4123/Lab3/Lab3.sim/sim_1/synth/func/xsim/blinking_led_tb_func_synth.vhd"
INFO: [SIM-utils-36] Netlist generated:C:/Mac/Home/Documents/GitHub/EEEE4123/Lab3/Lab3.sim/sim_1/synth/func/xsim/blinking_led_tb_func_synth.vhd
INFO: [SIM-utils-54] Inspecting design source files for 'blinking_led_tb' in fileset 'sim_1'...
INFO: [USF-XSim-2] XSim::Compile design
INFO: [USF-XSim-61] Executing 'COMPILE and ANALYZE' step in 'C:/Mac/Home/Documents/GitHub/EEEE4123/Lab3/Lab3.sim/sim_1/synth/func/xsim'
"xvhdl --incr --relax -prj blinking_led_tb_vhdl.prj"
INFO: [VRFC 10-163] Analyzing VHDL file "//psf/Home/Documents/GitHub/EEEE4123/Lab3/Lab3.sim/sim_1/synth/func/xsim/blinking_led_tb_func_synth.vhd" into library xil_defaultlib
INFO: [VRFC 10-3107] analyzing entity 'counter'
INFO: [VRFC 10-3107] analyzing entity 'blinking_led'
INFO: [VRFC 10-163] Analyzing VHDL file "//psf/Home/Documents/GitHub/EEEE4123/Lab3/Lab3.srcs/sim_1/new/blinking_led_tb.vhd" into library xil_defaultlib
INFO: [VRFC 10-3107] analyzing entity 'blinking_led_tb'
INFO: [USF-XSim-69] 'compile' step finished in '1' seconds
INFO: [USF-XSim-3] XSim::Elaborate design
INFO: [USF-XSim-61] Executing 'ELABORATE' step in 'C:/Mac/Home/Documents/GitHub/EEEE4123/Lab3/Lab3.sim/sim_1/synth/func/xsim'
Vivado Simulator 2018.3
Copyright 1986-1999, 2001-2018 Xilinx, Inc. All Rights Reserved.
Running: C:/Xilinx/Vivado/2018.3/bin/unwrapped/win64.o/xelab.exe -wto d79f2abae2134e00971626f884795195 --incr --debug typical --relax --mt 2 -L xil_defaultlib -L secureip --snapshot blinking_led_tb_func_synth xil_defaultlib.blinking_led_tb -log elaborate.log 
Using 2 slave threads.
Starting static elaboration
Completed static elaboration
Starting simulation data flow analysis
Completed simulation data flow analysis
Time Resolution for simulation is 1ps
Compiling package std.standard
Compiling package std.textio
Compiling package ieee.std_logic_1164
Compiling package ieee.numeric_std
Compiling package unisim.vcomponents
Compiling package ieee.vital_timing
Compiling package ieee.vital_primitives
Compiling package unisim.vpkg
Compiling architecture bufg_v of entity unisim.BUFG [bufg_default]
Compiling architecture ibuf_v of entity unisim.IBUF [\IBUF(1,9)(1,1)(1,4)(1,7)\]
Compiling architecture lut2_v of entity unisim.LUT2 [\LUT2(init="0010")(0,3)\]
Compiling architecture lut2_v of entity unisim.LUT2 [\LUT2(init="0001")(0,3)\]
Compiling architecture carry4_v of entity unisim.CARRY4 [carry4_default]
Compiling architecture lut3_v of entity unisim.LUT3 [\LUT3(init="00000001")(0,7)\]
Compiling architecture lut3_v of entity unisim.LUT3 [\LUT3(init="00000100")(0,7)\]
Compiling architecture lut3_v of entity unisim.LUT3 [\LUT3(init="00100000")(0,7)\]
Compiling architecture fdce_v of entity unisim.FDCE [fdce_default]
Compiling architecture lut2_v of entity unisim.LUT2 [\LUT2(init="0110")(0,3)\]
Compiling architecture structure of entity xil_defaultlib.counter [counter_default]
Compiling architecture obuf_v of entity unisim.OBUF [\OBUF(1,9)(1,7)(1,4)\]
Compiling architecture structure of entity xil_defaultlib.blinking_led [blinking_led_default]
Compiling architecture behavioral of entity xil_defaultlib.blinking_led_tb
Built simulation snapshot blinking_led_tb_func_synth
INFO: [USF-XSim-69] 'elaborate' step finished in '2' seconds
INFO: [USF-XSim-4] XSim::Simulate design
INFO: [USF-XSim-61] Executing 'SIMULATE' step in 'C:/Mac/Home/Documents/GitHub/EEEE4123/Lab3/Lab3.sim/sim_1/synth/func/xsim'
INFO: [USF-XSim-98] *** Running xsim
   with args "blinking_led_tb_func_synth -key {Post-Synthesis:sim_1:Functional:blinking_led_tb} -tclbatch {blinking_led_tb.tcl} -log {simulate.log}"
INFO: [USF-XSim-8] Loading simulator feature
Vivado Simulator 2018.3
Time resolution is 1 ps
source blinking_led_tb.tcl
# set curr_wave [current_wave_config]
# if { [string length $curr_wave] == 0 } {
#   if { [llength [get_objects]] > 0} {
#     add_wave /
#     set_property needs_save false [current_wave_config]
#   } else {
#      send_msg_id Add_Wave-1 WARNING "No top level signals found. Simulator will start without a wave window. If you want to open a wave window go to 'File->New Waveform Configuration' or type 'create_wave_config' in the TCL console."
#   }
# }
# run 1000ns
INFO: [USF-XSim-96] XSim completed. Design snapshot 'blinking_led_tb_func_synth' loaded.
INFO: [USF-XSim-97] XSim simulation ran for 1000ns
launch_simulation: Time (s): cpu = 00:00:02 ; elapsed = 00:00:08 . Memory (MB): peak = 2206.148 ; gain = 0.000
close_sim
INFO: [Simtcl 6-16] Simulation closed
launch_simulation -mode post-synthesis -type functional
INFO: [Vivado 12-5682] Launching post-synthesis functional simulation in 'C:/Mac/Home/Documents/GitHub/EEEE4123/Lab3/Lab3.sim/sim_1/synth/func/xsim'
INFO: [SIM-utils-51] Simulation object is 'sim_1'
INFO: [SIM-utils-24] Writing simulation netlist file for design 'synth_1'...
INFO: [SIM-utils-26] write_vhdl -mode funcsim -nolib -force -file "C:/Mac/Home/Documents/GitHub/EEEE4123/Lab3/Lab3.sim/sim_1/synth/func/xsim/blinking_led_tb_func_synth.vhd"
INFO: [SIM-utils-36] Netlist generated:C:/Mac/Home/Documents/GitHub/EEEE4123/Lab3/Lab3.sim/sim_1/synth/func/xsim/blinking_led_tb_func_synth.vhd
INFO: [SIM-utils-54] Inspecting design source files for 'blinking_led_tb' in fileset 'sim_1'...
INFO: [USF-XSim-2] XSim::Compile design
INFO: [USF-XSim-61] Executing 'COMPILE and ANALYZE' step in 'C:/Mac/Home/Documents/GitHub/EEEE4123/Lab3/Lab3.sim/sim_1/synth/func/xsim'
"xvhdl --incr --relax -prj blinking_led_tb_vhdl.prj"
INFO: [VRFC 10-163] Analyzing VHDL file "//psf/Home/Documents/GitHub/EEEE4123/Lab3/Lab3.sim/sim_1/synth/func/xsim/blinking_led_tb_func_synth.vhd" into library xil_defaultlib
INFO: [VRFC 10-3107] analyzing entity 'counter'
INFO: [VRFC 10-3107] analyzing entity 'blinking_led'
INFO: [VRFC 10-163] Analyzing VHDL file "//psf/Home/Documents/GitHub/EEEE4123/Lab3/Lab3.srcs/sim_1/new/blinking_led_tb.vhd" into library xil_defaultlib
INFO: [VRFC 10-3107] analyzing entity 'blinking_led_tb'
INFO: [USF-XSim-69] 'compile' step finished in '1' seconds
INFO: [USF-XSim-3] XSim::Elaborate design
INFO: [USF-XSim-61] Executing 'ELABORATE' step in 'C:/Mac/Home/Documents/GitHub/EEEE4123/Lab3/Lab3.sim/sim_1/synth/func/xsim'
Vivado Simulator 2018.3
Copyright 1986-1999, 2001-2018 Xilinx, Inc. All Rights Reserved.
Running: C:/Xilinx/Vivado/2018.3/bin/unwrapped/win64.o/xelab.exe -wto d79f2abae2134e00971626f884795195 --incr --debug typical --relax --mt 2 -L xil_defaultlib -L secureip --snapshot blinking_led_tb_func_synth xil_defaultlib.blinking_led_tb -log elaborate.log 
Using 2 slave threads.
Starting static elaboration
Completed static elaboration
Starting simulation data flow analysis
Completed simulation data flow analysis
Time Resolution for simulation is 1ps
Compiling package std.standard
Compiling package std.textio
Compiling package ieee.std_logic_1164
Compiling package ieee.numeric_std
Compiling package unisim.vcomponents
Compiling package ieee.vital_timing
Compiling package ieee.vital_primitives
Compiling package unisim.vpkg
Compiling architecture bufg_v of entity unisim.BUFG [bufg_default]
Compiling architecture ibuf_v of entity unisim.IBUF [\IBUF(1,9)(1,1)(1,4)(1,7)\]
Compiling architecture lut2_v of entity unisim.LUT2 [\LUT2(init="0010")(0,3)\]
Compiling architecture lut2_v of entity unisim.LUT2 [\LUT2(init="0001")(0,3)\]
Compiling architecture carry4_v of entity unisim.CARRY4 [carry4_default]
Compiling architecture lut3_v of entity unisim.LUT3 [\LUT3(init="00000001")(0,7)\]
Compiling architecture lut3_v of entity unisim.LUT3 [\LUT3(init="00000100")(0,7)\]
Compiling architecture lut3_v of entity unisim.LUT3 [\LUT3(init="00100000")(0,7)\]
Compiling architecture fdce_v of entity unisim.FDCE [fdce_default]
Compiling architecture lut2_v of entity unisim.LUT2 [\LUT2(init="0110")(0,3)\]
Compiling architecture structure of entity xil_defaultlib.counter [counter_default]
Compiling architecture obuf_v of entity unisim.OBUF [\OBUF(1,9)(1,7)(1,4)\]
Compiling architecture structure of entity xil_defaultlib.blinking_led [blinking_led_default]
Compiling architecture behavioral of entity xil_defaultlib.blinking_led_tb
Built simulation snapshot blinking_led_tb_func_synth
INFO: [USF-XSim-69] 'elaborate' step finished in '2' seconds
INFO: [USF-XSim-4] XSim::Simulate design
INFO: [USF-XSim-61] Executing 'SIMULATE' step in 'C:/Mac/Home/Documents/GitHub/EEEE4123/Lab3/Lab3.sim/sim_1/synth/func/xsim'
INFO: [USF-XSim-98] *** Running xsim
   with args "blinking_led_tb_func_synth -key {Post-Synthesis:sim_1:Functional:blinking_led_tb} -tclbatch {blinking_led_tb.tcl} -log {simulate.log}"
INFO: [USF-XSim-8] Loading simulator feature
Vivado Simulator 2018.3
Time resolution is 1 ps
source blinking_led_tb.tcl
# set curr_wave [current_wave_config]
# if { [string length $curr_wave] == 0 } {
#   if { [llength [get_objects]] > 0} {
#     add_wave /
#     set_property needs_save false [current_wave_config]
#   } else {
#      send_msg_id Add_Wave-1 WARNING "No top level signals found. Simulator will start without a wave window. If you want to open a wave window go to 'File->New Waveform Configuration' or type 'create_wave_config' in the TCL console."
#   }
# }
# run 1000ns
INFO: [USF-XSim-96] XSim completed. Design snapshot 'blinking_led_tb_func_synth' loaded.
INFO: [USF-XSim-97] XSim simulation ran for 1000ns
launch_simulation: Time (s): cpu = 00:00:02 ; elapsed = 00:00:08 . Memory (MB): peak = 2206.148 ; gain = 0.000
close_sim
INFO: [Simtcl 6-16] Simulation closed
launch_simulation -mode post-synthesis -type functional
INFO: [Vivado 12-5682] Launching post-synthesis functional simulation in 'C:/Mac/Home/Documents/GitHub/EEEE4123/Lab3/Lab3.sim/sim_1/synth/func/xsim'
INFO: [SIM-utils-51] Simulation object is 'sim_1'
INFO: [SIM-utils-24] Writing simulation netlist file for design 'synth_1'...
INFO: [SIM-utils-26] write_vhdl -mode funcsim -nolib -force -file "C:/Mac/Home/Documents/GitHub/EEEE4123/Lab3/Lab3.sim/sim_1/synth/func/xsim/blinking_led_tb_func_synth.vhd"
INFO: [SIM-utils-36] Netlist generated:C:/Mac/Home/Documents/GitHub/EEEE4123/Lab3/Lab3.sim/sim_1/synth/func/xsim/blinking_led_tb_func_synth.vhd
INFO: [SIM-utils-54] Inspecting design source files for 'blinking_led_tb' in fileset 'sim_1'...
INFO: [USF-XSim-2] XSim::Compile design
INFO: [USF-XSim-61] Executing 'COMPILE and ANALYZE' step in 'C:/Mac/Home/Documents/GitHub/EEEE4123/Lab3/Lab3.sim/sim_1/synth/func/xsim'
"xvhdl --incr --relax -prj blinking_led_tb_vhdl.prj"
INFO: [VRFC 10-163] Analyzing VHDL file "//psf/Home/Documents/GitHub/EEEE4123/Lab3/Lab3.sim/sim_1/synth/func/xsim/blinking_led_tb_func_synth.vhd" into library xil_defaultlib
INFO: [VRFC 10-3107] analyzing entity 'counter'
INFO: [VRFC 10-3107] analyzing entity 'blinking_led'
INFO: [VRFC 10-163] Analyzing VHDL file "//psf/Home/Documents/GitHub/EEEE4123/Lab3/Lab3.srcs/sim_1/new/blinking_led_tb.vhd" into library xil_defaultlib
INFO: [VRFC 10-3107] analyzing entity 'blinking_led_tb'
INFO: [USF-XSim-69] 'compile' step finished in '1' seconds
INFO: [USF-XSim-3] XSim::Elaborate design
INFO: [USF-XSim-61] Executing 'ELABORATE' step in 'C:/Mac/Home/Documents/GitHub/EEEE4123/Lab3/Lab3.sim/sim_1/synth/func/xsim'
Vivado Simulator 2018.3
Copyright 1986-1999, 2001-2018 Xilinx, Inc. All Rights Reserved.
Running: C:/Xilinx/Vivado/2018.3/bin/unwrapped/win64.o/xelab.exe -wto d79f2abae2134e00971626f884795195 --incr --debug typical --relax --mt 2 -L xil_defaultlib -L secureip --snapshot blinking_led_tb_func_synth xil_defaultlib.blinking_led_tb -log elaborate.log 
Using 2 slave threads.
Starting static elaboration
Completed static elaboration
Starting simulation data flow analysis
Completed simulation data flow analysis
Time Resolution for simulation is 1ps
Compiling package std.standard
Compiling package std.textio
Compiling package ieee.std_logic_1164
Compiling package ieee.numeric_std
Compiling package unisim.vcomponents
Compiling package ieee.vital_timing
Compiling package ieee.vital_primitives
Compiling package unisim.vpkg
Compiling architecture bufg_v of entity unisim.BUFG [bufg_default]
Compiling architecture ibuf_v of entity unisim.IBUF [\IBUF(1,9)(1,1)(1,4)(1,7)\]
Compiling architecture lut2_v of entity unisim.LUT2 [\LUT2(init="0010")(0,3)\]
Compiling architecture lut2_v of entity unisim.LUT2 [\LUT2(init="0001")(0,3)\]
Compiling architecture carry4_v of entity unisim.CARRY4 [carry4_default]
Compiling architecture lut3_v of entity unisim.LUT3 [\LUT3(init="00000001")(0,7)\]
Compiling architecture lut3_v of entity unisim.LUT3 [\LUT3(init="00000100")(0,7)\]
Compiling architecture lut3_v of entity unisim.LUT3 [\LUT3(init="00100000")(0,7)\]
Compiling architecture fdce_v of entity unisim.FDCE [fdce_default]
Compiling architecture lut2_v of entity unisim.LUT2 [\LUT2(init="0110")(0,3)\]
Compiling architecture structure of entity xil_defaultlib.counter [counter_default]
Compiling architecture obuf_v of entity unisim.OBUF [\OBUF(1,9)(1,7)(1,4)\]
Compiling architecture structure of entity xil_defaultlib.blinking_led [blinking_led_default]
Compiling architecture behavioral of entity xil_defaultlib.blinking_led_tb
Built simulation snapshot blinking_led_tb_func_synth
INFO: [USF-XSim-69] 'elaborate' step finished in '2' seconds
INFO: [USF-XSim-4] XSim::Simulate design
INFO: [USF-XSim-61] Executing 'SIMULATE' step in 'C:/Mac/Home/Documents/GitHub/EEEE4123/Lab3/Lab3.sim/sim_1/synth/func/xsim'
INFO: [USF-XSim-98] *** Running xsim
   with args "blinking_led_tb_func_synth -key {Post-Synthesis:sim_1:Functional:blinking_led_tb} -tclbatch {blinking_led_tb.tcl} -log {simulate.log}"
INFO: [USF-XSim-8] Loading simulator feature
Vivado Simulator 2018.3
Time resolution is 1 ps
source blinking_led_tb.tcl
# set curr_wave [current_wave_config]
# if { [string length $curr_wave] == 0 } {
#   if { [llength [get_objects]] > 0} {
#     add_wave /
#     set_property needs_save false [current_wave_config]
#   } else {
#      send_msg_id Add_Wave-1 WARNING "No top level signals found. Simulator will start without a wave window. If you want to open a wave window go to 'File->New Waveform Configuration' or type 'create_wave_config' in the TCL console."
#   }
# }
# run 1000ns
INFO: [USF-XSim-96] XSim completed. Design snapshot 'blinking_led_tb_func_synth' loaded.
INFO: [USF-XSim-97] XSim simulation ran for 1000ns
launch_simulation: Time (s): cpu = 00:00:02 ; elapsed = 00:00:07 . Memory (MB): peak = 2206.148 ; gain = 0.000
close_sim
INFO: [Simtcl 6-16] Simulation closed
launch_simulation -mode post-synthesis -type functional
INFO: [Vivado 12-5682] Launching post-synthesis functional simulation in 'C:/Mac/Home/Documents/GitHub/EEEE4123/Lab3/Lab3.sim/sim_1/synth/func/xsim'
INFO: [SIM-utils-51] Simulation object is 'sim_1'
INFO: [SIM-utils-24] Writing simulation netlist file for design 'synth_1'...
INFO: [SIM-utils-26] write_vhdl -mode funcsim -nolib -force -file "C:/Mac/Home/Documents/GitHub/EEEE4123/Lab3/Lab3.sim/sim_1/synth/func/xsim/blinking_led_tb_func_synth.vhd"
INFO: [SIM-utils-36] Netlist generated:C:/Mac/Home/Documents/GitHub/EEEE4123/Lab3/Lab3.sim/sim_1/synth/func/xsim/blinking_led_tb_func_synth.vhd
INFO: [SIM-utils-54] Inspecting design source files for 'blinking_led_tb' in fileset 'sim_1'...
INFO: [USF-XSim-2] XSim::Compile design
INFO: [USF-XSim-61] Executing 'COMPILE and ANALYZE' step in 'C:/Mac/Home/Documents/GitHub/EEEE4123/Lab3/Lab3.sim/sim_1/synth/func/xsim'
"xvhdl --incr --relax -prj blinking_led_tb_vhdl.prj"
INFO: [VRFC 10-163] Analyzing VHDL file "//psf/Home/Documents/GitHub/EEEE4123/Lab3/Lab3.sim/sim_1/synth/func/xsim/blinking_led_tb_func_synth.vhd" into library xil_defaultlib
INFO: [VRFC 10-3107] analyzing entity 'counter'
INFO: [VRFC 10-3107] analyzing entity 'blinking_led'
INFO: [VRFC 10-163] Analyzing VHDL file "//psf/Home/Documents/GitHub/EEEE4123/Lab3/Lab3.srcs/sim_1/new/blinking_led_tb.vhd" into library xil_defaultlib
INFO: [VRFC 10-3107] analyzing entity 'blinking_led_tb'
INFO: [USF-XSim-69] 'compile' step finished in '2' seconds
INFO: [USF-XSim-3] XSim::Elaborate design
INFO: [USF-XSim-61] Executing 'ELABORATE' step in 'C:/Mac/Home/Documents/GitHub/EEEE4123/Lab3/Lab3.sim/sim_1/synth/func/xsim'
Vivado Simulator 2018.3
Copyright 1986-1999, 2001-2018 Xilinx, Inc. All Rights Reserved.
Running: C:/Xilinx/Vivado/2018.3/bin/unwrapped/win64.o/xelab.exe -wto d79f2abae2134e00971626f884795195 --incr --debug typical --relax --mt 2 -L xil_defaultlib -L secureip --snapshot blinking_led_tb_func_synth xil_defaultlib.blinking_led_tb -log elaborate.log 
Using 2 slave threads.
Starting static elaboration
Completed static elaboration
Starting simulation data flow analysis
Completed simulation data flow analysis
Time Resolution for simulation is 1ps
Compiling package std.standard
Compiling package std.textio
Compiling package ieee.std_logic_1164
Compiling package ieee.numeric_std
Compiling package unisim.vcomponents
Compiling package ieee.vital_timing
Compiling package ieee.vital_primitives
Compiling package unisim.vpkg
Compiling architecture bufg_v of entity unisim.BUFG [bufg_default]
Compiling architecture ibuf_v of entity unisim.IBUF [\IBUF(1,9)(1,1)(1,4)(1,7)\]
Compiling architecture lut2_v of entity unisim.LUT2 [\LUT2(init="0010")(0,3)\]
Compiling architecture lut2_v of entity unisim.LUT2 [\LUT2(init="0001")(0,3)\]
Compiling architecture carry4_v of entity unisim.CARRY4 [carry4_default]
Compiling architecture lut3_v of entity unisim.LUT3 [\LUT3(init="00000001")(0,7)\]
Compiling architecture lut3_v of entity unisim.LUT3 [\LUT3(init="00000100")(0,7)\]
Compiling architecture lut3_v of entity unisim.LUT3 [\LUT3(init="00100000")(0,7)\]
Compiling architecture fdce_v of entity unisim.FDCE [fdce_default]
Compiling architecture lut2_v of entity unisim.LUT2 [\LUT2(init="0110")(0,3)\]
Compiling architecture structure of entity xil_defaultlib.counter [counter_default]
Compiling architecture obuf_v of entity unisim.OBUF [\OBUF(1,9)(1,7)(1,4)\]
Compiling architecture structure of entity xil_defaultlib.blinking_led [blinking_led_default]
Compiling architecture behavioral of entity xil_defaultlib.blinking_led_tb
Built simulation snapshot blinking_led_tb_func_synth
INFO: [USF-XSim-69] 'elaborate' step finished in '2' seconds
INFO: [USF-XSim-4] XSim::Simulate design
INFO: [USF-XSim-61] Executing 'SIMULATE' step in 'C:/Mac/Home/Documents/GitHub/EEEE4123/Lab3/Lab3.sim/sim_1/synth/func/xsim'
INFO: [USF-XSim-98] *** Running xsim
   with args "blinking_led_tb_func_synth -key {Post-Synthesis:sim_1:Functional:blinking_led_tb} -tclbatch {blinking_led_tb.tcl} -log {simulate.log}"
INFO: [USF-XSim-8] Loading simulator feature
Vivado Simulator 2018.3
Time resolution is 1 ps
source blinking_led_tb.tcl
# set curr_wave [current_wave_config]
# if { [string length $curr_wave] == 0 } {
#   if { [llength [get_objects]] > 0} {
#     add_wave /
#     set_property needs_save false [current_wave_config]
#   } else {
#      send_msg_id Add_Wave-1 WARNING "No top level signals found. Simulator will start without a wave window. If you want to open a wave window go to 'File->New Waveform Configuration' or type 'create_wave_config' in the TCL console."
#   }
# }
# run 1000ns
INFO: [USF-XSim-96] XSim completed. Design snapshot 'blinking_led_tb_func_synth' loaded.
INFO: [USF-XSim-97] XSim simulation ran for 1000ns
launch_simulation: Time (s): cpu = 00:00:02 ; elapsed = 00:00:08 . Memory (MB): peak = 2206.148 ; gain = 0.000
close_sim
INFO: [Simtcl 6-16] Simulation closed
launch_simulation -mode post-synthesis -type functional
INFO: [Vivado 12-5682] Launching post-synthesis functional simulation in 'C:/Mac/Home/Documents/GitHub/EEEE4123/Lab3/Lab3.sim/sim_1/synth/func/xsim'
INFO: [SIM-utils-51] Simulation object is 'sim_1'
INFO: [SIM-utils-24] Writing simulation netlist file for design 'synth_1'...
INFO: [SIM-utils-26] write_vhdl -mode funcsim -nolib -force -file "C:/Mac/Home/Documents/GitHub/EEEE4123/Lab3/Lab3.sim/sim_1/synth/func/xsim/blinking_led_tb_func_synth.vhd"
INFO: [SIM-utils-36] Netlist generated:C:/Mac/Home/Documents/GitHub/EEEE4123/Lab3/Lab3.sim/sim_1/synth/func/xsim/blinking_led_tb_func_synth.vhd
INFO: [SIM-utils-54] Inspecting design source files for 'blinking_led_tb' in fileset 'sim_1'...
INFO: [USF-XSim-2] XSim::Compile design
INFO: [USF-XSim-61] Executing 'COMPILE and ANALYZE' step in 'C:/Mac/Home/Documents/GitHub/EEEE4123/Lab3/Lab3.sim/sim_1/synth/func/xsim'
"xvhdl --incr --relax -prj blinking_led_tb_vhdl.prj"
INFO: [VRFC 10-163] Analyzing VHDL file "//psf/Home/Documents/GitHub/EEEE4123/Lab3/Lab3.sim/sim_1/synth/func/xsim/blinking_led_tb_func_synth.vhd" into library xil_defaultlib
INFO: [VRFC 10-3107] analyzing entity 'counter'
INFO: [VRFC 10-3107] analyzing entity 'blinking_led'
INFO: [VRFC 10-163] Analyzing VHDL file "//psf/Home/Documents/GitHub/EEEE4123/Lab3/Lab3.srcs/sim_1/new/blinking_led_tb.vhd" into library xil_defaultlib
INFO: [VRFC 10-3107] analyzing entity 'blinking_led_tb'
INFO: [USF-XSim-69] 'compile' step finished in '1' seconds
INFO: [USF-XSim-3] XSim::Elaborate design
INFO: [USF-XSim-61] Executing 'ELABORATE' step in 'C:/Mac/Home/Documents/GitHub/EEEE4123/Lab3/Lab3.sim/sim_1/synth/func/xsim'
Vivado Simulator 2018.3
Copyright 1986-1999, 2001-2018 Xilinx, Inc. All Rights Reserved.
Running: C:/Xilinx/Vivado/2018.3/bin/unwrapped/win64.o/xelab.exe -wto d79f2abae2134e00971626f884795195 --incr --debug typical --relax --mt 2 -L xil_defaultlib -L secureip --snapshot blinking_led_tb_func_synth xil_defaultlib.blinking_led_tb -log elaborate.log 
Using 2 slave threads.
Starting static elaboration
Completed static elaboration
Starting simulation data flow analysis
Completed simulation data flow analysis
Time Resolution for simulation is 1ps
Compiling package std.standard
Compiling package std.textio
Compiling package ieee.std_logic_1164
Compiling package ieee.numeric_std
Compiling package unisim.vcomponents
Compiling package ieee.vital_timing
Compiling package ieee.vital_primitives
Compiling package unisim.vpkg
Compiling architecture bufg_v of entity unisim.BUFG [bufg_default]
Compiling architecture ibuf_v of entity unisim.IBUF [\IBUF(1,9)(1,1)(1,4)(1,7)\]
Compiling architecture lut2_v of entity unisim.LUT2 [\LUT2(init="0010")(0,3)\]
Compiling architecture lut2_v of entity unisim.LUT2 [\LUT2(init="0001")(0,3)\]
Compiling architecture carry4_v of entity unisim.CARRY4 [carry4_default]
Compiling architecture lut3_v of entity unisim.LUT3 [\LUT3(init="00000001")(0,7)\]
Compiling architecture lut3_v of entity unisim.LUT3 [\LUT3(init="00000100")(0,7)\]
Compiling architecture lut3_v of entity unisim.LUT3 [\LUT3(init="00100000")(0,7)\]
Compiling architecture fdce_v of entity unisim.FDCE [fdce_default]
Compiling architecture lut2_v of entity unisim.LUT2 [\LUT2(init="0110")(0,3)\]
Compiling architecture structure of entity xil_defaultlib.counter [counter_default]
Compiling architecture obuf_v of entity unisim.OBUF [\OBUF(1,9)(1,7)(1,4)\]
Compiling architecture structure of entity xil_defaultlib.blinking_led [blinking_led_default]
Compiling architecture behavioral of entity xil_defaultlib.blinking_led_tb
Built simulation snapshot blinking_led_tb_func_synth
INFO: [USF-XSim-69] 'elaborate' step finished in '2' seconds
INFO: [USF-XSim-4] XSim::Simulate design
INFO: [USF-XSim-61] Executing 'SIMULATE' step in 'C:/Mac/Home/Documents/GitHub/EEEE4123/Lab3/Lab3.sim/sim_1/synth/func/xsim'
INFO: [USF-XSim-98] *** Running xsim
   with args "blinking_led_tb_func_synth -key {Post-Synthesis:sim_1:Functional:blinking_led_tb} -tclbatch {blinking_led_tb.tcl} -log {simulate.log}"
INFO: [USF-XSim-8] Loading simulator feature
Vivado Simulator 2018.3
Time resolution is 1 ps
source blinking_led_tb.tcl
# set curr_wave [current_wave_config]
# if { [string length $curr_wave] == 0 } {
#   if { [llength [get_objects]] > 0} {
#     add_wave /
#     set_property needs_save false [current_wave_config]
#   } else {
#      send_msg_id Add_Wave-1 WARNING "No top level signals found. Simulator will start without a wave window. If you want to open a wave window go to 'File->New Waveform Configuration' or type 'create_wave_config' in the TCL console."
#   }
# }
# run 1000ns
INFO: [USF-XSim-96] XSim completed. Design snapshot 'blinking_led_tb_func_synth' loaded.
INFO: [USF-XSim-97] XSim simulation ran for 1000ns
launch_simulation: Time (s): cpu = 00:00:03 ; elapsed = 00:00:08 . Memory (MB): peak = 2206.148 ; gain = 0.000
run 5 us
run 1 s
run: Time (s): cpu = 00:00:04 ; elapsed = 00:00:12 . Memory (MB): peak = 2206.148 ; gain = 0.000
run 1 s
run: Time (s): cpu = 00:00:02 ; elapsed = 00:00:12 . Memory (MB): peak = 2206.148 ; gain = 0.000
close_sim
INFO: [Simtcl 6-16] Simulation closed
launch_simulation -mode post-synthesis -type functional
INFO: [Vivado 12-5682] Launching post-synthesis functional simulation in 'C:/Mac/Home/Documents/GitHub/EEEE4123/Lab3/Lab3.sim/sim_1/synth/func/xsim'
INFO: [SIM-utils-51] Simulation object is 'sim_1'
INFO: [SIM-utils-24] Writing simulation netlist file for design 'synth_1'...
INFO: [SIM-utils-26] write_vhdl -mode funcsim -nolib -force -file "C:/Mac/Home/Documents/GitHub/EEEE4123/Lab3/Lab3.sim/sim_1/synth/func/xsim/blinking_led_tb_func_synth.vhd"
INFO: [SIM-utils-36] Netlist generated:C:/Mac/Home/Documents/GitHub/EEEE4123/Lab3/Lab3.sim/sim_1/synth/func/xsim/blinking_led_tb_func_synth.vhd
INFO: [SIM-utils-54] Inspecting design source files for 'blinking_led_tb' in fileset 'sim_1'...
INFO: [USF-XSim-2] XSim::Compile design
INFO: [USF-XSim-61] Executing 'COMPILE and ANALYZE' step in 'C:/Mac/Home/Documents/GitHub/EEEE4123/Lab3/Lab3.sim/sim_1/synth/func/xsim'
"xvhdl --incr --relax -prj blinking_led_tb_vhdl.prj"
INFO: [VRFC 10-163] Analyzing VHDL file "//psf/Home/Documents/GitHub/EEEE4123/Lab3/Lab3.sim/sim_1/synth/func/xsim/blinking_led_tb_func_synth.vhd" into library xil_defaultlib
INFO: [VRFC 10-3107] analyzing entity 'counter'
INFO: [VRFC 10-3107] analyzing entity 'blinking_led'
INFO: [VRFC 10-163] Analyzing VHDL file "//psf/Home/Documents/GitHub/EEEE4123/Lab3/Lab3.srcs/sim_1/new/blinking_led_tb.vhd" into library xil_defaultlib
INFO: [VRFC 10-3107] analyzing entity 'blinking_led_tb'
INFO: [USF-XSim-69] 'compile' step finished in '1' seconds
INFO: [USF-XSim-3] XSim::Elaborate design
INFO: [USF-XSim-61] Executing 'ELABORATE' step in 'C:/Mac/Home/Documents/GitHub/EEEE4123/Lab3/Lab3.sim/sim_1/synth/func/xsim'
Vivado Simulator 2018.3
Copyright 1986-1999, 2001-2018 Xilinx, Inc. All Rights Reserved.
Running: C:/Xilinx/Vivado/2018.3/bin/unwrapped/win64.o/xelab.exe -wto d79f2abae2134e00971626f884795195 --incr --debug typical --relax --mt 2 -L xil_defaultlib -L secureip --snapshot blinking_led_tb_func_synth xil_defaultlib.blinking_led_tb -log elaborate.log 
Using 2 slave threads.
Starting static elaboration
Completed static elaboration
Starting simulation data flow analysis
Completed simulation data flow analysis
Time Resolution for simulation is 1ps
Compiling package std.standard
Compiling package std.textio
Compiling package ieee.std_logic_1164
Compiling package ieee.numeric_std
Compiling package unisim.vcomponents
Compiling package ieee.vital_timing
Compiling package ieee.vital_primitives
Compiling package unisim.vpkg
Compiling architecture bufg_v of entity unisim.BUFG [bufg_default]
Compiling architecture ibuf_v of entity unisim.IBUF [\IBUF(1,9)(1,1)(1,4)(1,7)\]
Compiling architecture lut2_v of entity unisim.LUT2 [\LUT2(init="0010")(0,3)\]
Compiling architecture lut2_v of entity unisim.LUT2 [\LUT2(init="0001")(0,3)\]
Compiling architecture carry4_v of entity unisim.CARRY4 [carry4_default]
Compiling architecture lut3_v of entity unisim.LUT3 [\LUT3(init="00000001")(0,7)\]
Compiling architecture lut3_v of entity unisim.LUT3 [\LUT3(init="00000100")(0,7)\]
Compiling architecture lut3_v of entity unisim.LUT3 [\LUT3(init="00100000")(0,7)\]
Compiling architecture fdce_v of entity unisim.FDCE [fdce_default]
Compiling architecture lut2_v of entity unisim.LUT2 [\LUT2(init="0110")(0,3)\]
Compiling architecture structure of entity xil_defaultlib.counter [counter_default]
Compiling architecture obuf_v of entity unisim.OBUF [\OBUF(1,9)(1,7)(1,4)\]
Compiling architecture structure of entity xil_defaultlib.blinking_led [blinking_led_default]
Compiling architecture behavioral of entity xil_defaultlib.blinking_led_tb
Built simulation snapshot blinking_led_tb_func_synth
INFO: [USF-XSim-69] 'elaborate' step finished in '2' seconds
INFO: [USF-XSim-4] XSim::Simulate design
INFO: [USF-XSim-61] Executing 'SIMULATE' step in 'C:/Mac/Home/Documents/GitHub/EEEE4123/Lab3/Lab3.sim/sim_1/synth/func/xsim'
INFO: [USF-XSim-98] *** Running xsim
   with args "blinking_led_tb_func_synth -key {Post-Synthesis:sim_1:Functional:blinking_led_tb} -tclbatch {blinking_led_tb.tcl} -log {simulate.log}"
INFO: [USF-XSim-8] Loading simulator feature
Vivado Simulator 2018.3
Time resolution is 1 ps
source blinking_led_tb.tcl
# set curr_wave [current_wave_config]
# if { [string length $curr_wave] == 0 } {
#   if { [llength [get_objects]] > 0} {
#     add_wave /
#     set_property needs_save false [current_wave_config]
#   } else {
#      send_msg_id Add_Wave-1 WARNING "No top level signals found. Simulator will start without a wave window. If you want to open a wave window go to 'File->New Waveform Configuration' or type 'create_wave_config' in the TCL console."
#   }
# }
# run 1000ns
INFO: [USF-XSim-96] XSim completed. Design snapshot 'blinking_led_tb_func_synth' loaded.
INFO: [USF-XSim-97] XSim simulation ran for 1000ns
launch_simulation: Time (s): cpu = 00:00:02 ; elapsed = 00:00:07 . Memory (MB): peak = 2206.148 ; gain = 0.000
run 1 s
run: Time (s): cpu = 00:00:04 ; elapsed = 00:00:12 . Memory (MB): peak = 2206.148 ; gain = 0.000
reset_run synth_1
WARNING: [Vivado 12-1017] Problems encountered:
1. Failed to delete one or more files in run directory C:/Mac/Home/Documents/GitHub/EEEE4123/Lab3/Lab3.runs/synth_1

launch_runs synth_1 -jobs 2
[Mon Feb 16 22:39:48 2026] Launched synth_1...
Run output will be captured here: C:/Mac/Home/Documents/GitHub/EEEE4123/Lab3/Lab3.runs/synth_1/runme.log
close_sim
INFO: [Simtcl 6-16] Simulation closed
close_design
launch_simulation -mode post-synthesis -type functional
INFO: [Vivado 12-5682] Launching post-synthesis functional simulation in 'C:/Mac/Home/Documents/GitHub/EEEE4123/Lab3/Lab3.sim/sim_1/synth/func/xsim'
INFO: [SIM-utils-51] Simulation object is 'sim_1'
Design is defaulting to impl run constrset: constrs_1
Design is defaulting to synth run part: xc7a15tcpg236-1
INFO: [Netlist 29-17] Analyzing 11 Unisim elements for replacement
INFO: [Netlist 29-28] Unisim Transformation completed in 0 CPU seconds
INFO: [Project 1-479] Netlist was created with Vivado 2018.3
INFO: [Project 1-570] Preparing netlist for logic optimization
INFO: [Opt 31-138] Pushed 0 inverter(s) to 0 load pin(s).
Netlist sorting complete. Time (s): cpu = 00:00:00 ; elapsed = 00:00:00 . Memory (MB): peak = 2206.148 ; gain = 0.000
INFO: [Project 1-111] Unisim Transformation Summary:
No Unisim elements were transformed.

INFO: [SIM-utils-24] Writing simulation netlist file for design 'synth_1'...
INFO: [SIM-utils-26] write_vhdl -mode funcsim -nolib -force -file "C:/Mac/Home/Documents/GitHub/EEEE4123/Lab3/Lab3.sim/sim_1/synth/func/xsim/blinking_led_tb_func_synth.vhd"
INFO: [SIM-utils-36] Netlist generated:C:/Mac/Home/Documents/GitHub/EEEE4123/Lab3/Lab3.sim/sim_1/synth/func/xsim/blinking_led_tb_func_synth.vhd
INFO: [SIM-utils-54] Inspecting design source files for 'blinking_led_tb' in fileset 'sim_1'...
INFO: [USF-XSim-2] XSim::Compile design
INFO: [USF-XSim-61] Executing 'COMPILE and ANALYZE' step in 'C:/Mac/Home/Documents/GitHub/EEEE4123/Lab3/Lab3.sim/sim_1/synth/func/xsim'
"xvhdl --incr --relax -prj blinking_led_tb_vhdl.prj"
INFO: [VRFC 10-163] Analyzing VHDL file "//psf/Home/Documents/GitHub/EEEE4123/Lab3/Lab3.sim/sim_1/synth/func/xsim/blinking_led_tb_func_synth.vhd" into library xil_defaultlib
INFO: [VRFC 10-3107] analyzing entity 'counter'
INFO: [VRFC 10-3107] analyzing entity 'blinking_led'
INFO: [VRFC 10-163] Analyzing VHDL file "//psf/Home/Documents/GitHub/EEEE4123/Lab3/Lab3.srcs/sim_1/new/blinking_led_tb.vhd" into library xil_defaultlib
INFO: [VRFC 10-3107] analyzing entity 'blinking_led_tb'
INFO: [USF-XSim-69] 'compile' step finished in '2' seconds
INFO: [USF-XSim-3] XSim::Elaborate design
INFO: [USF-XSim-61] Executing 'ELABORATE' step in 'C:/Mac/Home/Documents/GitHub/EEEE4123/Lab3/Lab3.sim/sim_1/synth/func/xsim'
Vivado Simulator 2018.3
Copyright 1986-1999, 2001-2018 Xilinx, Inc. All Rights Reserved.
Running: C:/Xilinx/Vivado/2018.3/bin/unwrapped/win64.o/xelab.exe -wto d79f2abae2134e00971626f884795195 --incr --debug typical --relax --mt 2 -L xil_defaultlib -L secureip --snapshot blinking_led_tb_func_synth xil_defaultlib.blinking_led_tb -log elaborate.log 
Using 2 slave threads.
Starting static elaboration
Completed static elaboration
Starting simulation data flow analysis
Completed simulation data flow analysis
Time Resolution for simulation is 1ps
Compiling package std.standard
Compiling package std.textio
Compiling package ieee.std_logic_1164
Compiling package ieee.numeric_std
Compiling package unisim.vcomponents
Compiling package ieee.vital_timing
Compiling package ieee.vital_primitives
Compiling package unisim.vpkg
Compiling architecture bufg_v of entity unisim.BUFG [bufg_default]
Compiling architecture ibuf_v of entity unisim.IBUF [\IBUF(1,9)(1,1)(1,4)(1,7)\]
Compiling architecture lut2_v of entity unisim.LUT2 [\LUT2(init="0010")(0,3)\]
Compiling architecture lut2_v of entity unisim.LUT2 [\LUT2(init="0001")(0,3)\]
Compiling architecture carry4_v of entity unisim.CARRY4 [carry4_default]
Compiling architecture lut3_v of entity unisim.LUT3 [\LUT3(init="00000001")(0,7)\]
Compiling architecture lut3_v of entity unisim.LUT3 [\LUT3(init="00000010")(0,7)\]
Compiling architecture lut3_v of entity unisim.LUT3 [\LUT3(init="10000000")(0,7)\]
Compiling architecture lut3_v of entity unisim.LUT3 [\LUT3(init="00000100")(0,7)\]
Compiling architecture lut3_v of entity unisim.LUT3 [\LUT3(init="00100000")(0,7)\]
Compiling architecture fdce_v of entity unisim.FDCE [fdce_default]
Compiling architecture lut2_v of entity unisim.LUT2 [\LUT2(init="0110")(0,3)\]
Compiling architecture structure of entity xil_defaultlib.counter [counter_default]
Compiling architecture obuf_v of entity unisim.OBUF [\OBUF(1,9)(1,7)(1,4)\]
Compiling architecture structure of entity xil_defaultlib.blinking_led [blinking_led_default]
Compiling architecture behavioral of entity xil_defaultlib.blinking_led_tb
Built simulation snapshot blinking_led_tb_func_synth
INFO: [USF-XSim-69] 'elaborate' step finished in '2' seconds
INFO: [USF-XSim-4] XSim::Simulate design
INFO: [USF-XSim-61] Executing 'SIMULATE' step in 'C:/Mac/Home/Documents/GitHub/EEEE4123/Lab3/Lab3.sim/sim_1/synth/func/xsim'
INFO: [USF-XSim-98] *** Running xsim
   with args "blinking_led_tb_func_synth -key {Post-Synthesis:sim_1:Functional:blinking_led_tb} -tclbatch {blinking_led_tb.tcl} -log {simulate.log}"
INFO: [USF-XSim-8] Loading simulator feature
Vivado Simulator 2018.3
Time resolution is 1 ps
source blinking_led_tb.tcl
# set curr_wave [current_wave_config]
# if { [string length $curr_wave] == 0 } {
#   if { [llength [get_objects]] > 0} {
#     add_wave /
#     set_property needs_save false [current_wave_config]
#   } else {
#      send_msg_id Add_Wave-1 WARNING "No top level signals found. Simulator will start without a wave window. If you want to open a wave window go to 'File->New Waveform Configuration' or type 'create_wave_config' in the TCL console."
#   }
# }
# run 1000ns
INFO: [USF-XSim-96] XSim completed. Design snapshot 'blinking_led_tb_func_synth' loaded.
INFO: [USF-XSim-97] XSim simulation ran for 1000ns
launch_simulation: Time (s): cpu = 00:00:07 ; elapsed = 00:00:12 . Memory (MB): peak = 2206.148 ; gain = 0.000
run 1 ms
run 1 s
run: Time (s): cpu = 00:00:04 ; elapsed = 00:00:11 . Memory (MB): peak = 2206.148 ; gain = 0.000
run 1 s
run: Time (s): cpu = 00:00:03 ; elapsed = 00:00:11 . Memory (MB): peak = 2206.148 ; gain = 0.000
run 3 s
run: Time (s): cpu = 00:00:07 ; elapsed = 00:00:33 . Memory (MB): peak = 2206.148 ; gain = 0.000
close_sim
INFO: [Simtcl 6-16] Simulation closed
close_sim
INFO: [Simtcl 6-16] Simulation closed
exit
INFO: [Common 17-206] Exiting Vivado at Mon Feb 16 22:49:16 2026...
